===== CONFIGURATION =====
=== MODULE LOADS ===
Loading cs402-mpi
  Loading requirement: gcc9
=== ENVIRONMENT VARIABLES ===
OMP_NUM_THREADS=2
=== CPU ARCHITECTURE ===
Architecture:        x86_64
CPU op-mode(s):      32-bit, 64-bit
Byte Order:          Little Endian
CPU(s):              40
On-line CPU(s) list: 0-39
Thread(s) per core:  2
Core(s) per socket:  10
Socket(s):           2
NUMA node(s):        2
Vendor ID:           GenuineIntel
CPU family:          6
Model:               63
Model name:          Intel(R) Xeon(R) CPU E5-2660 v3 @ 2.60GHz
Stepping:            2
CPU MHz:             3300.000
CPU max MHz:         3300.0000
CPU min MHz:         1200.0000
BogoMIPS:            5200.12
Virtualization:      VT-x
L1d cache:           32K
L1i cache:           32K
L2 cache:            256K
L3 cache:            25600K
NUMA node0 CPU(s):   0-9,20-29
NUMA node1 CPU(s):   10-19,30-39
Flags:               fpu vme de pse tsc msr pae mce cx8 apic sep mtrr pge mca cmov pat pse36 clflush dts acpi mmx fxsr sse sse2 ss ht tm pbe syscall nx pdpe1gb rdtscp lm constant_tsc arch_perfmon pebs bts rep_good nopl xtopology nonstop_tsc cpuid aperfmperf pni pclmulqdq dtes64 monitor ds_cpl vmx smx est tm2 ssse3 sdbg fma cx16 xtpr pdcm pcid dca sse4_1 sse4_2 x2apic movbe popcnt tsc_deadline_timer aes xsave avx f16c rdrand lahf_lm abm cpuid_fault epb invpcid_single pti intel_ppin ssbd ibrs ibpb stibp tpr_shadow vnmi flexpriority ept vpid ept_ad fsgsbase tsc_adjust bmi1 avx2 smep bmi2 erms invpcid cqm xsaveopt cqm_llc cqm_occup_llc dtherm ida arat pln pts md_clear flush_l1d
=== SLURM CONFIG ===
JobId=904862 JobName=cpp-hybrid07cdeuep.sbatch
   UserId=u2006527(38259) GroupId=dcsugrad(301) MCS_label=N/A
   Priority=4294686419 Nice=0 Account=ug QOS=normal
   JobState=RUNNING Reason=None Dependency=(null)
   Requeue=1 Restarts=0 BatchFlag=1 Reboot=0 ExitCode=0:0
   RunTime=00:00:00 TimeLimit=2-00:00:00 TimeMin=N/A
   SubmitTime=2024-04-13T20:37:28 EligibleTime=2024-04-13T20:38:22
   AccrueTime=2024-04-13T20:38:22
   StartTime=2024-04-13T20:40:29 EndTime=2024-04-15T20:40:29 Deadline=N/A
   SuspendTime=None SecsPreSuspend=0 LastSchedEval=2024-04-13T20:40:29
   Partition=cpu-batch AllocNode:Sid=kudu:1724362
   ReqNodeList=(null) ExcNodeList=(null)
   NodeList=emu-38
   BatchHost=emu-38
   NumNodes=1 NumCPUs=32 NumTasks=16 CPUs/Task=2 ReqB:S:C:T=0:0:*:*
   TRES=cpu=32,mem=40000M,node=1,billing=32
   Socks/Node=* NtasksPerN:B:S:C=0:0:*:* CoreSpec=*
   MinCPUsNode=2 MinMemoryNode=40000M MinTmpDiskNode=0
   Features=(null) DelayBoot=00:00:00
   OverSubscribe=MCS Contiguous=0 Licenses=(null) Network=(null)
   Command=/dcs/20/u2006527/Desktop/project/hpccg-rs/hpc-multibench/cpp-hybrid07cdeuep.sbatch
   WorkDir=/dcs/20/u2006527/Desktop/project/hpccg-rs/hpc-multibench
   StdErr=/dcs/20/u2006527/Desktop/project/hpccg-rs/hpc-multibench/results/strong-scaling-multi-nodal/cpp-hybrid__904862.out
   StdIn=/dev/null
   StdOut=/dcs/20/u2006527/Desktop/project/hpccg-rs/hpc-multibench/results/strong-scaling-multi-nodal/cpp-hybrid__904862.out
   Power=
   NtasksPerTRES:0

=== RUN INSTANTIATION ===
{args: 64 64 128, sbatch_config: {ntasks: 8}}

===== BUILD =====
run configuration was pre-built

===== RUN =====
--------------------------------------------------------------------------
WARNING: There is at least non-excluded one OpenFabrics device found,
but there are no active ports detected (or Open MPI was unable to use
them).  This is most certainly not what you wanted.  Check your
cables, subnet manager configuration, etc.  The openib BTL will be
ignored for this job.

  Local host: emu-38
--------------------------------------------------------------------------
Initial Residual = 7848.55
Iteration = 15   Residual = 101.163
Iteration = 30   Residual = 0.566859
Iteration = 45   Residual = 0.00154159
Iteration = 60   Residual = 9.37119e-06
Iteration = 75   Residual = 4.1692e-08
Iteration = 90   Residual = 2.71666e-10
Iteration = 105   Residual = 1.73593e-12
[emu-38:466497] 15 more processes have sent help message help-mpi-btl-openib.txt / no active ports found
[emu-38:466497] Set MCA parameter "orte_base_help_aggregate" to 0 to see all help / error messages
Iteration = 120   Residual = 9.10284e-15
Iteration = 135   Residual = 5.85073e-17
Iteration = 149   Residual = 5.15116e-19
Mini-Application Name: hpccg
Mini-Application Version: 1.0
Parallelism: 
  Number of MPI ranks: 16
  Number of OpenMP threads: 2
Dimensions: 
  nx: 64
  ny: 64
  nz: 128
Number of iterations: 149
Final residual: 5.15116e-19
#********** Performance Summary (times in sec) ***********: 
Time Summary: 
  Total   : 6.44791
  DDOT    : 0.325671
  WAXPBY  : 0.946696
  SPARSEMV: 5.16146
FLOPS Summary: 
  Total   : 7.99938e+10
  DDOT    : 4.99961e+09
  WAXPBY  : 7.49942e+09
  SPARSEMV: 6.74947e+10
MFLOPS Summary: 
  Total   : 12406.2
  DDOT    : 15351.7
  WAXPBY  : 7921.68
  SPARSEMV: 13076.7
DDOT Timing Variations: 
  Min DDOT MPI_Allreduce time: 0.0235606
  Max DDOT MPI_Allreduce time: 2.69719
  Avg DDOT MPI_Allreduce time: 1.02625
SPARSEMV OVERHEADS: 
  SPARSEMV MFLOPS W OVERHEAD: 12942.9
  SPARSEMV PARALLEL OVERHEAD Time: 0.0533359
  SPARSEMV PARALLEL OVERHEAD Pct: 1.02278
  SPARSEMV PARALLEL OVERHEAD Setup Time: 0.042859
  SPARSEMV PARALLEL OVERHEAD Setup Pct: 0.821874
  SPARSEMV PARALLEL OVERHEAD Bdry Exch Time: 0.0104769
  SPARSEMV PARALLEL OVERHEAD Bdry Exch Pct: 0.200907
real 6.86
user 192.98
sys 1.65
