===== CONFIGURATION =====
=== MODULE LOADS ===
ERROR: Unable to locate a modulefile for 'Clang/13.0.1'
ERROR: Unable to locate a modulefile for 'OpenMPI/4.1.4'
=== ENVIRONMENT VARIABLES ===
RAYON_NUM_THREADS=2
=== CPU ARCHITECTURE ===
Architecture:        x86_64
CPU op-mode(s):      32-bit, 64-bit
Byte Order:          Little Endian
CPU(s):              40
On-line CPU(s) list: 0-39
Thread(s) per core:  2
Core(s) per socket:  10
Socket(s):           2
NUMA node(s):        2
Vendor ID:           GenuineIntel
CPU family:          6
Model:               63
Model name:          Intel(R) Xeon(R) CPU E5-2660 v3 @ 2.60GHz
Stepping:            2
CPU MHz:             3300.000
CPU max MHz:         3300.0000
CPU min MHz:         1200.0000
BogoMIPS:            5200.29
Virtualization:      VT-x
L1d cache:           32K
L1i cache:           32K
L2 cache:            256K
L3 cache:            25600K
NUMA node0 CPU(s):   0-9,20-29
NUMA node1 CPU(s):   10-19,30-39
Flags:               fpu vme de pse tsc msr pae mce cx8 apic sep mtrr pge mca cmov pat pse36 clflush dts acpi mmx fxsr sse sse2 ss ht tm pbe syscall nx pdpe1gb rdtscp lm constant_tsc arch_perfmon pebs bts rep_good nopl xtopology nonstop_tsc cpuid aperfmperf pni pclmulqdq dtes64 monitor ds_cpl vmx smx est tm2 ssse3 sdbg fma cx16 xtpr pdcm pcid dca sse4_1 sse4_2 x2apic movbe popcnt tsc_deadline_timer aes xsave avx f16c rdrand lahf_lm abm cpuid_fault epb invpcid_single pti intel_ppin ssbd ibrs ibpb stibp tpr_shadow vnmi flexpriority ept vpid ept_ad fsgsbase tsc_adjust bmi1 avx2 smep bmi2 erms invpcid cqm xsaveopt cqm_llc cqm_occup_llc dtherm ida arat pln pts md_clear flush_l1d
=== SLURM CONFIG ===
JobId=902466 JobName=rust-hybridkxs2_eey.sbatch
   UserId=u2006527(38259) GroupId=dcsugrad(301) MCS_label=N/A
   Priority=4294686803 Nice=0 Account=ug QOS=normal
   JobState=RUNNING Reason=None Dependency=(null)
   Requeue=1 Restarts=0 BatchFlag=1 Reboot=0 ExitCode=0:0
   RunTime=00:00:01 TimeLimit=2-00:00:00 TimeMin=N/A
   SubmitTime=2024-04-13T00:54:33 EligibleTime=2024-04-13T00:54:33
   AccrueTime=2024-04-13T00:54:33
   StartTime=2024-04-13T08:03:57 EndTime=2024-04-15T08:03:57 Deadline=N/A
   SuspendTime=None SecsPreSuspend=0 LastSchedEval=2024-04-13T08:03:57
   Partition=cpu-batch AllocNode:Sid=kudu:1504429
   ReqNodeList=(null) ExcNodeList=(null)
   NodeList=emu-40
   BatchHost=emu-40
   NumNodes=1 NumCPUs=32 NumTasks=16 CPUs/Task=2 ReqB:S:C:T=0:0:*:*
   TRES=cpu=32,mem=40000M,node=1,billing=32
   Socks/Node=* NtasksPerN:B:S:C=0:0:*:* CoreSpec=*
   MinCPUsNode=2 MinMemoryNode=40000M MinTmpDiskNode=0
   Features=(null) DelayBoot=00:00:00
   OverSubscribe=MCS Contiguous=0 Licenses=(null) Network=(null)
   Command=/dcs/20/u2006527/Desktop/project/hpccg-rs/hpc-multibench/rust-hybridkxs2_eey.sbatch
   WorkDir=/dcs/20/u2006527/Desktop/project/hpccg-rs/hpc-multibench
   StdErr=/dcs/20/u2006527/Desktop/project/hpccg-rs/hpc-multibench/results/strong-scaling-multi-nodal/rust-hybrid__902466.out
   StdIn=/dev/null
   StdOut=/dcs/20/u2006527/Desktop/project/hpccg-rs/hpc-multibench/results/strong-scaling-multi-nodal/rust-hybrid__902466.out
   Power=
   NtasksPerTRES:0

=== RUN INSTANTIATION ===
{args: 64 64 1024, sbatch_config: {ntasks: 1}}

===== BUILD =====
   Compiling proc-macro2 v1.0.78
   Compiling unicode-ident v1.0.12
   Compiling glob v0.3.1
   Compiling libc v0.2.153
   Compiling prettyplease v0.2.16
   Compiling cc v1.0.88
   Compiling rustix v0.38.31
   Compiling pkg-config v0.3.30
   Compiling shell-words v1.1.0
   Compiling regex-syntax v0.8.2
   Compiling bitflags v2.4.2
   Compiling memchr v2.7.1
   Compiling cfg-if v1.0.0
   Compiling linux-raw-sys v0.4.13
   Compiling minimal-lexical v0.2.1
   Compiling bindgen v0.68.1
   Compiling either v1.10.0
   Compiling home v0.5.9
   Compiling crossbeam-utils v0.8.19
   Compiling peeking_take_while v0.1.2
   Compiling shlex v1.3.0
   Compiling rustc-hash v1.1.0
   Compiling log v0.4.20
   Compiling lazy_static v1.4.0
   Compiling lazycell v1.3.0
   Compiling autocfg v1.1.0
   Compiling thiserror v1.0.57
   Compiling rayon-core v1.12.1
   Compiling custom_derive v0.1.7
   Compiling smallvec v1.13.1
   Compiling libloading v0.8.1
   Compiling conv v0.3.3
   Compiling once_cell v1.19.0
   Compiling build-probe-mpi v0.1.3
   Compiling memoffset v0.9.0
   Compiling clang-sys v1.7.0
   Compiling nom v7.1.3
   Compiling mpi v0.7.0
   Compiling libffi-sys v2.3.0
   Compiling regex-automata v0.4.5
   Compiling quote v1.0.35
   Compiling crossbeam-epoch v0.9.18
   Compiling syn v2.0.50
   Compiling crossbeam-deque v0.8.5
   Compiling cexpr v0.6.0
   Compiling rayon v1.8.1
   Compiling which v4.4.2
   Compiling regex v1.10.3
   Compiling thiserror-impl v1.0.57
   Compiling mpi-derive v0.1.1
   Compiling mpi-sys v0.2.1
   Compiling libffi v3.2.0
   Compiling hpccg-rs v0.1.0 (/dcs/20/u2006527/Desktop/project/hpccg-rs/8_hybrid)
    Finished release [optimized + debuginfo] target(s) in 31.60s

===== RUN =====
time: cannot run mpirun: No such file or directory
real 0.00
user 0.00
sys 0.00
