===== CONFIGURATION =====
=== MODULE LOADS ===
Loading cs402-mpi
  Loading requirement: gcc9
=== ENVIRONMENT VARIABLES ===
OMP_NUM_THREADS=20
RAYON_NUM_THREADS=20
=== CPU ARCHITECTURE ===
Architecture:        x86_64
CPU op-mode(s):      32-bit, 64-bit
Byte Order:          Little Endian
CPU(s):              40
On-line CPU(s) list: 0-39
Thread(s) per core:  2
Core(s) per socket:  10
Socket(s):           2
NUMA node(s):        2
Vendor ID:           GenuineIntel
CPU family:          6
Model:               63
Model name:          Intel(R) Xeon(R) CPU E5-2660 v3 @ 2.60GHz
Stepping:            2
CPU MHz:             3300.000
CPU max MHz:         3300.0000
CPU min MHz:         1200.0000
BogoMIPS:            5200.01
Virtualization:      VT-x
L1d cache:           32K
L1i cache:           32K
L2 cache:            256K
L3 cache:            25600K
NUMA node0 CPU(s):   0-9,20-29
NUMA node1 CPU(s):   10-19,30-39
Flags:               fpu vme de pse tsc msr pae mce cx8 apic sep mtrr pge mca cmov pat pse36 clflush dts acpi mmx fxsr sse sse2 ss ht tm pbe syscall nx pdpe1gb rdtscp lm constant_tsc arch_perfmon pebs bts rep_good nopl xtopology nonstop_tsc cpuid aperfmperf pni pclmulqdq dtes64 monitor ds_cpl vmx smx est tm2 ssse3 sdbg fma cx16 xtpr pdcm pcid dca sse4_1 sse4_2 x2apic movbe popcnt tsc_deadline_timer aes xsave avx f16c rdrand lahf_lm abm cpuid_fault epb invpcid_single pti intel_ppin ssbd ibrs ibpb stibp tpr_shadow vnmi flexpriority ept vpid ept_ad fsgsbase tsc_adjust bmi1 avx2 smep bmi2 erms invpcid cqm xsaveopt cqm_llc cqm_occup_llc dtherm ida arat pln pts md_clear flush_l1d
=== SLURM CONFIG ===
JobId=930999 JobName=cpp-hybridewp2v0fw.sbatch
   UserId=u2006527(38259) GroupId=dcsugrad(301) MCS_label=N/A
   Priority=4294674807 Nice=0 Account=ug QOS=normal
   JobState=RUNNING Reason=None Dependency=(null)
   Requeue=1 Restarts=0 BatchFlag=1 Reboot=0 ExitCode=0:0
   RunTime=00:00:00 TimeLimit=2-00:00:00 TimeMin=N/A
   SubmitTime=2024-04-25T11:16:16 EligibleTime=2024-04-25T11:16:19
   AccrueTime=2024-04-25T11:16:19
   StartTime=2024-04-25T11:16:23 EndTime=2024-04-27T11:16:23 Deadline=N/A
   SuspendTime=None SecsPreSuspend=0 LastSchedEval=2024-04-25T11:16:23
   Partition=cpu-batch AllocNode:Sid=kudu:1648311
   ReqNodeList=(null) ExcNodeList=(null)
   NodeList=emu-[01,10]
   BatchHost=emu-01
   NumNodes=2 NumCPUs=80 NumTasks=4 CPUs/Task=20 ReqB:S:C:T=0:0:*:*
   TRES=cpu=80,mem=120000M,node=2,billing=80
   Socks/Node=* NtasksPerN:B:S:C=2:0:*:* CoreSpec=*
   MinCPUsNode=40 MinMemoryNode=60000M MinTmpDiskNode=0
   Features=(null) DelayBoot=00:00:00
   OverSubscribe=MCS Contiguous=0 Licenses=(null) Network=(null)
   Command=/dcs/20/u2006527/Desktop/project/hpc-multibench/cpp-hybridewp2v0fw.sbatch
   WorkDir=/dcs/20/u2006527/Desktop/project/hpc-multibench
   StdErr=/dcs/20/u2006527/Desktop/project/hpc-multibench/results/hybrid/cpp-hybrid__930999.out
   StdIn=/dev/null
   StdOut=/dcs/20/u2006527/Desktop/project/hpc-multibench/results/hybrid/cpp-hybrid__930999.out
   Power=
   NtasksPerTRES:0

=== RUN INSTANTIATION ===
{args: 50 50 50, sbatch_config: {nodes: 2, ntasks-per-node: 2, cpus-per-task: 20}, environment_variables: {OMP_NUM_THREADS: 20, RAYON_NUM_THREADS: 20}}

===== BUILD =====
run configuration was pre-built

===== RUN =====
Initial Residual = 2241.17
Iteration = 15   Residual = 26.564
Iteration = 30   Residual = 0.0929331
Iteration = 45   Residual = 0.000532459
Iteration = 60   Residual = 2.59944e-06
Iteration = 75   Residual = 1.67278e-08
Iteration = 90   Residual = 8.30151e-11
Iteration = 105   Residual = 3.24676e-13
Iteration = 120   Residual = 9.69883e-16
Iteration = 135   Residual = 2.90835e-18
Iteration = 149   Residual = 1.2162e-20
Mini-Application Name: hpccg
Mini-Application Version: 1.0
Parallelism: 
  Number of MPI ranks: 4
  Number of OpenMP threads: 20
Dimensions: 
  nx: 50
  ny: 50
  nz: 50
Number of iterations: 149
Final residual: 1.2162e-20
#********** Performance Summary (times in sec) ***********: 
Time Summary: 
  Total   : 0.738813
  DDOT    : 0.141346
  WAXPBY  : 0.101417
  SPARSEMV: 0.488625
FLOPS Summary: 
  Total   : 4.768e+09
  DDOT    : 2.98e+08
  WAXPBY  : 4.47e+08
  SPARSEMV: 4.023e+09
MFLOPS Summary: 
  Total   : 6453.6
  DDOT    : 2108.3
  WAXPBY  : 4407.55
  SPARSEMV: 8233.3
DDOT Timing Variations: 
  Min DDOT MPI_Allreduce time: 0.0378792
  Max DDOT MPI_Allreduce time: 0.0851309
  Avg DDOT MPI_Allreduce time: 0.0645602
SPARSEMV OVERHEADS: 
  SPARSEMV MFLOPS W OVERHEAD: 7747.02
  SPARSEMV PARALLEL OVERHEAD Time: 0.0306709
  SPARSEMV PARALLEL OVERHEAD Pct: 5.90624
  SPARSEMV PARALLEL OVERHEAD Setup Time: 0.0241004
  SPARSEMV PARALLEL OVERHEAD Setup Pct: 4.64097
  SPARSEMV PARALLEL OVERHEAD Bdry Exch Time: 0.00657052
  SPARSEMV PARALLEL OVERHEAD Bdry Exch Pct: 1.26527
real 1.20
user 2.39
sys 0.37
