===== CONFIGURATION =====
=== MODULE LOADS ===
Loading cs402-mpi
  Loading requirement: gcc9
=== ENVIRONMENT VARIABLES ===
OMP_NUM_THREADS=32
RAYON_NUM_THREADS=32
=== CPU ARCHITECTURE ===
Architecture:        x86_64
CPU op-mode(s):      32-bit, 64-bit
Byte Order:          Little Endian
CPU(s):              40
On-line CPU(s) list: 0-39
Thread(s) per core:  2
Core(s) per socket:  10
Socket(s):           2
NUMA node(s):        2
Vendor ID:           GenuineIntel
CPU family:          6
Model:               63
Model name:          Intel(R) Xeon(R) CPU E5-2660 v3 @ 2.60GHz
Stepping:            2
CPU MHz:             3300.000
CPU max MHz:         3300.0000
CPU min MHz:         1200.0000
BogoMIPS:            5200.12
Virtualization:      VT-x
L1d cache:           32K
L1i cache:           32K
L2 cache:            256K
L3 cache:            25600K
NUMA node0 CPU(s):   0-9,20-29
NUMA node1 CPU(s):   10-19,30-39
Flags:               fpu vme de pse tsc msr pae mce cx8 apic sep mtrr pge mca cmov pat pse36 clflush dts acpi mmx fxsr sse sse2 ss ht tm pbe syscall nx pdpe1gb rdtscp lm constant_tsc arch_perfmon pebs bts rep_good nopl xtopology nonstop_tsc cpuid aperfmperf pni pclmulqdq dtes64 monitor ds_cpl vmx smx est tm2 ssse3 sdbg fma cx16 xtpr pdcm pcid dca sse4_1 sse4_2 x2apic movbe popcnt tsc_deadline_timer aes xsave avx f16c rdrand lahf_lm abm cpuid_fault epb invpcid_single pti intel_ppin ssbd ibrs ibpb stibp tpr_shadow vnmi flexpriority ept vpid ept_ad fsgsbase tsc_adjust bmi1 avx2 smep bmi2 erms invpcid cqm xsaveopt cqm_llc cqm_occup_llc dtherm ida arat pln pts md_clear flush_l1d
=== SLURM CONFIG ===
JobId=926348 JobName=cpp-hybridz77x_wmc.sbatch
   UserId=u2006527(38259) GroupId=dcsugrad(301) MCS_label=N/A
   Priority=4294677919 Nice=0 Account=ug QOS=normal
   JobState=RUNNING Reason=None Dependency=(null)
   Requeue=1 Restarts=0 BatchFlag=1 Reboot=0 ExitCode=0:0
   RunTime=00:00:00 TimeLimit=2-00:00:00 TimeMin=N/A
   SubmitTime=2024-04-21T22:42:48 EligibleTime=2024-04-21T23:57:39
   AccrueTime=2024-04-21T23:57:39
   StartTime=2024-04-21T23:57:45 EndTime=2024-04-23T23:57:45 Deadline=N/A
   SuspendTime=None SecsPreSuspend=0 LastSchedEval=2024-04-21T23:57:45
   Partition=cpu-batch AllocNode:Sid=kudu:1147633
   ReqNodeList=(null) ExcNodeList=(null)
   NodeList=emu-[30-31]
   BatchHost=emu-30
   NumNodes=2 NumCPUs=64 NumTasks=2 CPUs/Task=32 ReqB:S:C:T=0:0:*:*
   TRES=cpu=64,mem=120000M,node=2,billing=64
   Socks/Node=* NtasksPerN:B:S:C=1:0:*:* CoreSpec=*
   MinCPUsNode=32 MinMemoryNode=60000M MinTmpDiskNode=0
   Features=(null) DelayBoot=00:00:00
   OverSubscribe=MCS Contiguous=0 Licenses=(null) Network=(null)
   Command=/dcs/20/u2006527/Desktop/project/hpc-multibench/cpp-hybridz77x_wmc.sbatch
   WorkDir=/dcs/20/u2006527/Desktop/project/hpc-multibench
   StdErr=/dcs/20/u2006527/Desktop/project/hpc-multibench/results/hybrid/cpp-hybrid__926348.out
   StdIn=/dev/null
   StdOut=/dcs/20/u2006527/Desktop/project/hpc-multibench/results/hybrid/cpp-hybrid__926348.out
   Power=
   NtasksPerTRES:0

=== RUN INSTANTIATION ===
{args: 50 50 50, sbatch_config: {nodes: 2, ntasks-per-node: 1, cpus-per-task: 32}, environment_variables: {OMP_NUM_THREADS: 32, RAYON_NUM_THREADS: 32}}

===== BUILD =====
run configuration was pre-built

===== RUN =====
--------------------------------------------------------------------------
WARNING: There is at least non-excluded one OpenFabrics device found,
but there are no active ports detected (or Open MPI was unable to use
them).  This is most certainly not what you wanted.  Check your
cables, subnet manager configuration, etc.  The openib BTL will be
ignored for this job.

  Local host: emu-31
--------------------------------------------------------------------------
Initial Residual = 1664.35
Iteration = 15   Residual = 19.2334
Iteration = 30   Residual = 0.0784917
Iteration = 45   Residual = 0.0004126
Iteration = 60   Residual = 1.43429e-06
Iteration = 75   Residual = 4.4577e-09
Iteration = 90   Residual = 1.34152e-11
Iteration = 105   Residual = 2.72036e-14
Iteration = 120   Residual = 4.8813e-17
Iteration = 135   Residual = 7.49728e-20
Iteration = 149   Residual = 1.40204e-22
Mini-Application Name: hpccg
Mini-Application Version: 1.0
Parallelism: 
  Number of MPI ranks: 2
  Number of OpenMP threads: 32
Dimensions: 
  nx: 50
  ny: 50
  nz: 50
Number of iterations: 149
Final residual: 1.40204e-22
#********** Performance Summary (times in sec) ***********: 
Time Summary: 
  Total   : 0.721404
  DDOT    : 0.105154
  WAXPBY  : 0.117069
  SPARSEMV: 0.439715
FLOPS Summary: 
  Total   : 2.384e+09
  DDOT    : 1.49e+08
  WAXPBY  : 2.235e+08
  SPARSEMV: 2.0115e+09
MFLOPS Summary: 
  Total   : 3304.67
  DDOT    : 1416.98
  WAXPBY  : 1909.13
  SPARSEMV: 4574.55
DDOT Timing Variations: 
  Min DDOT MPI_Allreduce time: 0.0387312
  Max DDOT MPI_Allreduce time: 0.0417967
  Avg DDOT MPI_Allreduce time: 0.0402639
SPARSEMV OVERHEADS: 
  SPARSEMV MFLOPS W OVERHEAD: 3885.89
  SPARSEMV PARALLEL OVERHEAD Time: 0.0779267
  SPARSEMV PARALLEL OVERHEAD Pct: 15.0542
  SPARSEMV PARALLEL OVERHEAD Setup Time: 0.0193473
  SPARSEMV PARALLEL OVERHEAD Setup Pct: 3.73758
  SPARSEMV PARALLEL OVERHEAD Bdry Exch Time: 0.0585794
  SPARSEMV PARALLEL OVERHEAD Bdry Exch Pct: 11.3166
[emu-30:463905] 1 more process has sent help message help-mpi-btl-openib.txt / no active ports found
[emu-30:463905] Set MCA parameter "orte_base_help_aggregate" to 0 to see all help / error messages
real 1.16
user 1.13
sys 0.24
