===== CONFIGURATION =====
=== MODULE LOADS ===
Loading cs402-mpi
  Loading requirement: gcc9
=== ENVIRONMENT VARIABLES ===
OMP_NUM_THREADS=32
RAYON_NUM_THREADS=32
=== CPU ARCHITECTURE ===
Architecture:        x86_64
CPU op-mode(s):      32-bit, 64-bit
Byte Order:          Little Endian
CPU(s):              40
On-line CPU(s) list: 0-39
Thread(s) per core:  2
Core(s) per socket:  10
Socket(s):           2
NUMA node(s):        2
Vendor ID:           GenuineIntel
CPU family:          6
Model:               63
Model name:          Intel(R) Xeon(R) CPU E5-2660 v3 @ 2.60GHz
Stepping:            2
CPU MHz:             2841.481
CPU max MHz:         3300.0000
CPU min MHz:         1200.0000
BogoMIPS:            5200.10
Virtualization:      VT-x
L1d cache:           32K
L1i cache:           32K
L2 cache:            256K
L3 cache:            25600K
NUMA node0 CPU(s):   0-9,20-29
NUMA node1 CPU(s):   10-19,30-39
Flags:               fpu vme de pse tsc msr pae mce cx8 apic sep mtrr pge mca cmov pat pse36 clflush dts acpi mmx fxsr sse sse2 ss ht tm pbe syscall nx pdpe1gb rdtscp lm constant_tsc arch_perfmon pebs bts rep_good nopl xtopology nonstop_tsc cpuid aperfmperf pni pclmulqdq dtes64 monitor ds_cpl vmx smx est tm2 ssse3 sdbg fma cx16 xtpr pdcm pcid dca sse4_1 sse4_2 x2apic movbe popcnt tsc_deadline_timer aes xsave avx f16c rdrand lahf_lm abm cpuid_fault epb invpcid_single pti intel_ppin ssbd ibrs ibpb stibp tpr_shadow vnmi flexpriority ept vpid ept_ad fsgsbase tsc_adjust bmi1 avx2 smep bmi2 erms invpcid cqm xsaveopt cqm_llc cqm_occup_llc dtherm ida arat pln pts md_clear flush_l1d
=== SLURM CONFIG ===
JobId=926368 JobName=cpp-hybridqpu7zklq.sbatch
   UserId=u2006527(38259) GroupId=dcsugrad(301) MCS_label=N/A
   Priority=4294677899 Nice=0 Account=ug QOS=normal
   JobState=RUNNING Reason=None Dependency=(null)
   Requeue=1 Restarts=0 BatchFlag=1 Reboot=0 ExitCode=0:0
   RunTime=00:00:01 TimeLimit=2-00:00:00 TimeMin=N/A
   SubmitTime=2024-04-21T22:42:49 EligibleTime=2024-04-21T23:57:39
   AccrueTime=2024-04-21T23:57:39
   StartTime=2024-04-22T00:10:04 EndTime=2024-04-24T00:10:04 Deadline=N/A
   SuspendTime=None SecsPreSuspend=0 LastSchedEval=2024-04-22T00:10:04
   Partition=cpu-batch AllocNode:Sid=kudu:1147633
   ReqNodeList=(null) ExcNodeList=(null)
   NodeList=emu-[01,10]
   BatchHost=emu-01
   NumNodes=2 NumCPUs=64 NumTasks=2 CPUs/Task=32 ReqB:S:C:T=0:0:*:*
   TRES=cpu=64,mem=120000M,node=2,billing=64
   Socks/Node=* NtasksPerN:B:S:C=1:0:*:* CoreSpec=*
   MinCPUsNode=32 MinMemoryNode=60000M MinTmpDiskNode=0
   Features=(null) DelayBoot=00:00:00
   OverSubscribe=MCS Contiguous=0 Licenses=(null) Network=(null)
   Command=/dcs/20/u2006527/Desktop/project/hpc-multibench/cpp-hybridqpu7zklq.sbatch
   WorkDir=/dcs/20/u2006527/Desktop/project/hpc-multibench
   StdErr=/dcs/20/u2006527/Desktop/project/hpc-multibench/results/hybrid/cpp-hybrid__926368.out
   StdIn=/dev/null
   StdOut=/dcs/20/u2006527/Desktop/project/hpc-multibench/results/hybrid/cpp-hybrid__926368.out
   Power=
   NtasksPerTRES:0

=== RUN INSTANTIATION ===
{args: 400 400 400, sbatch_config: {nodes: 2, ntasks-per-node: 1, cpus-per-task: 32}, environment_variables: {OMP_NUM_THREADS: 32, RAYON_NUM_THREADS: 32}}

===== BUILD =====
run configuration was pre-built

===== RUN =====
Initial Residual = 16934.1
Iteration = 15   Residual = 211.582
Iteration = 30   Residual = 1.44536
Iteration = 45   Residual = 0.00994183
Iteration = 60   Residual = 6.83652e-05
Iteration = 75   Residual = 4.69944e-07
Iteration = 90   Residual = 3.22885e-09
Iteration = 105   Residual = 2.217e-11
Iteration = 120   Residual = 1.52085e-13
Iteration = 135   Residual = 1.04186e-15
Iteration = 149   Residual = 9.9306e-18
Mini-Application Name: hpccg
Mini-Application Version: 1.0
Parallelism: 
  Number of MPI ranks: 2
  Number of OpenMP threads: 32
Dimensions: 
  nx: 400
  ny: 400
  nz: 400
Number of iterations: 149
Final residual: 9.9306e-18
#********** Performance Summary (times in sec) ***********: 
Time Summary: 
  Total   : 287.737
  DDOT    : 15.7733
  WAXPBY  : 34.0047
  SPARSEMV: 236.048
FLOPS Summary: 
  Total   : 1.22061e+12
  DDOT    : 7.6288e+10
  WAXPBY  : 1.14432e+11
  SPARSEMV: 1.02989e+12
MFLOPS Summary: 
  Total   : 4242.09
  DDOT    : 4836.52
  WAXPBY  : 3365.18
  SPARSEMV: 4363.04
DDOT Timing Variations: 
  Min DDOT MPI_Allreduce time: 0.444507
  Max DDOT MPI_Allreduce time: 0.553373
  Avg DDOT MPI_Allreduce time: 0.49894
SPARSEMV OVERHEADS: 
  SPARSEMV MFLOPS W OVERHEAD: 4256.88
  SPARSEMV PARALLEL OVERHEAD Time: 5.88654
  SPARSEMV PARALLEL OVERHEAD Pct: 2.43311
  SPARSEMV PARALLEL OVERHEAD Setup Time: 3.98147
  SPARSEMV PARALLEL OVERHEAD Setup Pct: 1.64568
  SPARSEMV PARALLEL OVERHEAD Bdry Exch Time: 1.90507
  SPARSEMV PARALLEL OVERHEAD Bdry Exch Pct: 0.78743
real 300.52
user 570.57
sys 6.28
