===== CONFIGURATION =====
=== MODULE LOADS ===
Loading cs402-mpi
  Loading requirement: gcc9
=== ENVIRONMENT VARIABLES ===
OMP_NUM_THREADS=32
RAYON_NUM_THREADS=32
=== CPU ARCHITECTURE ===
Architecture:        x86_64
CPU op-mode(s):      32-bit, 64-bit
Byte Order:          Little Endian
CPU(s):              40
On-line CPU(s) list: 0-39
Thread(s) per core:  2
Core(s) per socket:  10
Socket(s):           2
NUMA node(s):        2
Vendor ID:           GenuineIntel
CPU family:          6
Model:               63
Model name:          Intel(R) Xeon(R) CPU E5-2660 v3 @ 2.60GHz
Stepping:            2
CPU MHz:             3300.000
CPU max MHz:         3300.0000
CPU min MHz:         1200.0000
BogoMIPS:            5200.12
Virtualization:      VT-x
L1d cache:           32K
L1i cache:           32K
L2 cache:            256K
L3 cache:            25600K
NUMA node0 CPU(s):   0-9,20-29
NUMA node1 CPU(s):   10-19,30-39
Flags:               fpu vme de pse tsc msr pae mce cx8 apic sep mtrr pge mca cmov pat pse36 clflush dts acpi mmx fxsr sse sse2 ss ht tm pbe syscall nx pdpe1gb rdtscp lm constant_tsc arch_perfmon pebs bts rep_good nopl xtopology nonstop_tsc cpuid aperfmperf pni pclmulqdq dtes64 monitor ds_cpl vmx smx est tm2 ssse3 sdbg fma cx16 xtpr pdcm pcid dca sse4_1 sse4_2 x2apic movbe popcnt tsc_deadline_timer aes xsave avx f16c rdrand lahf_lm abm cpuid_fault epb invpcid_single pti intel_ppin ssbd ibrs ibpb stibp tpr_shadow vnmi flexpriority ept vpid ept_ad fsgsbase tsc_adjust bmi1 avx2 smep bmi2 erms invpcid cqm xsaveopt cqm_llc cqm_occup_llc dtherm ida arat pln pts md_clear flush_l1d
=== SLURM CONFIG ===
JobId=926355 JobName=cpp-hybridjgtezbzh.sbatch
   UserId=u2006527(38259) GroupId=dcsugrad(301) MCS_label=N/A
   Priority=4294677912 Nice=0 Account=ug QOS=normal
   JobState=RUNNING Reason=None Dependency=(null)
   Requeue=1 Restarts=0 BatchFlag=1 Reboot=0 ExitCode=0:0
   RunTime=00:00:00 TimeLimit=2-00:00:00 TimeMin=N/A
   SubmitTime=2024-04-21T22:42:49 EligibleTime=2024-04-21T23:57:39
   AccrueTime=2024-04-21T23:57:39
   StartTime=2024-04-21T23:58:10 EndTime=2024-04-23T23:58:10 Deadline=N/A
   SuspendTime=None SecsPreSuspend=0 LastSchedEval=2024-04-21T23:58:10
   Partition=cpu-batch AllocNode:Sid=kudu:1147633
   ReqNodeList=(null) ExcNodeList=(null)
   NodeList=emu-[30-31]
   BatchHost=emu-30
   NumNodes=2 NumCPUs=64 NumTasks=2 CPUs/Task=32 ReqB:S:C:T=0:0:*:*
   TRES=cpu=64,mem=120000M,node=2,billing=64
   Socks/Node=* NtasksPerN:B:S:C=1:0:*:* CoreSpec=*
   MinCPUsNode=32 MinMemoryNode=60000M MinTmpDiskNode=0
   Features=(null) DelayBoot=00:00:00
   OverSubscribe=MCS Contiguous=0 Licenses=(null) Network=(null)
   Command=/dcs/20/u2006527/Desktop/project/hpc-multibench/cpp-hybridjgtezbzh.sbatch
   WorkDir=/dcs/20/u2006527/Desktop/project/hpc-multibench
   StdErr=/dcs/20/u2006527/Desktop/project/hpc-multibench/results/hybrid/cpp-hybrid__926355.out
   StdIn=/dev/null
   StdOut=/dcs/20/u2006527/Desktop/project/hpc-multibench/results/hybrid/cpp-hybrid__926355.out
   Power=
   NtasksPerTRES:0

=== RUN INSTANTIATION ===
{args: 100 100 100, sbatch_config: {nodes: 2, ntasks-per-node: 1, cpus-per-task: 32}, environment_variables: {OMP_NUM_THREADS: 32, RAYON_NUM_THREADS: 32}}

===== BUILD =====
run configuration was pre-built

===== RUN =====
--------------------------------------------------------------------------
WARNING: There is at least non-excluded one OpenFabrics device found,
but there are no active ports detected (or Open MPI was unable to use
them).  This is most certainly not what you wanted.  Check your
cables, subnet manager configuration, etc.  The openib BTL will be
ignored for this job.

  Local host: emu-31
--------------------------------------------------------------------------
Initial Residual = 3462.75
Iteration = 15   Residual = 46.7314
Iteration = 30   Residual = 0.306111
Iteration = 45   Residual = 0.00189876
Iteration = 60   Residual = 9.92419e-06
Iteration = 75   Residual = 6.3504e-08
Iteration = 90   Residual = 3.79339e-10
Iteration = 105   Residual = 2.22816e-12
Iteration = 120   Residual = 1.23712e-14
Iteration = 135   Residual = 7.01923e-17
Iteration = 149   Residual = 5.57876e-19
Mini-Application Name: hpccg
Mini-Application Version: 1.0
Parallelism: 
  Number of MPI ranks: 2
  Number of OpenMP threads: 32
Dimensions: 
  nx: 100
  ny: 100
  nz: 100
Number of iterations: 149
Final residual: 5.57876e-19
#********** Performance Summary (times in sec) ***********: 
Time Summary: 
  Total   : 4.63479
  DDOT    : 0.342647
  WAXPBY  : 0.513505
  SPARSEMV: 3.63258
FLOPS Summary: 
  Total   : 1.9072e+10
  DDOT    : 1.192e+09
  WAXPBY  : 1.788e+09
  SPARSEMV: 1.6092e+10
MFLOPS Summary: 
  Total   : 4114.96
  DDOT    : 3478.8
  WAXPBY  : 3481.95
  SPARSEMV: 4429.91
DDOT Timing Variations: 
  Min DDOT MPI_Allreduce time: 0.0707031
  Max DDOT MPI_Allreduce time: 0.161337
  Avg DDOT MPI_Allreduce time: 0.11602
SPARSEMV OVERHEADS: 
  SPARSEMV MFLOPS W OVERHEAD: 4176.3
  SPARSEMV PARALLEL OVERHEAD Time: 0.220587
  SPARSEMV PARALLEL OVERHEAD Pct: 5.72483
  SPARSEMV PARALLEL OVERHEAD Setup Time: 0.0755821
  SPARSEMV PARALLEL OVERHEAD Setup Pct: 1.96156
  SPARSEMV PARALLEL OVERHEAD Bdry Exch Time: 0.145005
  SPARSEMV PARALLEL OVERHEAD Bdry Exch Pct: 3.76327
[emu-30:464676] 1 more process has sent help message help-mpi-btl-openib.txt / no active ports found
[emu-30:464676] Set MCA parameter "orte_base_help_aggregate" to 0 to see all help / error messages
real 5.26
user 8.10
sys 0.40
