===== CONFIGURATION =====
=== MODULE LOADS ===
Loading cs402-mpi
  Loading requirement: gcc9
=== ENVIRONMENT VARIABLES ===
OMP_NUM_THREADS=32
RAYON_NUM_THREADS=32
=== CPU ARCHITECTURE ===
Architecture:        x86_64
CPU op-mode(s):      32-bit, 64-bit
Byte Order:          Little Endian
CPU(s):              40
On-line CPU(s) list: 0-39
Thread(s) per core:  2
Core(s) per socket:  10
Socket(s):           2
NUMA node(s):        2
Vendor ID:           GenuineIntel
CPU family:          6
Model:               63
Model name:          Intel(R) Xeon(R) CPU E5-2660 v3 @ 2.60GHz
Stepping:            2
CPU MHz:             1460.662
CPU max MHz:         3300.0000
CPU min MHz:         1200.0000
BogoMIPS:            5200.34
Virtualization:      VT-x
L1d cache:           32K
L1i cache:           32K
L2 cache:            256K
L3 cache:            25600K
NUMA node0 CPU(s):   0-9,20-29
NUMA node1 CPU(s):   10-19,30-39
Flags:               fpu vme de pse tsc msr pae mce cx8 apic sep mtrr pge mca cmov pat pse36 clflush dts acpi mmx fxsr sse sse2 ss ht tm pbe syscall nx pdpe1gb rdtscp lm constant_tsc arch_perfmon pebs bts rep_good nopl xtopology nonstop_tsc cpuid aperfmperf pni pclmulqdq dtes64 monitor ds_cpl vmx smx est tm2 ssse3 sdbg fma cx16 xtpr pdcm pcid dca sse4_1 sse4_2 x2apic movbe popcnt tsc_deadline_timer aes xsave avx f16c rdrand lahf_lm abm cpuid_fault epb invpcid_single pti intel_ppin ssbd ibrs ibpb stibp tpr_shadow vnmi flexpriority ept vpid ept_ad fsgsbase tsc_adjust bmi1 avx2 smep bmi2 erms invpcid cqm xsaveopt cqm_llc cqm_occup_llc dtherm ida arat pln pts md_clear flush_l1d
=== SLURM CONFIG ===
JobId=902226 JobName=cpp-hybridht2yrlgz.sbatch
   UserId=u2006527(38259) GroupId=dcsugrad(301) MCS_label=N/A
   Priority=4294687032 Nice=0 Account=ug QOS=normal
   JobState=RUNNING Reason=None Dependency=(null)
   Requeue=1 Restarts=0 BatchFlag=1 Reboot=0 ExitCode=0:0
   RunTime=00:00:00 TimeLimit=2-00:00:00 TimeMin=N/A
   SubmitTime=2024-04-13T00:40:50 EligibleTime=2024-04-13T08:29:41
   AccrueTime=2024-04-13T08:29:41
   StartTime=2024-04-13T08:40:57 EndTime=2024-04-15T08:40:57 Deadline=N/A
   SuspendTime=None SecsPreSuspend=0 LastSchedEval=2024-04-13T08:40:57
   Partition=cpu-batch AllocNode:Sid=kudu:1504429
   ReqNodeList=(null) ExcNodeList=(null)
   NodeList=emu-[33-36]
   BatchHost=emu-33
   NumNodes=4 NumCPUs=128 NumTasks=4 CPUs/Task=32 ReqB:S:C:T=0:0:*:*
   TRES=cpu=128,mem=240000M,node=4,billing=128
   Socks/Node=* NtasksPerN:B:S:C=1:0:*:* CoreSpec=*
   MinCPUsNode=32 MinMemoryNode=60000M MinTmpDiskNode=0
   Features=(null) DelayBoot=00:00:00
   OverSubscribe=MCS Contiguous=0 Licenses=(null) Network=(null)
   Command=/dcs/20/u2006527/Desktop/project/hpccg-rs/hpc-multibench/cpp-hybridht2yrlgz.sbatch
   WorkDir=/dcs/20/u2006527/Desktop/project/hpccg-rs/hpc-multibench
   StdErr=/dcs/20/u2006527/Desktop/project/hpccg-rs/hpc-multibench/results/hybrid/cpp-hybrid__902226.out
   StdIn=/dev/null
   StdOut=/dcs/20/u2006527/Desktop/project/hpccg-rs/hpc-multibench/results/hybrid/cpp-hybrid__902226.out
   Power=
   NtasksPerTRES:0

=== RUN INSTANTIATION ===
{args: 400 400 400, sbatch_config: {nodes: 4, ntasks-per-node: 1, cpus-per-task: 32}, environment_variables: {OMP_NUM_THREADS: 32, RAYON_NUM_THREADS: 32}}

===== BUILD =====
run configuration was pre-built

===== RUN =====
--------------------------------------------------------------------------
WARNING: There is at least non-excluded one OpenFabrics device found,
but there are no active ports detected (or Open MPI was unable to use
them).  This is most certainly not what you wanted.  Check your
cables, subnet manager configuration, etc.  The openib BTL will be
ignored for this job.

  Local host: emu-33
--------------------------------------------------------------------------
[emu-33:413487] 3 more processes have sent help message help-mpi-btl-openib.txt / no active ports found
[emu-33:413487] Set MCA parameter "orte_base_help_aggregate" to 0 to see all help / error messages
Must increase max_external in HPC_Sparse_Matrix.hpp
[emu-36:173320] *** Process received signal ***
[emu-36:173320] Signal: Aborted (6)
[emu-36:173320] Signal code:  (-6)
[emu-36:173320] [ 0] /lib64/libpthread.so.0(+0x12cf0)[0x7f62be5b3cf0]
[emu-36:173320] [ 1] /lib64/libc.so.6(gsignal+0x10f)[0x7f62be22aacf]
[emu-36:173320] [ 2] /lib64/libc.so.6(abort+0x127)[0x7f62be1fdea5]
[emu-36:173320] [ 3] ./test_HPCCG[0x407eec]
[emu-36:173320] [ 4] ./test_HPCCG[0x403f26]
[emu-36:173320] [ 5] /lib64/libc.so.6(__libc_start_main+0xe5)[0x7f62be216d85]
[emu-36:173320] [ 6] ./test_HPCCG[0x4059de]
[emu-36:173320] *** End of error message ***
Must increase max_external in HPC_Sparse_Matrix.hpp
[emu-35:244198] *** Process received signal ***
[emu-35:244198] Signal: Aborted (6)
[emu-35:244198] Signal code:  (-6)
[emu-35:244198] [ 0] /lib64/libpthread.so.0(+0x12cf0)[0x7f90b950acf0]
[emu-35:244198] [ 1] /lib64/libc.so.6(gsignal+0x10f)[0x7f90b9181acf]
[emu-35:244198] [ 2] /lib64/libc.so.6(abort+0x127)[0x7f90b9154ea5]
[emu-35:244198] [ 3] ./test_HPCCG[0x407eec]
[emu-35:244198] [ 4] ./test_HPCCG[0x403f26]
[emu-35:244198] [ 5] /lib64/libc.so.6(__libc_start_main+0xe5)[0x7f90b916dd85]
[emu-35:244198] [ 6] ./test_HPCCG[0x4059de]
[emu-35:244198] *** End of error message ***
Must increase max_external in HPC_Sparse_Matrix.hpp
[emu-34:129890] *** Process received signal ***
[emu-34:129890] Signal: Aborted (6)
[emu-34:129890] Signal code:  (-6)
[emu-34:129890] [ 0] /lib64/libpthread.so.0(+0x12cf0)[0x7fbd6d19dcf0]
[emu-34:129890] [ 1] /lib64/libc.so.6(gsignal+0x10f)[0x7fbd6ce14acf]
[emu-34:129890] [ 2] /lib64/libc.so.6(abort+0x127)[0x7fbd6cde7ea5]
[emu-34:129890] [ 3] ./test_HPCCG[0x407eec]
[emu-34:129890] [ 4] ./test_HPCCG[0x403f26]
[emu-34:129890] [ 5] /lib64/libc.so.6(__libc_start_main+0xe5)[0x7fbd6ce00d85]
[emu-34:129890] [ 6] ./test_HPCCG[0x4059de]
[emu-34:129890] *** End of error message ***
--------------------------------------------------------------------------
Primary job  terminated normally, but 1 process returned
a non-zero exit code. Per user-direction, the job has been aborted.
--------------------------------------------------------------------------
--------------------------------------------------------------------------
mpirun noticed that process rank 2 with PID 244198 on node emu-35 exited on signal 6 (Aborted).
--------------------------------------------------------------------------
3 total processes killed (some possibly by mpirun during cleanup)
real 11.66
user 5.04
sys 4.32
