===== CONFIGURATION =====
=== MODULE LOADS ===
Loading cs402-mpi
  Loading requirement: gcc9
=== ENVIRONMENT VARIABLES ===
OMP_NUM_THREADS=32
RAYON_NUM_THREADS=32
=== CPU ARCHITECTURE ===
Architecture:        x86_64
CPU op-mode(s):      32-bit, 64-bit
Byte Order:          Little Endian
CPU(s):              40
On-line CPU(s) list: 0-39
Thread(s) per core:  2
Core(s) per socket:  10
Socket(s):           2
NUMA node(s):        2
Vendor ID:           GenuineIntel
CPU family:          6
Model:               63
Model name:          Intel(R) Xeon(R) CPU E5-2660 v3 @ 2.60GHz
Stepping:            2
CPU MHz:             3300.000
CPU max MHz:         3300.0000
CPU min MHz:         1200.0000
BogoMIPS:            5200.12
Virtualization:      VT-x
L1d cache:           32K
L1i cache:           32K
L2 cache:            256K
L3 cache:            25600K
NUMA node0 CPU(s):   0-9,20-29
NUMA node1 CPU(s):   10-19,30-39
Flags:               fpu vme de pse tsc msr pae mce cx8 apic sep mtrr pge mca cmov pat pse36 clflush dts acpi mmx fxsr sse sse2 ss ht tm pbe syscall nx pdpe1gb rdtscp lm constant_tsc arch_perfmon pebs bts rep_good nopl xtopology nonstop_tsc cpuid aperfmperf pni pclmulqdq dtes64 monitor ds_cpl vmx smx est tm2 ssse3 sdbg fma cx16 xtpr pdcm pcid dca sse4_1 sse4_2 x2apic movbe popcnt tsc_deadline_timer aes xsave avx f16c rdrand lahf_lm abm cpuid_fault epb invpcid_single pti intel_ppin ssbd ibrs ibpb stibp tpr_shadow vnmi flexpriority ept vpid ept_ad fsgsbase tsc_adjust bmi1 avx2 smep bmi2 erms invpcid cqm xsaveopt cqm_llc cqm_occup_llc dtherm ida arat pln pts md_clear flush_l1d
=== SLURM CONFIG ===
JobId=926343 JobName=cpp-hybridobw6law3.sbatch
   UserId=u2006527(38259) GroupId=dcsugrad(301) MCS_label=N/A
   Priority=4294677924 Nice=0 Account=ug QOS=normal
   JobState=RUNNING Reason=None Dependency=(null)
   Requeue=1 Restarts=0 BatchFlag=1 Reboot=0 ExitCode=0:0
   RunTime=00:00:00 TimeLimit=2-00:00:00 TimeMin=N/A
   SubmitTime=2024-04-21T22:42:48 EligibleTime=2024-04-21T22:42:48
   AccrueTime=2024-04-21T22:42:48
   StartTime=2024-04-21T23:57:37 EndTime=2024-04-23T23:57:37 Deadline=N/A
   SuspendTime=None SecsPreSuspend=0 LastSchedEval=2024-04-21T23:57:37
   Partition=cpu-batch AllocNode:Sid=kudu:1147633
   ReqNodeList=(null) ExcNodeList=(null)
   NodeList=emu-[30-31]
   BatchHost=emu-30
   NumNodes=2 NumCPUs=64 NumTasks=2 CPUs/Task=32 ReqB:S:C:T=0:0:*:*
   TRES=cpu=64,mem=120000M,node=2,billing=64
   Socks/Node=* NtasksPerN:B:S:C=1:0:*:* CoreSpec=*
   MinCPUsNode=32 MinMemoryNode=60000M MinTmpDiskNode=0
   Features=(null) DelayBoot=00:00:00
   OverSubscribe=MCS Contiguous=0 Licenses=(null) Network=(null)
   Command=/dcs/20/u2006527/Desktop/project/hpc-multibench/cpp-hybridobw6law3.sbatch
   WorkDir=/dcs/20/u2006527/Desktop/project/hpc-multibench
   StdErr=/dcs/20/u2006527/Desktop/project/hpc-multibench/results/hybrid/cpp-hybrid__926343.out
   StdIn=/dev/null
   StdOut=/dcs/20/u2006527/Desktop/project/hpc-multibench/results/hybrid/cpp-hybrid__926343.out
   Power=
   NtasksPerTRES:0

=== RUN INSTANTIATION ===
{args: 25 25 25, sbatch_config: {nodes: 2, ntasks-per-node: 1, cpus-per-task: 32}, environment_variables: {OMP_NUM_THREADS: 32, RAYON_NUM_THREADS: 32}}

===== BUILD =====
mpicxx -g -O3 -ftree-vectorize -ftree-vectorizer-verbose=2 -fopenmp -DUSING_OMP -DUSING_MPI    -c -o main.o main.cpp
mpicxx -g -O3 -ftree-vectorize -ftree-vectorizer-verbose=2 -fopenmp -DUSING_OMP -DUSING_MPI    -c -o generate_matrix.o generate_matrix.cpp
mpicxx -g -O3 -ftree-vectorize -ftree-vectorizer-verbose=2 -fopenmp -DUSING_OMP -DUSING_MPI    -c -o read_HPC_row.o read_HPC_row.cpp
mpicxx -g -O3 -ftree-vectorize -ftree-vectorizer-verbose=2 -fopenmp -DUSING_OMP -DUSING_MPI    -c -o compute_residual.o compute_residual.cpp
mpicxx -g -O3 -ftree-vectorize -ftree-vectorizer-verbose=2 -fopenmp -DUSING_OMP -DUSING_MPI    -c -o mytimer.o mytimer.cpp
mpicxx -g -O3 -ftree-vectorize -ftree-vectorizer-verbose=2 -fopenmp -DUSING_OMP -DUSING_MPI    -c -o dump_matlab_matrix.o dump_matlab_matrix.cpp
mpicxx -g -O3 -ftree-vectorize -ftree-vectorizer-verbose=2 -fopenmp -DUSING_OMP -DUSING_MPI    -c -o HPC_sparsemv.o HPC_sparsemv.cpp
mpicxx -g -O3 -ftree-vectorize -ftree-vectorizer-verbose=2 -fopenmp -DUSING_OMP -DUSING_MPI    -c -o HPCCG.o HPCCG.cpp
mpicxx -g -O3 -ftree-vectorize -ftree-vectorizer-verbose=2 -fopenmp -DUSING_OMP -DUSING_MPI    -c -o waxpby.o waxpby.cpp
mpicxx -g -O3 -ftree-vectorize -ftree-vectorizer-verbose=2 -fopenmp -DUSING_OMP -DUSING_MPI    -c -o ddot.o ddot.cpp
mpicxx -g -O3 -ftree-vectorize -ftree-vectorizer-verbose=2 -fopenmp -DUSING_OMP -DUSING_MPI    -c -o make_local_matrix.o make_local_matrix.cpp
mpicxx -g -O3 -ftree-vectorize -ftree-vectorizer-verbose=2 -fopenmp -DUSING_OMP -DUSING_MPI    -c -o exchange_externals.o exchange_externals.cpp
mpicxx -g -O3 -ftree-vectorize -ftree-vectorizer-verbose=2 -fopenmp -DUSING_OMP -DUSING_MPI    -c -o YAML_Element.o YAML_Element.cpp
mpicxx -g -O3 -ftree-vectorize -ftree-vectorizer-verbose=2 -fopenmp -DUSING_OMP -DUSING_MPI    -c -o YAML_Doc.o YAML_Doc.cpp
mpicxx -g -O3 -ftree-vectorize -ftree-vectorizer-verbose=2 -fopenmp main.o generate_matrix.o read_HPC_row.o compute_residual.o mytimer.o dump_matlab_matrix.o HPC_sparsemv.o HPCCG.o waxpby.o ddot.o make_local_matrix.o exchange_externals.o YAML_Element.o YAML_Doc.o -lm -o test_HPCCG

===== RUN =====
--------------------------------------------------------------------------
WARNING: There is at least non-excluded one OpenFabrics device found,
but there are no active ports detected (or Open MPI was unable to use
them).  This is most certainly not what you wanted.  Check your
cables, subnet manager configuration, etc.  The openib BTL will be
ignored for this job.

  Local host: emu-31
--------------------------------------------------------------------------
Initial Residual = 819.907
Iteration = 15   Residual = 3.55535
Iteration = 30   Residual = 0.00736847
Iteration = 45   Residual = 3.6351e-06
Iteration = 60   Residual = 5.47006e-10
Iteration = 75   Residual = 3.89582e-14
Iteration = 90   Residual = 1.32186e-18
Iteration = 105   Residual = 2.06619e-22
Iteration = 120   Residual = 1.14012e-25
Iteration = 135   Residual = 2.40643e-29
Iteration = 149   Residual = 3.08793e-32
Mini-Application Name: hpccg
Mini-Application Version: 1.0
Parallelism: 
  Number of MPI ranks: 2
  Number of OpenMP threads: 32
Dimensions: 
  nx: 25
  ny: 25
  nz: 25
Number of iterations: 149
Final residual: 3.08793e-32
#********** Performance Summary (times in sec) ***********: 
Time Summary: 
  Total   : 0.224701
  DDOT    : 0.0738211
  WAXPBY  : 0.0671677
  SPARSEMV: 0.0642179
FLOPS Summary: 
  Total   : 2.98e+08
  DDOT    : 1.8625e+07
  WAXPBY  : 2.79375e+07
  SPARSEMV: 2.51438e+08
MFLOPS Summary: 
  Total   : 1326.21
  DDOT    : 252.299
  WAXPBY  : 415.936
  SPARSEMV: 3915.38
DDOT Timing Variations: 
  Min DDOT MPI_Allreduce time: 0.0256922
  Max DDOT MPI_Allreduce time: 0.0318996
  Avg DDOT MPI_Allreduce time: 0.0287959
SPARSEMV OVERHEADS: 
  SPARSEMV MFLOPS W OVERHEAD: 2612.15
  SPARSEMV PARALLEL OVERHEAD Time: 0.0320389
  SPARSEMV PARALLEL OVERHEAD Pct: 33.2848
  SPARSEMV PARALLEL OVERHEAD Setup Time: 0.0127914
  SPARSEMV PARALLEL OVERHEAD Setup Pct: 13.2888
  SPARSEMV PARALLEL OVERHEAD Bdry Exch Time: 0.0192475
  SPARSEMV PARALLEL OVERHEAD Bdry Exch Pct: 19.996
[emu-30:463535] 1 more process has sent help message help-mpi-btl-openib.txt / no active ports found
[emu-30:463535] Set MCA parameter "orte_base_help_aggregate" to 0 to see all help / error messages
real 0.72
user 0.26
sys 0.18
