===== CONFIGURATION =====
=== MODULE LOADS ===
Loading cs402-mpi
  Loading requirement: gcc9
=== ENVIRONMENT VARIABLES ===
OMP_NUM_THREADS=20
RAYON_NUM_THREADS=20
=== CPU ARCHITECTURE ===
Architecture:        x86_64
CPU op-mode(s):      32-bit, 64-bit
Byte Order:          Little Endian
CPU(s):              40
On-line CPU(s) list: 0-39
Thread(s) per core:  2
Core(s) per socket:  10
Socket(s):           2
NUMA node(s):        2
Vendor ID:           GenuineIntel
CPU family:          6
Model:               63
Model name:          Intel(R) Xeon(R) CPU E5-2660 v3 @ 2.60GHz
Stepping:            2
CPU MHz:             3300.000
CPU max MHz:         3300.0000
CPU min MHz:         1200.0000
BogoMIPS:            5200.01
Virtualization:      VT-x
L1d cache:           32K
L1i cache:           32K
L2 cache:            256K
L3 cache:            25600K
NUMA node0 CPU(s):   0-9,20-29
NUMA node1 CPU(s):   10-19,30-39
Flags:               fpu vme de pse tsc msr pae mce cx8 apic sep mtrr pge mca cmov pat pse36 clflush dts acpi mmx fxsr sse sse2 ss ht tm pbe syscall nx pdpe1gb rdtscp lm constant_tsc arch_perfmon pebs bts rep_good nopl xtopology nonstop_tsc cpuid aperfmperf pni pclmulqdq dtes64 monitor ds_cpl vmx smx est tm2 ssse3 sdbg fma cx16 xtpr pdcm pcid dca sse4_1 sse4_2 x2apic movbe popcnt tsc_deadline_timer aes xsave avx f16c rdrand lahf_lm abm cpuid_fault epb invpcid_single pti intel_ppin ssbd ibrs ibpb stibp tpr_shadow vnmi flexpriority ept vpid ept_ad fsgsbase tsc_adjust bmi1 avx2 smep bmi2 erms invpcid cqm xsaveopt cqm_llc cqm_occup_llc dtherm ida arat pln pts md_clear flush_l1d
=== SLURM CONFIG ===
JobId=931017 JobName=cpp-hybridllgip6bw.sbatch
   UserId=u2006527(38259) GroupId=dcsugrad(301) MCS_label=N/A
   Priority=4294674789 Nice=0 Account=ug QOS=normal
   JobState=RUNNING Reason=None Dependency=(null)
   Requeue=1 Restarts=0 BatchFlag=1 Reboot=0 ExitCode=0:0
   RunTime=00:00:00 TimeLimit=2-00:00:00 TimeMin=N/A
   SubmitTime=2024-04-25T11:16:16 EligibleTime=2024-04-25T11:16:19
   AccrueTime=2024-04-25T11:16:19
   StartTime=2024-04-25T11:24:51 EndTime=2024-04-27T11:24:51 Deadline=N/A
   SuspendTime=None SecsPreSuspend=0 LastSchedEval=2024-04-25T11:24:51
   Partition=cpu-batch AllocNode:Sid=kudu:1648311
   ReqNodeList=(null) ExcNodeList=(null)
   NodeList=emu-[01,10]
   BatchHost=emu-01
   NumNodes=2 NumCPUs=80 NumTasks=4 CPUs/Task=20 ReqB:S:C:T=0:0:*:*
   TRES=cpu=80,mem=120000M,node=2,billing=80
   Socks/Node=* NtasksPerN:B:S:C=2:0:*:* CoreSpec=*
   MinCPUsNode=40 MinMemoryNode=60000M MinTmpDiskNode=0
   Features=(null) DelayBoot=00:00:00
   OverSubscribe=MCS Contiguous=0 Licenses=(null) Network=(null)
   Command=/dcs/20/u2006527/Desktop/project/hpc-multibench/cpp-hybridllgip6bw.sbatch
   WorkDir=/dcs/20/u2006527/Desktop/project/hpc-multibench
   StdErr=/dcs/20/u2006527/Desktop/project/hpc-multibench/results/hybrid/cpp-hybrid__931017.out
   StdIn=/dev/null
   StdOut=/dcs/20/u2006527/Desktop/project/hpc-multibench/results/hybrid/cpp-hybrid__931017.out
   Power=
   NtasksPerTRES:0

=== RUN INSTANTIATION ===
{args: 400 400 400, sbatch_config: {nodes: 2, ntasks-per-node: 2, cpus-per-task: 20}, environment_variables: {OMP_NUM_THREADS: 20, RAYON_NUM_THREADS: 20}}

===== BUILD =====
run configuration was pre-built

===== RUN =====
Initial Residual = 23273.7
Iteration = 15   Residual = 284.902
Iteration = 30   Residual = 1.94628
Iteration = 45   Residual = 0.0133885
Iteration = 60   Residual = 9.20716e-05
Iteration = 75   Residual = 6.32919e-07
Iteration = 90   Residual = 4.34853e-09
Iteration = 105   Residual = 2.98553e-11
Iteration = 120   Residual = 2.04762e-13
Iteration = 135   Residual = 1.40213e-15
Iteration = 149   Residual = 1.33542e-17
Mini-Application Name: hpccg
Mini-Application Version: 1.0
Parallelism: 
  Number of MPI ranks: 4
  Number of OpenMP threads: 20
Dimensions: 
  nx: 400
  ny: 400
  nz: 400
Number of iterations: 149
Final residual: 1.33542e-17
#********** Performance Summary (times in sec) ***********: 
Time Summary: 
  Total   : 422.871
  DDOT    : 44.0155
  WAXPBY  : 71.7922
  SPARSEMV: 306.578
FLOPS Summary: 
  Total   : 2.44122e+12
  DDOT    : 1.52576e+11
  WAXPBY  : 2.28864e+11
  SPARSEMV: 2.05978e+12
MFLOPS Summary: 
  Total   : 5772.96
  DDOT    : 3466.42
  WAXPBY  : 3187.87
  SPARSEMV: 6718.61
DDOT Timing Variations: 
  Min DDOT MPI_Allreduce time: 11.8701
  Max DDOT MPI_Allreduce time: 17.6543
  Avg DDOT MPI_Allreduce time: 14.1095
SPARSEMV OVERHEADS: 
  SPARSEMV MFLOPS W OVERHEAD: 6553.73
  SPARSEMV PARALLEL OVERHEAD Time: 7.71303
  SPARSEMV PARALLEL OVERHEAD Pct: 2.45411
  SPARSEMV PARALLEL OVERHEAD Setup Time: 7.31167
  SPARSEMV PARALLEL OVERHEAD Setup Pct: 2.3264
  SPARSEMV PARALLEL OVERHEAD Bdry Exch Time: 0.401356
  SPARSEMV PARALLEL OVERHEAD Bdry Exch Pct: 0.127702
real 442.33
user 1599.11
sys 48.17
