===== CONFIGURATION =====
=== MODULE LOADS ===
Loading cs402-mpi
  Loading requirement: gcc9
=== ENVIRONMENT VARIABLES ===
OMP_NUM_THREADS=20
RAYON_NUM_THREADS=20
=== CPU ARCHITECTURE ===
Architecture:        x86_64
CPU op-mode(s):      32-bit, 64-bit
Byte Order:          Little Endian
CPU(s):              40
On-line CPU(s) list: 0-39
Thread(s) per core:  2
Core(s) per socket:  10
Socket(s):           2
NUMA node(s):        2
Vendor ID:           GenuineIntel
CPU family:          6
Model:               63
Model name:          Intel(R) Xeon(R) CPU E5-2660 v3 @ 2.60GHz
Stepping:            2
CPU MHz:             2273.801
CPU max MHz:         3300.0000
CPU min MHz:         1200.0000
BogoMIPS:            5200.01
Virtualization:      VT-x
L1d cache:           32K
L1i cache:           32K
L2 cache:            256K
L3 cache:            25600K
NUMA node0 CPU(s):   0-9,20-29
NUMA node1 CPU(s):   10-19,30-39
Flags:               fpu vme de pse tsc msr pae mce cx8 apic sep mtrr pge mca cmov pat pse36 clflush dts acpi mmx fxsr sse sse2 ss ht tm pbe syscall nx pdpe1gb rdtscp lm constant_tsc arch_perfmon pebs bts rep_good nopl xtopology nonstop_tsc cpuid aperfmperf pni pclmulqdq dtes64 monitor ds_cpl vmx smx est tm2 ssse3 sdbg fma cx16 xtpr pdcm pcid dca sse4_1 sse4_2 x2apic movbe popcnt tsc_deadline_timer aes xsave avx f16c rdrand lahf_lm abm cpuid_fault epb invpcid_single pti intel_ppin ssbd ibrs ibpb stibp tpr_shadow vnmi flexpriority ept vpid ept_ad fsgsbase tsc_adjust bmi1 avx2 smep bmi2 erms invpcid cqm xsaveopt cqm_llc cqm_occup_llc dtherm ida arat pln pts md_clear flush_l1d
=== SLURM CONFIG ===
JobId=931038 JobName=rust-hybridbuaselng.sbatch
   UserId=u2006527(38259) GroupId=dcsugrad(301) MCS_label=N/A
   Priority=4294674768 Nice=0 Account=ug QOS=normal
   JobState=RUNNING Reason=None Dependency=(null)
   Requeue=1 Restarts=0 BatchFlag=1 Reboot=0 ExitCode=0:0
   RunTime=00:00:00 TimeLimit=2-00:00:00 TimeMin=N/A
   SubmitTime=2024-04-25T11:16:17 EligibleTime=2024-04-25T11:39:38
   AccrueTime=2024-04-25T11:39:38
   StartTime=2024-04-25T11:44:09 EndTime=2024-04-27T11:44:09 Deadline=N/A
   SuspendTime=None SecsPreSuspend=0 LastSchedEval=2024-04-25T11:44:09
   Partition=cpu-batch AllocNode:Sid=kudu:1648311
   ReqNodeList=(null) ExcNodeList=(null)
   NodeList=emu-[01,10]
   BatchHost=emu-01
   NumNodes=2 NumCPUs=80 NumTasks=4 CPUs/Task=20 ReqB:S:C:T=0:0:*:*
   TRES=cpu=80,mem=120000M,node=2,billing=80
   Socks/Node=* NtasksPerN:B:S:C=2:0:*:* CoreSpec=*
   MinCPUsNode=40 MinMemoryNode=60000M MinTmpDiskNode=0
   Features=(null) DelayBoot=00:00:00
   OverSubscribe=MCS Contiguous=0 Licenses=(null) Network=(null)
   Command=/dcs/20/u2006527/Desktop/project/hpc-multibench/rust-hybridbuaselng.sbatch
   WorkDir=/dcs/20/u2006527/Desktop/project/hpc-multibench
   StdErr=/dcs/20/u2006527/Desktop/project/hpc-multibench/results/hybrid/rust-hybrid__931038.out
   StdIn=/dev/null
   StdOut=/dcs/20/u2006527/Desktop/project/hpc-multibench/results/hybrid/rust-hybrid__931038.out
   Power=
   NtasksPerTRES:0

=== RUN INSTANTIATION ===
{args: 200 200 200, sbatch_config: {nodes: 2, ntasks-per-node: 2, cpus-per-task: 20}, environment_variables: {OMP_NUM_THREADS: 20, RAYON_NUM_THREADS: 20}}

===== BUILD =====
run configuration was pre-built

===== RUN =====
Initial Residual = +1.01761e4
Iteration = 15 , Residual = +1.37428e2
Iteration = 30 , Residual = +9.33241e-1
Iteration = 45 , Residual = +6.36101e-3
Iteration = 60 , Residual = +4.31391e-5
Iteration = 75 , Residual = +2.89457e-7
Iteration = 90 , Residual = +1.88280e-9
Iteration = 105 , Residual = +1.07756e-11
Iteration = 120 , Residual = +5.89602e-14
Iteration = 135 , Residual = +4.07886e-16
Iteration = 149 , Residual = +3.77628e-18
Mini-Application Name: hpccg
Mini-Application Version: 1.0
Parallelism:
  Number of MPI ranks: 4
  Rayon disabled
Dimensions:
  nx: 200
  ny: 200
  nz: 200
Number of iterations: 149
Final residual: 3.77628e-18
#********** Performance Summary (times in sec) ***********
Time Summary:
  Total: 54.0134
  DDOT: 7.2021
  WAXPBY: 13.8697
  SPARSEMV: 32.3602
FLOPS Summary:
  Total: 305152000000
  DDOT: 19072000000
  WAXPBY: 28608000000
  SPARSEMV: 257472000000
MFLOPS Summary:
  Total: 5649.5634
  DDOT: 2648.1248
  WAXPBY: 2062.6246
  SPARSEMV: 7956.4479
DDOT Timing Variations:
  Min DDOT MPI_Allreduce time: 2.3870
  Max DDOT MPI_Allreduce time: 2.9922
  Avg DDOT MPI_Allreduce time: 10.8025
SPARSEMV OVERHEADS:
  SPARSEMV MFLOPS W OVERHEAD: 2957.9536
  SPARSEMV PARALLEL OVERHEAD Time: 54.6838
  SPARSEMV PARALLEL OVERHEAD Pct: 62.8232
  SPARSEMV PARALLEL OVERHEAD Setup Time: 0.4783
  SPARSEMV PARALLEL OVERHEAD Setup Pct: 0.5495
  SPARSEMV PARALLEL OVERHEAD Bdry Exch Time: 54.2055
  SPARSEMV PARALLEL OVERHEAD Bdry Exch Pct: 62.2737
Difference between computed and exact = 3.55271e-15.
real 56.15
user 173.75
sys 36.46
