===== CONFIGURATION =====
=== MODULE LOADS ===
Loading cs402-mpi
  Loading requirement: gcc9
=== ENVIRONMENT VARIABLES ===
OMP_NUM_THREADS=20
RAYON_NUM_THREADS=20
=== CPU ARCHITECTURE ===
Architecture:        x86_64
CPU op-mode(s):      32-bit, 64-bit
Byte Order:          Little Endian
CPU(s):              40
On-line CPU(s) list: 0-39
Thread(s) per core:  2
Core(s) per socket:  10
Socket(s):           2
NUMA node(s):        2
Vendor ID:           GenuineIntel
CPU family:          6
Model:               63
Model name:          Intel(R) Xeon(R) CPU E5-2660 v3 @ 2.60GHz
Stepping:            2
CPU MHz:             3300.000
CPU max MHz:         3300.0000
CPU min MHz:         1200.0000
BogoMIPS:            5200.01
Virtualization:      VT-x
L1d cache:           32K
L1i cache:           32K
L2 cache:            256K
L3 cache:            25600K
NUMA node0 CPU(s):   0-9,20-29
NUMA node1 CPU(s):   10-19,30-39
Flags:               fpu vme de pse tsc msr pae mce cx8 apic sep mtrr pge mca cmov pat pse36 clflush dts acpi mmx fxsr sse sse2 ss ht tm pbe syscall nx pdpe1gb rdtscp lm constant_tsc arch_perfmon pebs bts rep_good nopl xtopology nonstop_tsc cpuid aperfmperf pni pclmulqdq dtes64 monitor ds_cpl vmx smx est tm2 ssse3 sdbg fma cx16 xtpr pdcm pcid dca sse4_1 sse4_2 x2apic movbe popcnt tsc_deadline_timer aes xsave avx f16c rdrand lahf_lm abm cpuid_fault epb invpcid_single pti intel_ppin ssbd ibrs ibpb stibp tpr_shadow vnmi flexpriority ept vpid ept_ad fsgsbase tsc_adjust bmi1 avx2 smep bmi2 erms invpcid cqm xsaveopt cqm_llc cqm_occup_llc dtherm ida arat pln pts md_clear flush_l1d
=== SLURM CONFIG ===
JobId=931025 JobName=rust-hybridbvp14r5p.sbatch
   UserId=u2006527(38259) GroupId=dcsugrad(301) MCS_label=N/A
   Priority=4294674781 Nice=0 Account=ug QOS=normal
   JobState=RUNNING Reason=None Dependency=(null)
   Requeue=1 Restarts=0 BatchFlag=1 Reboot=0 ExitCode=0:0
   RunTime=00:00:01 TimeLimit=2-00:00:00 TimeMin=N/A
   SubmitTime=2024-04-25T11:16:16 EligibleTime=2024-04-25T11:39:38
   AccrueTime=2024-04-25T11:39:38
   StartTime=2024-04-25T11:39:57 EndTime=2024-04-27T11:39:57 Deadline=N/A
   SuspendTime=None SecsPreSuspend=0 LastSchedEval=2024-04-25T11:39:57
   Partition=cpu-batch AllocNode:Sid=kudu:1648311
   ReqNodeList=(null) ExcNodeList=(null)
   NodeList=emu-[01,10]
   BatchHost=emu-01
   NumNodes=2 NumCPUs=80 NumTasks=4 CPUs/Task=20 ReqB:S:C:T=0:0:*:*
   TRES=cpu=80,mem=120000M,node=2,billing=80
   Socks/Node=* NtasksPerN:B:S:C=2:0:*:* CoreSpec=*
   MinCPUsNode=40 MinMemoryNode=60000M MinTmpDiskNode=0
   Features=(null) DelayBoot=00:00:00
   OverSubscribe=MCS Contiguous=0 Licenses=(null) Network=(null)
   Command=/dcs/20/u2006527/Desktop/project/hpc-multibench/rust-hybridbvp14r5p.sbatch
   WorkDir=/dcs/20/u2006527/Desktop/project/hpc-multibench
   StdErr=/dcs/20/u2006527/Desktop/project/hpc-multibench/results/hybrid/rust-hybrid__931025.out
   StdIn=/dev/null
   StdOut=/dcs/20/u2006527/Desktop/project/hpc-multibench/results/hybrid/rust-hybrid__931025.out
   Power=
   NtasksPerTRES:0

=== RUN INSTANTIATION ===
{args: 25 25 25, sbatch_config: {nodes: 2, ntasks-per-node: 2, cpus-per-task: 20}, environment_variables: {OMP_NUM_THREADS: 20, RAYON_NUM_THREADS: 20}}

===== BUILD =====
run configuration was pre-built

===== RUN =====
Initial Residual = +1.09995e3
Iteration = 15 , Residual = +4.29262e0
Iteration = 30 , Residual = +1.68513e-2
Iteration = 45 , Residual = +4.59945e-5
Iteration = 60 , Residual = +4.39274e-8
Iteration = 75 , Residual = +1.90363e-11
Iteration = 90 , Residual = +8.07896e-15
Iteration = 105 , Residual = +9.46249e-19
Iteration = 120 , Residual = +2.46682e-22
Iteration = 135 , Residual = +1.54495e-25
Iteration = 149 , Residual = +1.83540e-28
Mini-Application Name: hpccg
Mini-Application Version: 1.0
Parallelism:
  Number of MPI ranks: 4
  Rayon disabled
Dimensions:
  nx: 25
  ny: 25
  nz: 25
Number of iterations: 149
Final residual: 1.83540e-28
#********** Performance Summary (times in sec) ***********
Time Summary:
  Total: 5.6925
  DDOT: 2.8760
  WAXPBY: 1.8291
  SPARSEMV: 0.7755
FLOPS Summary:
  Total: 596000000
  DDOT: 37250000
  WAXPBY: 55875000
  SPARSEMV: 502875000
MFLOPS Summary:
  Total: 104.6996
  DDOT: 12.9519
  WAXPBY: 30.5486
  SPARSEMV: 648.4108
DDOT Timing Variations:
  Min DDOT MPI_Allreduce time: 1.3684
  Max DDOT MPI_Allreduce time: 1.8326
  Avg DDOT MPI_Allreduce time: 6.3775
SPARSEMV OVERHEADS:
  SPARSEMV MFLOPS W OVERHEAD: 77.5665
  SPARSEMV PARALLEL OVERHEAD Time: 5.7076
  SPARSEMV PARALLEL OVERHEAD Pct: 88.0374
  SPARSEMV PARALLEL OVERHEAD Setup Time: 0.0130
  SPARSEMV PARALLEL OVERHEAD Setup Pct: 0.2001
  SPARSEMV PARALLEL OVERHEAD Bdry Exch Time: 5.6946
  SPARSEMV PARALLEL OVERHEAD Bdry Exch Pct: 87.8373
Difference between computed and exact = 2.44249e-15.
real 6.10
user 10.47
sys 8.75
