===== CONFIGURATION =====
=== MODULE LOADS ===
Loading cs402-mpi
  Loading requirement: gcc9
=== ENVIRONMENT VARIABLES ===
OMP_NUM_THREADS=32
RAYON_NUM_THREADS=32
=== CPU ARCHITECTURE ===
Architecture:        x86_64
CPU op-mode(s):      32-bit, 64-bit
Byte Order:          Little Endian
CPU(s):              40
On-line CPU(s) list: 0-39
Thread(s) per core:  2
Core(s) per socket:  10
Socket(s):           2
NUMA node(s):        2
Vendor ID:           GenuineIntel
CPU family:          6
Model:               63
Model name:          Intel(R) Xeon(R) CPU E5-2660 v3 @ 2.60GHz
Stepping:            2
CPU MHz:             3300.000
CPU max MHz:         3300.0000
CPU min MHz:         1200.0000
BogoMIPS:            5200.12
Virtualization:      VT-x
L1d cache:           32K
L1i cache:           32K
L2 cache:            256K
L3 cache:            25600K
NUMA node0 CPU(s):   0-9,20-29
NUMA node1 CPU(s):   10-19,30-39
Flags:               fpu vme de pse tsc msr pae mce cx8 apic sep mtrr pge mca cmov pat pse36 clflush dts acpi mmx fxsr sse sse2 ss ht tm pbe syscall nx pdpe1gb rdtscp lm constant_tsc arch_perfmon pebs bts rep_good nopl xtopology nonstop_tsc cpuid aperfmperf pni pclmulqdq dtes64 monitor ds_cpl vmx smx est tm2 ssse3 sdbg fma cx16 xtpr pdcm pcid dca sse4_1 sse4_2 x2apic movbe popcnt tsc_deadline_timer aes xsave avx f16c rdrand lahf_lm abm cpuid_fault epb invpcid_single pti intel_ppin ssbd ibrs ibpb stibp tpr_shadow vnmi flexpriority ept vpid ept_ad fsgsbase tsc_adjust bmi1 avx2 smep bmi2 erms invpcid cqm xsaveopt cqm_llc cqm_occup_llc dtherm ida arat pln pts md_clear flush_l1d
=== SLURM CONFIG ===
JobId=926392 JobName=rust-hybridf91piqrh.sbatch
   UserId=u2006527(38259) GroupId=dcsugrad(301) MCS_label=N/A
   Priority=4294677875 Nice=0 Account=ug QOS=normal
   JobState=RUNNING Reason=None Dependency=(null)
   Requeue=1 Restarts=0 BatchFlag=1 Reboot=0 ExitCode=0:0
   RunTime=00:00:00 TimeLimit=2-00:00:00 TimeMin=N/A
   SubmitTime=2024-04-21T22:42:49 EligibleTime=2024-04-22T00:22:26
   AccrueTime=2024-04-22T00:22:26
   StartTime=2024-04-22T00:28:13 EndTime=2024-04-24T00:28:13 Deadline=N/A
   SuspendTime=None SecsPreSuspend=0 LastSchedEval=2024-04-22T00:28:13
   Partition=cpu-batch AllocNode:Sid=kudu:1147633
   ReqNodeList=(null) ExcNodeList=(null)
   NodeList=emu-[30-31]
   BatchHost=emu-30
   NumNodes=2 NumCPUs=64 NumTasks=2 CPUs/Task=32 ReqB:S:C:T=0:0:*:*
   TRES=cpu=64,mem=120000M,node=2,billing=64
   Socks/Node=* NtasksPerN:B:S:C=1:0:*:* CoreSpec=*
   MinCPUsNode=32 MinMemoryNode=60000M MinTmpDiskNode=0
   Features=(null) DelayBoot=00:00:00
   OverSubscribe=MCS Contiguous=0 Licenses=(null) Network=(null)
   Command=/dcs/20/u2006527/Desktop/project/hpc-multibench/rust-hybridf91piqrh.sbatch
   WorkDir=/dcs/20/u2006527/Desktop/project/hpc-multibench
   StdErr=/dcs/20/u2006527/Desktop/project/hpc-multibench/results/hybrid/rust-hybrid__926392.out
   StdIn=/dev/null
   StdOut=/dcs/20/u2006527/Desktop/project/hpc-multibench/results/hybrid/rust-hybrid__926392.out
   Power=
   NtasksPerTRES:0

=== RUN INSTANTIATION ===
{args: 200 200 200, sbatch_config: {nodes: 2, ntasks-per-node: 1, cpus-per-task: 32}, environment_variables: {OMP_NUM_THREADS: 32, RAYON_NUM_THREADS: 32}}

===== BUILD =====
run configuration was pre-built

===== RUN =====
--------------------------------------------------------------------------
WARNING: There is at least non-excluded one OpenFabrics device found,
but there are no active ports detected (or Open MPI was unable to use
them).  This is most certainly not what you wanted.  Check your
cables, subnet manager configuration, etc.  The openib BTL will be
ignored for this job.

  Local host: emu-31
--------------------------------------------------------------------------
Initial Residual = +7.46872e3
[emu-30:467605] 1 more process has sent help message help-mpi-btl-openib.txt / no active ports found
[emu-30:467605] Set MCA parameter "orte_base_help_aggregate" to 0 to see all help / error messages
Iteration = 15 , Residual = +1.01688e2
Iteration = 30 , Residual = +6.90408e-1
Iteration = 45 , Residual = +4.70535e-3
Iteration = 60 , Residual = +3.19228e-5
Iteration = 75 , Residual = +2.14576e-7
Iteration = 90 , Residual = +1.40660e-9
Iteration = 105 , Residual = +8.96744e-12
Iteration = 120 , Residual = +5.04338e-14
Iteration = 135 , Residual = +3.45456e-16
Iteration = 149 , Residual = +3.20272e-18
Mini-Application Name: hpccg
Mini-Application Version: 1.0
Parallelism:
  Number of MPI ranks: 2
  Rayon disabled
Dimensions:
  nx: 200
  ny: 200
  nz: 200
Number of iterations: 149
Final residual: 3.20272e-18
#********** Performance Summary (times in sec) ***********
Time Summary:
  Total: 68.7614
  DDOT: 15.4379
  WAXPBY: 21.1168
  SPARSEMV: 30.5629
FLOPS Summary:
  Total: 152576000000
  DDOT: 9536000000
  WAXPBY: 14304000000
  SPARSEMV: 128736000000
MFLOPS Summary:
  Total: 2218.9207
  DDOT: 617.7014
  WAXPBY: 677.3751
  SPARSEMV: 4212.1624
DDOT Timing Variations:
  Min DDOT MPI_Allreduce time: 4.3014
  Max DDOT MPI_Allreduce time: 4.6312
  Avg DDOT MPI_Allreduce time: 8.9326
SPARSEMV OVERHEADS:
  SPARSEMV MFLOPS W OVERHEAD: 1288.8976
  SPARSEMV PARALLEL OVERHEAD Time: 69.3178
  SPARSEMV PARALLEL OVERHEAD Pct: 69.4006
  SPARSEMV PARALLEL OVERHEAD Setup Time: 0.4299
  SPARSEMV PARALLEL OVERHEAD Setup Pct: 0.4304
  SPARSEMV PARALLEL OVERHEAD Bdry Exch Time: 68.8879
  SPARSEMV PARALLEL OVERHEAD Bdry Exch Pct: 68.9702
Difference between computed and exact = 4.44089e-15.
real 70.91
user 102.57
sys 29.68
