===== CONFIGURATION =====
=== CPU ARCHITECTURE ===
Architecture:        x86_64
CPU op-mode(s):      32-bit, 64-bit
Byte Order:          Little Endian
CPU(s):              40
On-line CPU(s) list: 0-39
Thread(s) per core:  2
Core(s) per socket:  10
Socket(s):           2
NUMA node(s):        2
Vendor ID:           GenuineIntel
CPU family:          6
Model:               63
Model name:          Intel(R) Xeon(R) CPU E5-2660 v3 @ 2.60GHz
Stepping:            2
CPU MHz:             1416.764
CPU max MHz:         3300.0000
CPU min MHz:         1200.0000
BogoMIPS:            5199.71
Virtualization:      VT-x
L1d cache:           32K
L1i cache:           32K
L2 cache:            256K
L3 cache:            25600K
NUMA node0 CPU(s):   0-9,20-29
NUMA node1 CPU(s):   10-19,30-39
Flags:               fpu vme de pse tsc msr pae mce cx8 apic sep mtrr pge mca cmov pat pse36 clflush dts acpi mmx fxsr sse sse2 ss ht tm pbe syscall nx pdpe1gb rdtscp lm constant_tsc arch_perfmon pebs bts rep_good nopl xtopology nonstop_tsc cpuid aperfmperf pni pclmulqdq dtes64 monitor ds_cpl vmx smx est tm2 ssse3 sdbg fma cx16 xtpr pdcm pcid dca sse4_1 sse4_2 x2apic movbe popcnt tsc_deadline_timer aes xsave avx f16c rdrand lahf_lm abm cpuid_fault epb invpcid_single pti intel_ppin ssbd ibrs ibpb stibp tpr_shadow vnmi flexpriority ept vpid ept_ad fsgsbase tsc_adjust bmi1 avx2 smep bmi2 erms invpcid cqm xsaveopt cqm_llc cqm_occup_llc dtherm ida arat pln pts md_clear flush_l1d
=== SLURM CONFIG ===
JobId=901898 JobName=rust-referencew4lqe3om.sbatch
   UserId=u2006527(38259) GroupId=dcsugrad(301) MCS_label=N/A
   Priority=4294687360 Nice=0 Account=ug QOS=normal
   JobState=RUNNING Reason=None Dependency=(null)
   Requeue=1 Restarts=0 BatchFlag=1 Reboot=0 ExitCode=0:0
   RunTime=00:00:00 TimeLimit=2-00:00:00 TimeMin=N/A
   SubmitTime=2024-04-13T00:40:41 EligibleTime=2024-04-13T00:41:04
   AccrueTime=2024-04-13T00:41:04
   StartTime=2024-04-13T00:54:56 EndTime=2024-04-15T00:54:56 Deadline=N/A
   SuspendTime=None SecsPreSuspend=0 LastSchedEval=2024-04-13T00:54:56
   Partition=cpu-batch AllocNode:Sid=kudu:1504429
   ReqNodeList=(null) ExcNodeList=(null)
   NodeList=emu-36
   BatchHost=emu-36
   NumNodes=1 NumCPUs=1 NumTasks=1 CPUs/Task=1 ReqB:S:C:T=0:0:*:*
   TRES=cpu=1,mem=60000M,node=1,billing=1
   Socks/Node=* NtasksPerN:B:S:C=1:0:*:* CoreSpec=*
   MinCPUsNode=1 MinMemoryNode=60000M MinTmpDiskNode=0
   Features=(null) DelayBoot=00:00:00
   OverSubscribe=MCS Contiguous=0 Licenses=(null) Network=(null)
   Command=/dcs/20/u2006527/Desktop/project/hpccg-rs/hpc-multibench/rust-referencew4lqe3om.sbatch
   WorkDir=/dcs/20/u2006527/Desktop/project/hpccg-rs/hpc-multibench
   StdErr=/dcs/20/u2006527/Desktop/project/hpccg-rs/hpc-multibench/results/serial/rust-reference__901898.out
   StdIn=/dev/null
   StdOut=/dcs/20/u2006527/Desktop/project/hpccg-rs/hpc-multibench/results/serial/rust-reference__901898.out
   Power=
   NtasksPerTRES:0

=== RUN INSTANTIATION ===
{args: 250 250 250}

===== BUILD =====
run configuration was pre-built

===== RUN =====
Initial Residual = +7.27464e3
Iteration = 15 , Residual = +9.88247e1
Iteration = 30 , Residual = +6.72155e-1
Iteration = 45 , Residual = +4.59466e-3
Iteration = 60 , Residual = +3.13387e-5
Iteration = 75 , Residual = +2.12973e-7
Iteration = 90 , Residual = +1.43740e-9
Iteration = 105 , Residual = +9.54444e-12
Iteration = 120 , Residual = +5.96054e-14
Iteration = 135 , Residual = +2.42278e-16
Iteration = 149 , Residual = +2.15116e-18
Mini-Application Name: hpccg-iterators
Mini-Application Version: 1.0
Parallelism:
  MPI not enabled:
  OpenMP not enabled:
Dimensions:
  nx: 250
  ny: 250
  nz: 250
Number of iterations: 149
Final residual: 2.15116e-18
#********** Performance Summary (times in sec) ***********
Time Summary:
  Total: 102.0348
  DDOT: 5.2902
  WAXPBY: 11.0846
  SPARSEMV: 85.6379
FLOPS Summary:
  Total: 149000000000
  DDOT: 9312500000
  WAXPBY: 13968750000
  SPARSEMV: 125718750000
MFLOPS Summary:
  Total: 1460.2862
  DDOT: 1760.3224
  WAXPBY: 1260.1917
  SPARSEMV: 1468.0266
Difference between computed and exact = 7.10543e-15.
real 119.61
user 103.58
sys 15.47
