===== CONFIGURATION =====
=== MODULE LOADS ===
Loading cs402-mpi
  Loading requirement: gcc9
=== CPU ARCHITECTURE ===
Architecture:        x86_64
CPU op-mode(s):      32-bit, 64-bit
Byte Order:          Little Endian
CPU(s):              40
On-line CPU(s) list: 0-39
Thread(s) per core:  2
Core(s) per socket:  10
Socket(s):           2
NUMA node(s):        2
Vendor ID:           GenuineIntel
CPU family:          6
Model:               63
Model name:          Intel(R) Xeon(R) CPU E5-2660 v3 @ 2.60GHz
Stepping:            2
CPU MHz:             3300.000
CPU max MHz:         3300.0000
CPU min MHz:         1200.0000
BogoMIPS:            5200.12
Virtualization:      VT-x
L1d cache:           32K
L1i cache:           32K
L2 cache:            256K
L3 cache:            25600K
NUMA node0 CPU(s):   0-9,20-29
NUMA node1 CPU(s):   10-19,30-39
Flags:               fpu vme de pse tsc msr pae mce cx8 apic sep mtrr pge mca cmov pat pse36 clflush dts acpi mmx fxsr sse sse2 ss ht tm pbe syscall nx pdpe1gb rdtscp lm constant_tsc arch_perfmon pebs bts rep_good nopl xtopology nonstop_tsc cpuid aperfmperf pni pclmulqdq dtes64 monitor ds_cpl vmx smx est tm2 ssse3 sdbg fma cx16 xtpr pdcm pcid dca sse4_1 sse4_2 x2apic movbe popcnt tsc_deadline_timer aes xsave avx f16c rdrand lahf_lm abm cpuid_fault epb invpcid_single pti intel_ppin ssbd ibrs ibpb stibp tpr_shadow vnmi flexpriority ept vpid ept_ad fsgsbase tsc_adjust bmi1 avx2 smep bmi2 erms invpcid cqm xsaveopt cqm_llc cqm_occup_llc dtherm ida arat pln pts md_clear flush_l1d
=== SLURM CONFIG ===
JobId=917400 JobName=hybridm4_fhgoh.sbatch
   UserId=u2006527(38259) GroupId=dcsugrad(301) MCS_label=N/A
   Priority=4294681782 Nice=0 Account=ug QOS=normal
   JobState=RUNNING Reason=None Dependency=(null)
   Requeue=1 Restarts=0 BatchFlag=1 Reboot=0 ExitCode=0:0
   RunTime=00:00:00 TimeLimit=2-00:00:00 TimeMin=N/A
   SubmitTime=2024-04-17T00:07:32 EligibleTime=2024-04-17T00:45:26
   AccrueTime=2024-04-17T00:45:26
   StartTime=2024-04-17T00:45:37 EndTime=2024-04-19T00:45:37 Deadline=N/A
   SuspendTime=None SecsPreSuspend=0 LastSchedEval=2024-04-17T00:45:37
   Partition=cpu-batch AllocNode:Sid=kudu:153991
   ReqNodeList=(null) ExcNodeList=(null)
   NodeList=emu-[30-31]
   BatchHost=emu-30
   NumNodes=2 NumCPUs=80 NumTasks=4 CPUs/Task=20 ReqB:S:C:T=0:0:*:*
   TRES=cpu=80,mem=120000M,node=2,billing=80
   Socks/Node=* NtasksPerN:B:S:C=2:0:*:* CoreSpec=*
   MinCPUsNode=40 MinMemoryNode=60000M MinTmpDiskNode=0
   Features=(null) DelayBoot=00:00:00
   OverSubscribe=MCS Contiguous=0 Licenses=(null) Network=(null)
   Command=/dcs/20/u2006527/Desktop/project/hpc-multibench/hybridm4_fhgoh.sbatch
   WorkDir=/dcs/20/u2006527/Desktop/project/hpc-multibench
   StdErr=/dcs/20/u2006527/Desktop/project/hpc-multibench/results/rust-parallelism/hybrid__917400.out
   StdIn=/dev/null
   StdOut=/dcs/20/u2006527/Desktop/project/hpc-multibench/results/rust-parallelism/hybrid__917400.out
   Power=
   NtasksPerTRES:0

=== RUN INSTANTIATION ===
{args: 75 75 75}

===== BUILD =====
run configuration was pre-built

===== RUN =====
--------------------------------------------------------------------------
WARNING: There is at least non-excluded one OpenFabrics device found,
but there are no active ports detected (or Open MPI was unable to use
them).  This is most certainly not what you wanted.  Check your
cables, subnet manager configuration, etc.  The openib BTL will be
ignored for this job.

  Local host: emu-31
--------------------------------------------------------------------------
Initial Residual = +3.43705e3
Iteration = 15 , Residual = +4.51298e1
Iteration = 30 , Residual = +2.78567e-1
Iteration = 45 , Residual = +1.19790e-3
Iteration = 60 , Residual = +7.36186e-6
Iteration = 75 , Residual = +4.42810e-8
Iteration = 90 , Residual = +2.66410e-10
Iteration = 105 , Residual = +1.64571e-12
Iteration = 120 , Residual = +9.77261e-15
Iteration = 135 , Residual = +6.33602e-17
Iteration = 149 , Residual = +4.86659e-19
Mini-Application Name: hpccg
Mini-Application Version: 1.0
Parallelism:
  Number of MPI ranks: 4
  Rayon disabled
Dimensions:
  nx: 75
  ny: 75
  nz: 75
Number of iterations: 149
Final residual: 4.86659e-19
#********** Performance Summary (times in sec) ***********
Time Summary:
  Total: 2.1913
  DDOT: 0.2667
  WAXPBY: 0.2974
  SPARSEMV: 1.5699
FLOPS Summary:
  Total: 16092000000
  DDOT: 1005750000
  WAXPBY: 1508625000
  SPARSEMV: 13577625000
MFLOPS Summary:
  Total: 7343.5320
  DDOT: 3770.6460
  WAXPBY: 5072.9473
  SPARSEMV: 8648.5051
DDOT Timing Variations:
  Min DDOT MPI_Allreduce time: 0.0723
  Max DDOT MPI_Allreduce time: 0.1703
  Avg DDOT MPI_Allreduce time: 0.4902
SPARSEMV OVERHEADS:
  SPARSEMV MFLOPS W OVERHEAD: 3550.0317
  SPARSEMV PARALLEL OVERHEAD Time: 2.2547
  SPARSEMV PARALLEL OVERHEAD Pct: 58.9521
  SPARSEMV PARALLEL OVERHEAD Setup Time: 0.0380
  SPARSEMV PARALLEL OVERHEAD Setup Pct: 0.9936
  SPARSEMV PARALLEL OVERHEAD Bdry Exch Time: 2.2167
  SPARSEMV PARALLEL OVERHEAD Bdry Exch Pct: 57.9585
Difference between computed and exact = 3.33067e-15.
[emu-30:65084] 3 more processes have sent help message help-mpi-btl-openib.txt / no active ports found
[emu-30:65084] Set MCA parameter "orte_base_help_aggregate" to 0 to see all help / error messages
real 2.69
user 8.15
sys 0.41
