===== CONFIGURATION =====
=== MODULE LOADS ===
Loading cs402-mpi
  Loading requirement: gcc9
=== CPU ARCHITECTURE ===
Architecture:        x86_64
CPU op-mode(s):      32-bit, 64-bit
Byte Order:          Little Endian
CPU(s):              40
On-line CPU(s) list: 0-39
Thread(s) per core:  2
Core(s) per socket:  10
Socket(s):           2
NUMA node(s):        2
Vendor ID:           GenuineIntel
CPU family:          6
Model:               63
Model name:          Intel(R) Xeon(R) CPU E5-2660 v3 @ 2.60GHz
Stepping:            2
CPU MHz:             3300.000
CPU max MHz:         3300.0000
CPU min MHz:         1200.0000
BogoMIPS:            5200.12
Virtualization:      VT-x
L1d cache:           32K
L1i cache:           32K
L2 cache:            256K
L3 cache:            25600K
NUMA node0 CPU(s):   0-9,20-29
NUMA node1 CPU(s):   10-19,30-39
Flags:               fpu vme de pse tsc msr pae mce cx8 apic sep mtrr pge mca cmov pat pse36 clflush dts acpi mmx fxsr sse sse2 ss ht tm pbe syscall nx pdpe1gb rdtscp lm constant_tsc arch_perfmon pebs bts rep_good nopl xtopology nonstop_tsc cpuid aperfmperf pni pclmulqdq dtes64 monitor ds_cpl vmx smx est tm2 ssse3 sdbg fma cx16 xtpr pdcm pcid dca sse4_1 sse4_2 x2apic movbe popcnt tsc_deadline_timer aes xsave avx f16c rdrand lahf_lm abm cpuid_fault epb invpcid_single pti intel_ppin ssbd ibrs ibpb stibp tpr_shadow vnmi flexpriority ept vpid ept_ad fsgsbase tsc_adjust bmi1 avx2 smep bmi2 erms invpcid cqm xsaveopt cqm_llc cqm_occup_llc dtherm ida arat pln pts md_clear flush_l1d
=== SLURM CONFIG ===
JobId=917381 JobName=mpit50pdv6n.sbatch
   UserId=u2006527(38259) GroupId=dcsugrad(301) MCS_label=N/A
   Priority=4294681801 Nice=0 Account=ug QOS=normal
   JobState=RUNNING Reason=None Dependency=(null)
   Requeue=1 Restarts=0 BatchFlag=1 Reboot=0 ExitCode=0:0
   RunTime=00:00:00 TimeLimit=2-00:00:00 TimeMin=N/A
   SubmitTime=2024-04-17T00:07:32 EligibleTime=2024-04-17T00:40:44
   AccrueTime=2024-04-17T00:40:44
   StartTime=2024-04-17T00:42:45 EndTime=2024-04-19T00:42:45 Deadline=N/A
   SuspendTime=None SecsPreSuspend=0 LastSchedEval=2024-04-17T00:42:45
   Partition=cpu-batch AllocNode:Sid=kudu:153991
   ReqNodeList=(null) ExcNodeList=(null)
   NodeList=emu-30
   BatchHost=emu-30
   NumNodes=1 NumCPUs=8 NumTasks=4 CPUs/Task=2 ReqB:S:C:T=0:0:*:*
   TRES=cpu=8,mem=60000M,node=1,billing=8
   Socks/Node=* NtasksPerN:B:S:C=4:0:*:* CoreSpec=*
   MinCPUsNode=8 MinMemoryNode=60000M MinTmpDiskNode=0
   Features=(null) DelayBoot=00:00:00
   OverSubscribe=MCS Contiguous=0 Licenses=(null) Network=(null)
   Command=/dcs/20/u2006527/Desktop/project/hpc-multibench/mpit50pdv6n.sbatch
   WorkDir=/dcs/20/u2006527/Desktop/project/hpc-multibench
   StdErr=/dcs/20/u2006527/Desktop/project/hpc-multibench/results/rust-parallelism/mpi__917381.out
   StdIn=/dev/null
   StdOut=/dcs/20/u2006527/Desktop/project/hpc-multibench/results/rust-parallelism/mpi__917381.out
   Power=
   NtasksPerTRES:0

=== RUN INSTANTIATION ===
{args: 125 125 125}

===== BUILD =====
run configuration was pre-built

===== RUN =====
--------------------------------------------------------------------------
WARNING: There is at least non-excluded one OpenFabrics device found,
but there are no active ports detected (or Open MPI was unable to use
them).  This is most certainly not what you wanted.  Check your
cables, subnet manager configuration, etc.  The openib BTL will be
ignored for this job.

  Local host: emu-30
--------------------------------------------------------------------------
Initial Residual = +5.98554e3
Iteration = 15 , Residual = +8.20872e1
Iteration = 30 , Residual = +5.48354e-1
Iteration = 45 , Residual = +3.60936e-3
[emu-30:64575] 3 more processes have sent help message help-mpi-btl-openib.txt / no active ports found
[emu-30:64575] Set MCA parameter "orte_base_help_aggregate" to 0 to see all help / error messages
Iteration = 60 , Residual = +2.18177e-5
Iteration = 75 , Residual = +1.05452e-7
Iteration = 90 , Residual = +7.21677e-10
Iteration = 105 , Residual = +4.58799e-12
Iteration = 120 , Residual = +3.03945e-14
Iteration = 135 , Residual = +1.90011e-16
Iteration = 149 , Residual = +1.82204e-18
Mini-Application Name: hpccg
Mini-Application Version: 1.0
Parallelism:
  Number of MPI ranks: 4
  Rayon disabled
Dimensions:
  nx: 125
  ny: 125
  nz: 125
Number of iterations: 149
Final residual: 1.82204e-18
#********** Performance Summary (times in sec) ***********
Time Summary:
  Total: 13.8920
  DDOT: 0.8857
  WAXPBY: 2.1498
  SPARSEMV: 10.4428
FLOPS Summary:
  Total: 74500000000
  DDOT: 4656250000
  WAXPBY: 6984375000
  SPARSEMV: 62859375000
MFLOPS Summary:
  Total: 5362.8099
  DDOT: 5257.1709
  WAXPBY: 3248.8632
  SPARSEMV: 6019.4207
DDOT Timing Variations:
  Min DDOT MPI_Allreduce time: 0.0331
  Max DDOT MPI_Allreduce time: 0.3007
  Avg DDOT MPI_Allreduce time: 0.5765
SPARSEMV OVERHEADS:
  SPARSEMV MFLOPS W OVERHEAD: 2565.5222
  SPARSEMV PARALLEL OVERHEAD Time: 14.0588
  SPARSEMV PARALLEL OVERHEAD Pct: 57.3793
  SPARSEMV PARALLEL OVERHEAD Setup Time: 0.1223
  SPARSEMV PARALLEL OVERHEAD Setup Pct: 0.4993
  SPARSEMV PARALLEL OVERHEAD Bdry Exch Time: 13.9365
  SPARSEMV PARALLEL OVERHEAD Bdry Exch Pct: 56.8800
Difference between computed and exact = 6.99441e-15.
real 14.55
user 56.37
sys 0.83
