===== CONFIGURATION =====
=== MODULE LOADS ===
Loading cs402-mpi
  Loading requirement: gcc9
=== CPU ARCHITECTURE ===
Architecture:        x86_64
CPU op-mode(s):      32-bit, 64-bit
Byte Order:          Little Endian
CPU(s):              40
On-line CPU(s) list: 0-39
Thread(s) per core:  2
Core(s) per socket:  10
Socket(s):           2
NUMA node(s):        2
Vendor ID:           GenuineIntel
CPU family:          6
Model:               63
Model name:          Intel(R) Xeon(R) CPU E5-2660 v3 @ 2.60GHz
Stepping:            2
CPU MHz:             3300.000
CPU max MHz:         3300.0000
CPU min MHz:         1200.0000
BogoMIPS:            5200.30
Virtualization:      VT-x
L1d cache:           32K
L1i cache:           32K
L2 cache:            256K
L3 cache:            25600K
NUMA node0 CPU(s):   0-9,20-29
NUMA node1 CPU(s):   10-19,30-39
Flags:               fpu vme de pse tsc msr pae mce cx8 apic sep mtrr pge mca cmov pat pse36 clflush dts acpi mmx fxsr sse sse2 ss ht tm pbe syscall nx pdpe1gb rdtscp lm constant_tsc arch_perfmon pebs bts rep_good nopl xtopology nonstop_tsc cpuid aperfmperf pni pclmulqdq dtes64 monitor ds_cpl vmx smx est tm2 ssse3 sdbg fma cx16 xtpr pdcm pcid dca sse4_1 sse4_2 x2apic movbe popcnt tsc_deadline_timer aes xsave avx f16c rdrand lahf_lm abm cpuid_fault epb invpcid_single pti intel_ppin ssbd ibrs ibpb stibp tpr_shadow vnmi flexpriority ept vpid ept_ad fsgsbase tsc_adjust bmi1 avx2 smep bmi2 erms invpcid cqm xsaveopt cqm_llc cqm_occup_llc dtherm ida arat pln pts md_clear flush_l1d
=== SLURM CONFIG ===
JobId=911207 JobName=cpp-mpizdeobv6x.sbatch
   UserId=u2006527(38259) GroupId=dcsugrad(301) MCS_label=N/A
   Priority=4294684363 Nice=0 Account=ug QOS=normal
   JobState=RUNNING Reason=None Dependency=(null)
   Requeue=1 Restarts=0 BatchFlag=1 Reboot=0 ExitCode=0:0
   RunTime=00:00:00 TimeLimit=2-00:00:00 TimeMin=N/A
   SubmitTime=2024-04-15T13:27:41 EligibleTime=2024-04-15T14:19:54
   AccrueTime=2024-04-15T14:19:54
   StartTime=2024-04-15T14:37:52 EndTime=2024-04-17T14:37:52 Deadline=N/A
   SuspendTime=None SecsPreSuspend=0 LastSchedEval=2024-04-15T14:37:52
   Partition=cpu-batch AllocNode:Sid=kudu:2642434
   ReqNodeList=(null) ExcNodeList=(null)
   NodeList=emu-[37-40]
   BatchHost=emu-37
   NumNodes=4 NumCPUs=16 NumTasks=8 CPUs/Task=2 ReqB:S:C:T=0:0:*:*
   TRES=cpu=16,mem=240000M,node=4,billing=16
   Socks/Node=* NtasksPerN:B:S:C=2:0:*:* CoreSpec=*
   MinCPUsNode=4 MinMemoryNode=60000M MinTmpDiskNode=0
   Features=(null) DelayBoot=00:00:00
   OverSubscribe=MCS Contiguous=0 Licenses=(null) Network=(null)
   Command=/dcs/20/u2006527/Desktop/project/hpccg-rs/hpc-multibench/cpp-mpizdeobv6x.sbatch
   WorkDir=/dcs/20/u2006527/Desktop/project/hpccg-rs/hpc-multibench
   StdErr=/dcs/20/u2006527/Desktop/project/hpccg-rs/hpc-multibench/results/mpi/cpp-mpi__911207.out
   StdIn=/dev/null
   StdOut=/dcs/20/u2006527/Desktop/project/hpccg-rs/hpc-multibench/results/mpi/cpp-mpi__911207.out
   Power=
   NtasksPerTRES:0

=== RUN INSTANTIATION ===
{args: 150 150 150, sbatch_config: {nodes: 2, ntasks-per-node: 2}}

===== BUILD =====
run configuration was pre-built

===== RUN =====
--------------------------------------------------------------------------
WARNING: There is at least non-excluded one OpenFabrics device found,
but there are no active ports detected (or Open MPI was unable to use
them).  This is most certainly not what you wanted.  Check your
cables, subnet manager configuration, etc.  The openib BTL will be
ignored for this job.

  Local host: emu-38
--------------------------------------------------------------------------
Initial Residual = 10152.7
Iteration = 15   Residual = 138.827
Iteration = 30   Residual = 0.935431
[emu-37:21858] 7 more processes have sent help message help-mpi-btl-openib.txt / no active ports found
[emu-37:21858] Set MCA parameter "orte_base_help_aggregate" to 0 to see all help / error messages
Iteration = 45   Residual = 0.00628155
Iteration = 60   Residual = 4.11216e-05
Iteration = 75   Residual = 2.35426e-07
Iteration = 90   Residual = 1.06427e-09
Iteration = 105   Residual = 7.4922e-12
Iteration = 120   Residual = 4.85586e-14
Iteration = 135   Residual = 3.1559e-16
Iteration = 149   Residual = 3.13333e-18
Mini-Application Name: hpccg
Mini-Application Version: 1.0
Parallelism: 
  Number of MPI ranks: 8
  OpenMP not enabled: 
Dimensions: 
  nx: 150
  ny: 150
  nz: 150
Number of iterations: 149
Final residual: 3.13333e-18
#********** Performance Summary (times in sec) ***********: 
Time Summary: 
  Total   : 20.8293
  DDOT    : 2.38796
  WAXPBY  : 2.11722
  SPARSEMV: 16.2799
FLOPS Summary: 
  Total   : 2.57472e+11
  DDOT    : 1.6092e+10
  WAXPBY  : 2.4138e+10
  SPARSEMV: 2.17242e+11
MFLOPS Summary: 
  Total   : 12361.1
  DDOT    : 6738.8
  WAXPBY  : 11400.8
  SPARSEMV: 13344.2
DDOT Timing Variations: 
  Min DDOT MPI_Allreduce time: 0.0780296
  Max DDOT MPI_Allreduce time: 1.19336
  Avg DDOT MPI_Allreduce time: 0.560166
SPARSEMV OVERHEADS: 
  SPARSEMV MFLOPS W OVERHEAD: 13091.1
  SPARSEMV PARALLEL OVERHEAD Time: 0.314738
  SPARSEMV PARALLEL OVERHEAD Pct: 1.89663
  SPARSEMV PARALLEL OVERHEAD Setup Time: 0.272012
  SPARSEMV PARALLEL OVERHEAD Setup Pct: 1.63916
  SPARSEMV PARALLEL OVERHEAD Bdry Exch Time: 0.0427264
  SPARSEMV PARALLEL OVERHEAD Bdry Exch Pct: 0.257471
real 21.89
user 41.23
sys 1.77
