===== CONFIGURATION =====
=== MODULE LOADS ===
Loading cs402-mpi
  Loading requirement: gcc9
=== CPU ARCHITECTURE ===
Architecture:        x86_64
CPU op-mode(s):      32-bit, 64-bit
Byte Order:          Little Endian
CPU(s):              40
On-line CPU(s) list: 0-39
Thread(s) per core:  2
Core(s) per socket:  10
Socket(s):           2
NUMA node(s):        2
Vendor ID:           GenuineIntel
CPU family:          6
Model:               63
Model name:          Intel(R) Xeon(R) CPU E5-2660 v3 @ 2.60GHz
Stepping:            2
CPU MHz:             2946.634
CPU max MHz:         3300.0000
CPU min MHz:         1200.0000
BogoMIPS:            5200.30
Virtualization:      VT-x
L1d cache:           32K
L1i cache:           32K
L2 cache:            256K
L3 cache:            25600K
NUMA node0 CPU(s):   0-9,20-29
NUMA node1 CPU(s):   10-19,30-39
Flags:               fpu vme de pse tsc msr pae mce cx8 apic sep mtrr pge mca cmov pat pse36 clflush dts acpi mmx fxsr sse sse2 ss ht tm pbe syscall nx pdpe1gb rdtscp lm constant_tsc arch_perfmon pebs bts rep_good nopl xtopology nonstop_tsc cpuid aperfmperf pni pclmulqdq dtes64 monitor ds_cpl vmx smx est tm2 ssse3 sdbg fma cx16 xtpr pdcm pcid dca sse4_1 sse4_2 x2apic movbe popcnt tsc_deadline_timer aes xsave avx f16c rdrand lahf_lm abm cpuid_fault epb invpcid_single pti intel_ppin ssbd ibrs ibpb stibp tpr_shadow vnmi flexpriority ept vpid ept_ad fsgsbase tsc_adjust bmi1 avx2 smep bmi2 erms invpcid cqm xsaveopt cqm_llc cqm_occup_llc dtherm ida arat pln pts md_clear flush_l1d
=== SLURM CONFIG ===
JobId=911294 JobName=rust-mpiotcnz0g8.sbatch
   UserId=u2006527(38259) GroupId=dcsugrad(301) MCS_label=N/A
   Priority=4294684276 Nice=0 Account=ug QOS=normal
   JobState=RUNNING Reason=None Dependency=(null)
   Requeue=1 Restarts=0 BatchFlag=1 Reboot=0 ExitCode=0:0
   RunTime=00:00:00 TimeLimit=2-00:00:00 TimeMin=N/A
   SubmitTime=2024-04-15T13:27:43 EligibleTime=2024-04-15T15:02:34
   AccrueTime=2024-04-15T15:02:34
   StartTime=2024-04-15T15:18:55 EndTime=2024-04-17T15:18:55 Deadline=N/A
   SuspendTime=None SecsPreSuspend=0 LastSchedEval=2024-04-15T15:18:55
   Partition=cpu-batch AllocNode:Sid=kudu:2642434
   ReqNodeList=(null) ExcNodeList=(null)
   NodeList=emu-[37-40]
   BatchHost=emu-37
   NumNodes=4 NumCPUs=16 NumTasks=8 CPUs/Task=2 ReqB:S:C:T=0:0:*:*
   TRES=cpu=16,mem=240000M,node=4,billing=16
   Socks/Node=* NtasksPerN:B:S:C=2:0:*:* CoreSpec=*
   MinCPUsNode=4 MinMemoryNode=60000M MinTmpDiskNode=0
   Features=(null) DelayBoot=00:00:00
   OverSubscribe=MCS Contiguous=0 Licenses=(null) Network=(null)
   Command=/dcs/20/u2006527/Desktop/project/hpccg-rs/hpc-multibench/rust-mpiotcnz0g8.sbatch
   WorkDir=/dcs/20/u2006527/Desktop/project/hpccg-rs/hpc-multibench
   StdErr=/dcs/20/u2006527/Desktop/project/hpccg-rs/hpc-multibench/results/mpi/rust-mpi__911294.out
   StdIn=/dev/null
   StdOut=/dcs/20/u2006527/Desktop/project/hpccg-rs/hpc-multibench/results/mpi/rust-mpi__911294.out
   Power=
   NtasksPerTRES:0

=== RUN INSTANTIATION ===
{args: 150 150 150, sbatch_config: {nodes: 1, ntasks-per-node: 2}}

===== BUILD =====
run configuration was pre-built

===== RUN =====
--------------------------------------------------------------------------
WARNING: There is at least non-excluded one OpenFabrics device found,
but there are no active ports detected (or Open MPI was unable to use
them).  This is most certainly not what you wanted.  Check your
cables, subnet manager configuration, etc.  The openib BTL will be
ignored for this job.

  Local host: emu-39
--------------------------------------------------------------------------
Initial Residual = +1.01527e4
Iteration = 15 , Residual = +1.38827e2
[emu-37:27047] 7 more processes have sent help message help-mpi-btl-openib.txt / no active ports found
[emu-37:27047] Set MCA parameter "orte_base_help_aggregate" to 0 to see all help / error messages
Iteration = 30 , Residual = +9.35431e-1
Iteration = 45 , Residual = +6.28155e-3
Iteration = 60 , Residual = +4.11216e-5
Iteration = 75 , Residual = +2.35426e-7
Iteration = 90 , Residual = +1.06427e-9
Iteration = 105 , Residual = +7.49220e-12
Iteration = 120 , Residual = +4.85586e-14
Iteration = 135 , Residual = +3.15590e-16
Iteration = 149 , Residual = +3.13333e-18
Mini-Application Name: hpccg
Mini-Application Version: 1.0
Parallelism:
  Number of MPI ranks: 8
  Rayon disabled
Dimensions:
  nx: 150
  ny: 150
  nz: 150
Number of iterations: 149
Final residual: 3.13333e-18
#********** Performance Summary (times in sec) ***********
Time Summary:
  Total: 23.1349
  DDOT: 2.8257
  WAXPBY: 2.8917
  SPARSEMV: 16.1259
FLOPS Summary:
  Total: 257472000000
  DDOT: 16092000000
  WAXPBY: 24138000000
  SPARSEMV: 217242000000
MFLOPS Summary:
  Total: 11129.1515
  DDOT: 5694.9454
  WAXPBY: 8347.2102
  SPARSEMV: 13471.6249
DDOT Timing Variations:
  Min DDOT MPI_Allreduce time: 0.2900
  Max DDOT MPI_Allreduce time: 1.6281
  Avg DDOT MPI_Allreduce time: 6.6723
SPARSEMV OVERHEADS:
  SPARSEMV MFLOPS W OVERHEAD: 5490.2622
  SPARSEMV PARALLEL OVERHEAD Time: 23.4427
  SPARSEMV PARALLEL OVERHEAD Pct: 59.2457
  SPARSEMV PARALLEL OVERHEAD Setup Time: 0.2170
  SPARSEMV PARALLEL OVERHEAD Setup Pct: 0.5485
  SPARSEMV PARALLEL OVERHEAD Bdry Exch Time: 23.2257
  SPARSEMV PARALLEL OVERHEAD Bdry Exch Pct: 58.6972
Difference between computed and exact = 3.99680e-15.
real 24.28
user 44.02
sys 3.64
