===== CONFIGURATION =====
=== CPU ARCHITECTURE ===
Architecture:        x86_64
CPU op-mode(s):      32-bit, 64-bit
Byte Order:          Little Endian
CPU(s):              40
On-line CPU(s) list: 0-39
Thread(s) per core:  2
Core(s) per socket:  10
Socket(s):           2
NUMA node(s):        2
Vendor ID:           GenuineIntel
CPU family:          6
Model:               63
Model name:          Intel(R) Xeon(R) CPU E5-2660 v3 @ 2.60GHz
Stepping:            2
CPU MHz:             3098.573
CPU max MHz:         3300.0000
CPU min MHz:         1200.0000
BogoMIPS:            5200.12
Virtualization:      VT-x
L1d cache:           32K
L1i cache:           32K
L2 cache:            256K
L3 cache:            25600K
NUMA node0 CPU(s):   0-9,20-29
NUMA node1 CPU(s):   10-19,30-39
Flags:               fpu vme de pse tsc msr pae mce cx8 apic sep mtrr pge mca cmov pat pse36 clflush dts acpi mmx fxsr sse sse2 ss ht tm pbe syscall nx pdpe1gb rdtscp lm constant_tsc arch_perfmon pebs bts rep_good nopl xtopology nonstop_tsc cpuid aperfmperf pni pclmulqdq dtes64 monitor ds_cpl vmx smx est tm2 ssse3 sdbg fma cx16 xtpr pdcm pcid dca sse4_1 sse4_2 x2apic movbe popcnt tsc_deadline_timer aes xsave avx f16c rdrand lahf_lm abm cpuid_fault epb invpcid_single pti intel_ppin ssbd ibrs ibpb stibp tpr_shadow vnmi flexpriority ept vpid ept_ad fsgsbase tsc_adjust bmi1 avx2 smep bmi2 erms invpcid cqm xsaveopt cqm_llc cqm_occup_llc dtherm ida arat pln pts md_clear flush_l1d
=== SLURM CONFIG ===
JobId=917190 JobName=directjiq86z3u.sbatch
   UserId=u2006527(38259) GroupId=dcsugrad(301) MCS_label=N/A
   Priority=4294681992 Nice=0 Account=ug QOS=normal
   JobState=RUNNING Reason=None Dependency=(null)
   Requeue=1 Restarts=0 BatchFlag=1 Reboot=0 ExitCode=0:0
   RunTime=00:00:00 TimeLimit=2-00:00:00 TimeMin=N/A
   SubmitTime=2024-04-17T00:07:27 EligibleTime=2024-04-17T00:07:32
   AccrueTime=2024-04-17T00:07:32
   StartTime=2024-04-17T00:08:10 EndTime=2024-04-19T00:08:10 Deadline=N/A
   SuspendTime=None SecsPreSuspend=0 LastSchedEval=2024-04-17T00:08:10
   Partition=cpu-batch AllocNode:Sid=kudu:153991
   ReqNodeList=(null) ExcNodeList=(null)
   NodeList=emu-30
   BatchHost=emu-30
   NumNodes=1 NumCPUs=1 NumTasks=1 CPUs/Task=1 ReqB:S:C:T=0:0:*:*
   TRES=cpu=1,mem=60000M,node=1,billing=1
   Socks/Node=* NtasksPerN:B:S:C=1:0:*:* CoreSpec=*
   MinCPUsNode=1 MinMemoryNode=60000M MinTmpDiskNode=0
   Features=(null) DelayBoot=00:00:00
   OverSubscribe=MCS Contiguous=0 Licenses=(null) Network=(null)
   Command=/dcs/20/u2006527/Desktop/project/hpc-multibench/directjiq86z3u.sbatch
   WorkDir=/dcs/20/u2006527/Desktop/project/hpc-multibench
   StdErr=/dcs/20/u2006527/Desktop/project/hpc-multibench/results/rust-translations/direct__917190.out
   StdIn=/dev/null
   StdOut=/dcs/20/u2006527/Desktop/project/hpc-multibench/results/rust-translations/direct__917190.out
   Power=
   NtasksPerTRES:0

=== RUN INSTANTIATION ===
{args: 150 150 150}

===== BUILD =====
run configuration was pre-built

===== RUN =====
Initial Residual = +4.10391e3
Iteration = 15 , Residual = +5.62828e1
Iteration = 30 , Residual = +3.77472e-1
Iteration = 45 , Residual = +2.51910e-3
Iteration = 60 , Residual = +1.63578e-5
Iteration = 75 , Residual = +9.17334e-8
Iteration = 90 , Residual = +3.64605e-10
Iteration = 105 , Residual = +2.13522e-12
Iteration = 120 , Residual = +1.17439e-14
Iteration = 135 , Residual = +5.34943e-17
Iteration = 149 , Residual = +3.67237e-19
Mini-Application Name: hpccg-naive
Mini-Application Version: 1.0
Parallelism:
  MPI not enabled:
  OpenMP not enabled:
Dimensions:
  nx: 150
  ny: 150
  nz: 150
Number of iterations: 149
Final residual: 3.67237e-19
#********** Performance Summary (times in sec) ***********
Time Summary:
  Total: 100.3794
  DDOT: 1.2037
  WAXPBY: 3.5933
  SPARSEMV: 95.5728
FLOPS Summary:
  Total: 32184000000
  DDOT: 2011500000
  WAXPBY: 3017250000
  SPARSEMV: 27155250000
MFLOPS Summary:
  Total: 320.6236
  DDOT: 1671.1189
  WAXPBY: 839.6963
  SPARSEMV: 284.1315
Difference between computed and exact = 4.55191e-15.
real 111.03
user 106.76
sys 3.64
