===== CONFIGURATION =====
=== MODULE LOADS ===
ERROR: Unable to locate a modulefile for 'Clang/13.0.1'
ERROR: Unable to locate a modulefile for 'OpenMPI/4.1.4'
=== ENVIRONMENT VARIABLES ===
RAYON_NUM_THREADS=2
=== CPU ARCHITECTURE ===
Architecture:        x86_64
CPU op-mode(s):      32-bit, 64-bit
Byte Order:          Little Endian
CPU(s):              40
On-line CPU(s) list: 0-39
Thread(s) per core:  2
Core(s) per socket:  10
Socket(s):           2
NUMA node(s):        2
Vendor ID:           GenuineIntel
CPU family:          6
Model:               63
Model name:          Intel(R) Xeon(R) CPU E5-2660 v3 @ 2.60GHz
Stepping:            2
CPU MHz:             3300.000
CPU max MHz:         3300.0000
CPU min MHz:         1200.0000
BogoMIPS:            5200.29
Virtualization:      VT-x
L1d cache:           32K
L1i cache:           32K
L2 cache:            256K
L3 cache:            25600K
NUMA node0 CPU(s):   0-9,20-29
NUMA node1 CPU(s):   10-19,30-39
Flags:               fpu vme de pse tsc msr pae mce cx8 apic sep mtrr pge mca cmov pat pse36 clflush dts acpi mmx fxsr sse sse2 ss ht tm pbe syscall nx pdpe1gb rdtscp lm constant_tsc arch_perfmon pebs bts rep_good nopl xtopology nonstop_tsc cpuid aperfmperf pni pclmulqdq dtes64 monitor ds_cpl vmx smx est tm2 ssse3 sdbg fma cx16 xtpr pdcm pcid dca sse4_1 sse4_2 x2apic movbe popcnt tsc_deadline_timer aes xsave avx f16c rdrand lahf_lm abm cpuid_fault epb invpcid_single pti intel_ppin ssbd ibrs ibpb stibp tpr_shadow vnmi flexpriority ept vpid ept_ad fsgsbase tsc_adjust bmi1 avx2 smep bmi2 erms invpcid cqm xsaveopt cqm_llc cqm_occup_llc dtherm ida arat pln pts md_clear flush_l1d
=== SLURM CONFIG ===
JobId=902601 JobName=rust-hybridak3qwoul.sbatch
   UserId=u2006527(38259) GroupId=dcsugrad(301) MCS_label=N/A
   Priority=4294686668 Nice=0 Account=ug QOS=normal
   JobState=RUNNING Reason=None Dependency=(null)
   Requeue=1 Restarts=0 BatchFlag=1 Reboot=0 ExitCode=0:0
   RunTime=00:00:01 TimeLimit=2-00:00:00 TimeMin=N/A
   SubmitTime=2024-04-13T00:54:37 EligibleTime=2024-04-13T00:54:37
   AccrueTime=2024-04-13T00:54:37
   StartTime=2024-04-13T08:06:29 EndTime=2024-04-15T08:06:29 Deadline=N/A
   SuspendTime=None SecsPreSuspend=0 LastSchedEval=2024-04-13T08:06:29
   Partition=cpu-batch AllocNode:Sid=kudu:1504429
   ReqNodeList=(null) ExcNodeList=(null)
   NodeList=emu-40
   BatchHost=emu-40
   NumNodes=1 NumCPUs=16 NumTasks=8 CPUs/Task=2 ReqB:S:C:T=0:0:*:*
   TRES=cpu=16,mem=40000M,node=1,billing=16
   Socks/Node=* NtasksPerN:B:S:C=0:0:*:* CoreSpec=*
   MinCPUsNode=2 MinMemoryNode=40000M MinTmpDiskNode=0
   Features=(null) DelayBoot=00:00:00
   OverSubscribe=MCS Contiguous=0 Licenses=(null) Network=(null)
   Command=/dcs/20/u2006527/Desktop/project/hpccg-rs/hpc-multibench/rust-hybridak3qwoul.sbatch
   WorkDir=/dcs/20/u2006527/Desktop/project/hpccg-rs/hpc-multibench
   StdErr=/dcs/20/u2006527/Desktop/project/hpccg-rs/hpc-multibench/results/weak-scaling-single-node/rust-hybrid__902601.out
   StdIn=/dev/null
   StdOut=/dcs/20/u2006527/Desktop/project/hpccg-rs/hpc-multibench/results/weak-scaling-single-node/rust-hybrid__902601.out
   Power=
   NtasksPerTRES:0

=== RUN INSTANTIATION ===
{args: 64 64 64, sbatch_config: {ntasks: 1, nodes: 1}}

===== BUILD =====
    Finished release [optimized + debuginfo] target(s) in 0.32s

===== RUN =====
time: cannot run mpirun: No such file or directory
real 0.00
user 0.00
sys 0.00
