===== CONFIGURATION =====
=== MODULE LOADS ===
Loading cs402-mpi
  Loading requirement: gcc9
=== CPU ARCHITECTURE ===
Architecture:        x86_64
CPU op-mode(s):      32-bit, 64-bit
Byte Order:          Little Endian
CPU(s):              40
On-line CPU(s) list: 0-39
Thread(s) per core:  2
Core(s) per socket:  10
Socket(s):           2
NUMA node(s):        2
Vendor ID:           GenuineIntel
CPU family:          6
Model:               63
Model name:          Intel(R) Xeon(R) CPU E5-2660 v3 @ 2.60GHz
Stepping:            2
CPU MHz:             2167.760
CPU max MHz:         3300.0000
CPU min MHz:         1200.0000
BogoMIPS:            5199.70
Virtualization:      VT-x
L1d cache:           32K
L1i cache:           32K
L2 cache:            256K
L3 cache:            25600K
NUMA node0 CPU(s):   0-9,20-29
NUMA node1 CPU(s):   10-19,30-39
Flags:               fpu vme de pse tsc msr pae mce cx8 apic sep mtrr pge mca cmov pat pse36 clflush dts acpi mmx fxsr sse sse2 ss ht tm pbe syscall nx pdpe1gb rdtscp lm constant_tsc arch_perfmon pebs bts rep_good nopl xtopology nonstop_tsc cpuid aperfmperf pni pclmulqdq dtes64 monitor ds_cpl vmx smx est tm2 ssse3 sdbg fma cx16 xtpr pdcm pcid dca sse4_1 sse4_2 x2apic movbe popcnt tsc_deadline_timer aes xsave avx f16c rdrand lahf_lm abm cpuid_fault epb invpcid_single pti intel_ppin ssbd ibrs ibpb stibp tpr_shadow vnmi flexpriority ept vpid ept_ad fsgsbase tsc_adjust bmi1 avx2 smep bmi2 erms invpcid cqm xsaveopt cqm_llc cqm_occup_llc dtherm ida arat pln pts md_clear flush_l1d
=== SLURM CONFIG ===
JobId=911941 JobName=rust-mpir139n67g.sbatch
   UserId=u2006527(38259) GroupId=dcsugrad(301) MCS_label=N/A
   Priority=4294683691 Nice=0 Account=ug QOS=normal
   JobState=RUNNING Reason=None Dependency=(null)
   Requeue=1 Restarts=0 BatchFlag=1 Reboot=0 ExitCode=0:0
   RunTime=00:00:00 TimeLimit=2-00:00:00 TimeMin=N/A
   SubmitTime=2024-04-15T15:45:32 EligibleTime=2024-04-15T16:39:04
   AccrueTime=2024-04-15T16:39:04
   StartTime=2024-04-15T16:46:26 EndTime=2024-04-17T16:46:26 Deadline=N/A
   SuspendTime=None SecsPreSuspend=0 LastSchedEval=2024-04-15T16:46:26
   Partition=cpu-batch AllocNode:Sid=kudu:2642434
   ReqNodeList=(null) ExcNodeList=(null)
   NodeList=emu-[39-40]
   BatchHost=emu-39
   NumNodes=2 NumCPUs=16 NumTasks=16 CPUs/Task=1 ReqB:S:C:T=0:0:*:*
   TRES=cpu=16,mem=80000M,node=2,billing=16
   Socks/Node=* NtasksPerN:B:S:C=0:0:*:* CoreSpec=*
   MinCPUsNode=1 MinMemoryNode=40000M MinTmpDiskNode=0
   Features=(null) DelayBoot=00:00:00
   OverSubscribe=MCS Contiguous=0 Licenses=(null) Network=(null)
   Command=/dcs/20/u2006527/Desktop/project/hpccg-rs/hpc-multibench/rust-mpir139n67g.sbatch
   WorkDir=/dcs/20/u2006527/Desktop/project/hpccg-rs/hpc-multibench
   StdErr=/dcs/20/u2006527/Desktop/project/hpccg-rs/hpc-multibench/results/strong-scaling-message-passing/rust-mpi__911941.out
   StdIn=/dev/null
   StdOut=/dcs/20/u2006527/Desktop/project/hpccg-rs/hpc-multibench/results/strong-scaling-message-passing/rust-mpi__911941.out
   Power=
   NtasksPerTRES:0

=== RUN INSTANTIATION ===
{args: 64 64 128, sbatch_config: {ntasks: 8, nodes: 2}}

===== BUILD =====
run configuration was pre-built

===== RUN =====
--------------------------------------------------------------------------
WARNING: There is at least non-excluded one OpenFabrics device found,
but there are no active ports detected (or Open MPI was unable to use
them).  This is most certainly not what you wanted.  Check your
cables, subnet manager configuration, etc.  The openib BTL will be
ignored for this job.

  Local host: emu-40
--------------------------------------------------------------------------
Initial Residual = +7.84855e3
Iteration = 15 , Residual = +1.01163e2
Iteration = 30 , Residual = +5.66859e-1
Iteration = 45 , Residual = +1.54159e-3
Iteration = 60 , Residual = +9.37119e-6
Iteration = 75 , Residual = +4.16920e-8
Iteration = 90 , Residual = +2.71666e-10
[emu-39:35691] 15 more processes have sent help message help-mpi-btl-openib.txt / no active ports found
[emu-39:35691] Set MCA parameter "orte_base_help_aggregate" to 0 to see all help / error messages
Iteration = 105 , Residual = +1.73593e-12
Iteration = 120 , Residual = +9.10284e-15
Iteration = 135 , Residual = +5.85073e-17
Iteration = 149 , Residual = +5.15116e-19
Mini-Application Name: hpccg
Mini-Application Version: 1.0
Parallelism:
  Number of MPI ranks: 16
  Rayon disabled
Dimensions:
  nx: 64
  ny: 64
  nz: 128
Number of iterations: 149
Final residual: 5.15116e-19
#********** Performance Summary (times in sec) ***********
Time Summary:
  Total: 7.0353
  DDOT: 1.1313
  WAXPBY: 1.0862
  SPARSEMV: 4.5310
FLOPS Summary:
  Total: 79993765888
  DDOT: 4999610368
  WAXPBY: 7499415552
  SPARSEMV: 67494739968
MFLOPS Summary:
  Total: 11370.3671
  DDOT: 4419.1767
  WAXPBY: 6904.2999
  SPARSEMV: 14896.1813
DDOT Timing Variations:
  Min DDOT MPI_Allreduce time: 0.7258
  Max DDOT MPI_Allreduce time: 1.1408
  Avg DDOT MPI_Allreduce time: 13.3399
SPARSEMV OVERHEADS:
  SPARSEMV MFLOPS W OVERHEAD: 5770.7359
  SPARSEMV PARALLEL OVERHEAD Time: 7.1650
  SPARSEMV PARALLEL OVERHEAD Pct: 61.2603
  SPARSEMV PARALLEL OVERHEAD Setup Time: 0.0820
  SPARSEMV PARALLEL OVERHEAD Setup Pct: 0.7014
  SPARSEMV PARALLEL OVERHEAD Bdry Exch Time: 7.0830
  SPARSEMV PARALLEL OVERHEAD Bdry Exch Pct: 60.5589
Difference between computed and exact = 3.55271e-15.
real 7.66
user 54.24
sys 3.72
