===== CONFIGURATION =====
=== ENVIRONMENT VARIABLES ===
OMP_NUM_THREADS=8
RAYON_NUM_THREADS=8
=== CPU ARCHITECTURE ===
Architecture:        x86_64
CPU op-mode(s):      32-bit, 64-bit
Byte Order:          Little Endian
CPU(s):              40
On-line CPU(s) list: 0-39
Thread(s) per core:  2
Core(s) per socket:  10
Socket(s):           2
NUMA node(s):        2
Vendor ID:           GenuineIntel
CPU family:          6
Model:               63
Model name:          Intel(R) Xeon(R) CPU E5-2660 v3 @ 2.60GHz
Stepping:            2
CPU MHz:             3300.000
CPU max MHz:         3300.0000
CPU min MHz:         1200.0000
BogoMIPS:            5199.55
Virtualization:      VT-x
L1d cache:           32K
L1i cache:           32K
L2 cache:            256K
L3 cache:            25600K
NUMA node0 CPU(s):   0-9,20-29
NUMA node1 CPU(s):   10-19,30-39
Flags:               fpu vme de pse tsc msr pae mce cx8 apic sep mtrr pge mca cmov pat pse36 clflush dts acpi mmx fxsr sse sse2 ss ht tm pbe syscall nx pdpe1gb rdtscp lm constant_tsc arch_perfmon pebs bts rep_good nopl xtopology nonstop_tsc cpuid aperfmperf pni pclmulqdq dtes64 monitor ds_cpl vmx smx est tm2 ssse3 sdbg fma cx16 xtpr pdcm pcid dca sse4_1 sse4_2 x2apic movbe popcnt tsc_deadline_timer aes xsave avx f16c rdrand lahf_lm abm cpuid_fault epb invpcid_single pti intel_ppin ssbd ibrs ibpb stibp tpr_shadow vnmi flexpriority ept vpid ept_ad fsgsbase tsc_adjust bmi1 avx2 smep bmi2 erms invpcid cqm xsaveopt cqm_llc cqm_occup_llc dtherm ida arat pln pts md_clear flush_l1d
=== SLURM CONFIG ===
JobId=905674 JobName=cpp-openmpxzvv1so0.sbatch
   UserId=u2006527(38259) GroupId=dcsugrad(301) MCS_label=N/A
   Priority=4294685781 Nice=0 Account=ug QOS=normal
   JobState=RUNNING Reason=None Dependency=(null)
   Requeue=1 Restarts=0 BatchFlag=1 Reboot=0 ExitCode=0:0
   RunTime=00:00:00 TimeLimit=2-00:00:00 TimeMin=N/A
   SubmitTime=2024-04-13T23:54:57 EligibleTime=2024-04-14T00:13:20
   AccrueTime=2024-04-14T00:13:20
   StartTime=2024-04-14T00:16:54 EndTime=2024-04-16T00:16:54 Deadline=N/A
   SuspendTime=None SecsPreSuspend=0 LastSchedEval=2024-04-14T00:16:54
   Partition=cpu-batch AllocNode:Sid=kudu:1724362
   ReqNodeList=(null) ExcNodeList=(null)
   NodeList=emu-41
   BatchHost=emu-41
   NumNodes=1 NumCPUs=32 NumTasks=1 CPUs/Task=32 ReqB:S:C:T=0:0:*:*
   TRES=cpu=32,mem=40000M,node=1,billing=32
   Socks/Node=* NtasksPerN:B:S:C=1:0:*:* CoreSpec=*
   MinCPUsNode=32 MinMemoryNode=40000M MinTmpDiskNode=0
   Features=(null) DelayBoot=00:00:00
   OverSubscribe=MCS Contiguous=0 Licenses=(null) Network=(null)
   Command=/dcs/20/u2006527/Desktop/project/hpccg-rs/hpc-multibench/cpp-openmpxzvv1so0.sbatch
   WorkDir=/dcs/20/u2006527/Desktop/project/hpccg-rs/hpc-multibench
   StdErr=/dcs/20/u2006527/Desktop/project/hpccg-rs/hpc-multibench/results/strong-scaling-threaded/cpp-openmp__905674.out
   StdIn=/dev/null
   StdOut=/dcs/20/u2006527/Desktop/project/hpccg-rs/hpc-multibench/results/strong-scaling-threaded/cpp-openmp__905674.out
   Power=
   NtasksPerTRES:0

=== RUN INSTANTIATION ===
{args: 64 64 128, environment_variables: {OMP_NUM_THREADS: 8, RAYON_NUM_THREADS: 8}}

===== BUILD =====
run configuration was pre-built

===== RUN =====
Initial Residual = 2153.4
Iteration = 15   Residual = 26.9381
Iteration = 30   Residual = 0.154978
Iteration = 45   Residual = 0.000752602
Iteration = 60   Residual = 3.89889e-06
Iteration = 75   Residual = 1.71863e-08
Iteration = 90   Residual = 7.64251e-11
Iteration = 105   Residual = 2.84447e-13
Iteration = 120   Residual = 1.0763e-15
Iteration = 135   Residual = 3.57421e-18
Iteration = 149   Residual = 1.35845e-20
Mini-Application Name: hpccg
Mini-Application Version: 1.0
Parallelism: 
  MPI not enabled: 
  Number of OpenMP threads: 8
Dimensions: 
  nx: 64
  ny: 64
  nz: 128
Number of iterations: 149
Final residual: 1.35845e-20
#********** Performance Summary (times in sec) ***********: 
Time Summary: 
  Total   : 6.41673
  DDOT    : 0.228626
  WAXPBY  : 0.359035
  SPARSEMV: 5.80163
FLOPS Summary: 
  Total   : 4.99961e+09
  DDOT    : 3.12476e+08
  WAXPBY  : 4.68713e+08
  SPARSEMV: 4.21842e+09
MFLOPS Summary: 
  Total   : 779.153
  DDOT    : 1366.75
  WAXPBY  : 1305.48
  SPARSEMV: 727.11
real 0.96
user 6.46
sys 0.07
