===== CONFIGURATION =====
=== ENVIRONMENT VARIABLES ===
OMP_NUM_THREADS=16
RAYON_NUM_THREADS=16
=== CPU ARCHITECTURE ===
Architecture:        x86_64
CPU op-mode(s):      32-bit, 64-bit
Byte Order:          Little Endian
CPU(s):              40
On-line CPU(s) list: 0-39
Thread(s) per core:  2
Core(s) per socket:  10
Socket(s):           2
NUMA node(s):        2
Vendor ID:           GenuineIntel
CPU family:          6
Model:               63
Model name:          Intel(R) Xeon(R) CPU E5-2660 v3 @ 2.60GHz
Stepping:            2
CPU MHz:             3300.000
CPU max MHz:         3300.0000
CPU min MHz:         1200.0000
BogoMIPS:            5199.82
Virtualization:      VT-x
L1d cache:           32K
L1i cache:           32K
L2 cache:            256K
L3 cache:            25600K
NUMA node0 CPU(s):   0-9,20-29
NUMA node1 CPU(s):   10-19,30-39
Flags:               fpu vme de pse tsc msr pae mce cx8 apic sep mtrr pge mca cmov pat pse36 clflush dts acpi mmx fxsr sse sse2 ss ht tm pbe syscall nx pdpe1gb rdtscp lm constant_tsc arch_perfmon pebs bts rep_good nopl xtopology nonstop_tsc cpuid aperfmperf pni pclmulqdq dtes64 monitor ds_cpl vmx smx est tm2 ssse3 sdbg fma cx16 xtpr pdcm pcid dca sse4_1 sse4_2 x2apic movbe popcnt tsc_deadline_timer aes xsave avx f16c rdrand lahf_lm abm cpuid_fault epb invpcid_single pti intel_ppin ssbd ibrs ibpb stibp tpr_shadow vnmi flexpriority ept vpid ept_ad fsgsbase tsc_adjust bmi1 avx2 smep bmi2 erms invpcid cqm xsaveopt cqm_llc cqm_occup_llc dtherm ida arat pln pts md_clear flush_l1d
=== SLURM CONFIG ===
JobId=911743 JobName=cpp-openmpj7h8zy3g.sbatch
   UserId=u2006527(38259) GroupId=dcsugrad(301) MCS_label=N/A
   Priority=4294683889 Nice=0 Account=ug QOS=normal
   JobState=RUNNING Reason=None Dependency=(null)
   Requeue=1 Restarts=0 BatchFlag=1 Reboot=0 ExitCode=0:0
   RunTime=00:00:00 TimeLimit=2-00:00:00 TimeMin=N/A
   SubmitTime=2024-04-15T15:45:28 EligibleTime=2024-04-15T15:46:23
   AccrueTime=2024-04-15T15:46:23
   StartTime=2024-04-15T15:55:04 EndTime=2024-04-17T15:55:04 Deadline=N/A
   SuspendTime=None SecsPreSuspend=0 LastSchedEval=2024-04-15T15:55:04
   Partition=cpu-batch AllocNode:Sid=kudu:2642434
   ReqNodeList=(null) ExcNodeList=(null)
   NodeList=emu-41
   BatchHost=emu-41
   NumNodes=1 NumCPUs=32 NumTasks=1 CPUs/Task=32 ReqB:S:C:T=0:0:*:*
   TRES=cpu=32,mem=40000M,node=1,billing=32
   Socks/Node=* NtasksPerN:B:S:C=1:0:*:* CoreSpec=*
   MinCPUsNode=32 MinMemoryNode=40000M MinTmpDiskNode=0
   Features=(null) DelayBoot=00:00:00
   OverSubscribe=MCS Contiguous=0 Licenses=(null) Network=(null)
   Command=/dcs/20/u2006527/Desktop/project/hpccg-rs/hpc-multibench/cpp-openmpj7h8zy3g.sbatch
   WorkDir=/dcs/20/u2006527/Desktop/project/hpccg-rs/hpc-multibench
   StdErr=/dcs/20/u2006527/Desktop/project/hpccg-rs/hpc-multibench/results/strong-scaling-threaded/cpp-openmp__911743.out
   StdIn=/dev/null
   StdOut=/dcs/20/u2006527/Desktop/project/hpccg-rs/hpc-multibench/results/strong-scaling-threaded/cpp-openmp__911743.out
   Power=
   NtasksPerTRES:0

=== RUN INSTANTIATION ===
{args: 64 64 64, environment_variables: {OMP_NUM_THREADS: 16, RAYON_NUM_THREADS: 16}}

===== BUILD =====
run configuration was pre-built

===== RUN =====
Initial Residual = 1654.81
Iteration = 15   Residual = 19.7523
Iteration = 30   Residual = 0.107645
Iteration = 45   Residual = 0.000229062
Iteration = 60   Residual = 4.03876e-07
Iteration = 75   Residual = 4.4229e-10
Iteration = 90   Residual = 5.59501e-13
Iteration = 105   Residual = 3.9836e-16
Iteration = 120   Residual = 1.72231e-19
Iteration = 135   Residual = 5.38642e-22
Iteration = 149   Residual = 6.22628e-25
Mini-Application Name: hpccg
Mini-Application Version: 1.0
Parallelism: 
  MPI not enabled: 
  Number of OpenMP threads: 16
Dimensions: 
  nx: 64
  ny: 64
  nz: 64
Number of iterations: 149
Final residual: 6.22628e-25
#********** Performance Summary (times in sec) ***********: 
Time Summary: 
  Total   : 0.478647
  DDOT    : 0.012884
  WAXPBY  : 0.023259
  SPARSEMV: 0.439786
FLOPS Summary: 
  Total   : 2.49981e+09
  DDOT    : 1.56238e+08
  WAXPBY  : 2.34357e+08
  SPARSEMV: 2.10921e+09
MFLOPS Summary: 
  Total   : 5222.65
  DDOT    : 12126.5
  WAXPBY  : 10076
  SPARSEMV: 4795.99
real 0.53
user 7.31
sys 0.03
