===== CONFIGURATION =====
=== CPU ARCHITECTURE ===
Architecture:        x86_64
CPU op-mode(s):      32-bit, 64-bit
Byte Order:          Little Endian
CPU(s):              40
On-line CPU(s) list: 0-39
Thread(s) per core:  2
Core(s) per socket:  10
Socket(s):           2
NUMA node(s):        2
Vendor ID:           GenuineIntel
CPU family:          6
Model:               63
Model name:          Intel(R) Xeon(R) CPU E5-2660 v3 @ 2.60GHz
Stepping:            2
CPU MHz:             3300.000
CPU max MHz:         3300.0000
CPU min MHz:         1200.0000
BogoMIPS:            5199.84
Virtualization:      VT-x
L1d cache:           32K
L1i cache:           32K
L2 cache:            256K
L3 cache:            25600K
NUMA node0 CPU(s):   0-9,20-29
NUMA node1 CPU(s):   10-19,30-39
Flags:               fpu vme de pse tsc msr pae mce cx8 apic sep mtrr pge mca cmov pat pse36 clflush dts acpi mmx fxsr sse sse2 ss ht tm pbe syscall nx pdpe1gb rdtscp lm constant_tsc arch_perfmon pebs bts rep_good nopl xtopology nonstop_tsc cpuid aperfmperf pni pclmulqdq dtes64 monitor ds_cpl vmx smx est tm2 ssse3 sdbg fma cx16 xtpr pdcm pcid dca sse4_1 sse4_2 x2apic movbe popcnt tsc_deadline_timer aes xsave avx f16c rdrand lahf_lm abm cpuid_fault epb invpcid_single pti intel_ppin ssbd ibrs ibpb stibp tpr_shadow vnmi flexpriority ept vpid ept_ad fsgsbase tsc_adjust bmi1 avx2 smep bmi2 erms invpcid cqm xsaveopt cqm_llc cqm_occup_llc dtherm ida arat pln pts md_clear flush_l1d
=== SLURM CONFIG ===
JobId=925982 JobName=cpp-openmppus58oo3.sbatch
   UserId=u2006527(38259) GroupId=dcsugrad(301) MCS_label=N/A
   Priority=4294678285 Nice=0 Account=ug QOS=normal
   JobState=RUNNING Reason=None Dependency=(null)
   Requeue=1 Restarts=0 BatchFlag=1 Reboot=0 ExitCode=0:0
   RunTime=00:00:00 TimeLimit=2-00:00:00 TimeMin=N/A
   SubmitTime=2024-04-21T17:26:13 EligibleTime=2024-04-21T17:29:31
   AccrueTime=2024-04-21T17:29:31
   StartTime=2024-04-21T17:29:46 EndTime=2024-04-23T17:29:46 Deadline=N/A
   SuspendTime=None SecsPreSuspend=0 LastSchedEval=2024-04-21T17:29:46
   Partition=cpu-batch AllocNode:Sid=kudu:1112839
   ReqNodeList=(null) ExcNodeList=(null)
   NodeList=emu-27
   BatchHost=emu-27
   NumNodes=1 NumCPUs=32 NumTasks=1 CPUs/Task=32 ReqB:S:C:T=0:0:*:*
   TRES=cpu=32,mem=60000M,node=1,billing=32
   Socks/Node=* NtasksPerN:B:S:C=1:0:*:* CoreSpec=*
   MinCPUsNode=32 MinMemoryNode=60000M MinTmpDiskNode=0
   Features=(null) DelayBoot=00:00:00
   OverSubscribe=MCS Contiguous=0 Licenses=(null) Network=(null)
   Command=/dcs/20/u2006527/Desktop/project/hpc-multibench/cpp-openmppus58oo3.sbatch
   WorkDir=/dcs/20/u2006527/Desktop/project/hpc-multibench
   StdErr=/dcs/20/u2006527/Desktop/project/hpc-multibench/results/productivity-performance/cpp-openmp__925982.out
   StdIn=/dev/null
   StdOut=/dcs/20/u2006527/Desktop/project/hpc-multibench/results/productivity-performance/cpp-openmp__925982.out
   Power=
   NtasksPerTRES:0

=== RUN INSTANTIATION ===
{args: 200 200 200}

===== BUILD =====
run configuration was pre-built

===== RUN =====
Initial Residual = 5647.68
Iteration = 15   Residual = 77.5514
Iteration = 30   Residual = 0.525319
Iteration = 45   Residual = 0.00356848
Iteration = 60   Residual = 2.40981e-05
Iteration = 75   Residual = 1.60694e-07
Iteration = 90   Residual = 1.03073e-09
Iteration = 105   Residual = 4.65853e-12
Iteration = 120   Residual = 2.49864e-14
Iteration = 135   Residual = 1.559e-16
Iteration = 149   Residual = 1.35565e-18
Mini-Application Name: hpccg
Mini-Application Version: 1.0
Parallelism: 
  MPI not enabled: 
  Number of OpenMP threads: 32
Dimensions: 
  nx: 200
  ny: 200
  nz: 200
Number of iterations: 149
Final residual: 1.35565e-18
#********** Performance Summary (times in sec) ***********: 
Time Summary: 
  Total   : 8.7612
  DDOT    : 0.688521
  WAXPBY  : 1.34598
  SPARSEMV: 6.72333
FLOPS Summary: 
  Total   : 7.6288e+10
  DDOT    : 4.768e+09
  WAXPBY  : 7.152e+09
  SPARSEMV: 6.4368e+10
MFLOPS Summary: 
  Total   : 8707.48
  DDOT    : 6924.99
  WAXPBY  : 5313.59
  SPARSEMV: 9573.83
real 9.93
user 229.52
sys 2.96
===== POST RUN =====
───────────────────────────────────────────────────────────────────────────────
Language                 Files     Lines   Blanks  Comments     Code Complexity
───────────────────────────────────────────────────────────────────────────────
C++                         15      1664      233       645      786        122
C++ Header                  14       859       55       667      137          0
Makefile                     1       141       32        85       24          0
gitignore                    1        54       13        12       29          0
───────────────────────────────────────────────────────────────────────────────
Total                       31      2718      333      1409      976        122
───────────────────────────────────────────────────────────────────────────────
Estimated Cost to Develop (organic) $26,334
Estimated Schedule Effort (organic) 3.45 months
Estimated People Required (organic) 0.68
───────────────────────────────────────────────────────────────────────────────
Processed 100074 bytes, 0.100 megabytes (SI)
───────────────────────────────────────────────────────────────────────────────

