===== CONFIGURATION =====
=== MODULE LOADS ===
Loading cs402-mpi
  Loading requirement: gcc9
=== CPU ARCHITECTURE ===
Architecture:        x86_64
CPU op-mode(s):      32-bit, 64-bit
Byte Order:          Little Endian
CPU(s):              40
On-line CPU(s) list: 0-39
Thread(s) per core:  2
Core(s) per socket:  10
Socket(s):           2
NUMA node(s):        2
Vendor ID:           GenuineIntel
CPU family:          6
Model:               63
Model name:          Intel(R) Xeon(R) CPU E5-2660 v3 @ 2.60GHz
Stepping:            2
CPU MHz:             3300.000
CPU max MHz:         3300.0000
CPU min MHz:         1200.0000
BogoMIPS:            5199.91
Virtualization:      VT-x
L1d cache:           32K
L1i cache:           32K
L2 cache:            256K
L3 cache:            25600K
NUMA node0 CPU(s):   0-9,20-29
NUMA node1 CPU(s):   10-19,30-39
Flags:               fpu vme de pse tsc msr pae mce cx8 apic sep mtrr pge mca cmov pat pse36 clflush dts acpi mmx fxsr sse sse2 ss ht tm pbe syscall nx pdpe1gb rdtscp lm constant_tsc arch_perfmon pebs bts rep_good nopl xtopology nonstop_tsc cpuid aperfmperf pni pclmulqdq dtes64 monitor ds_cpl vmx smx est tm2 ssse3 sdbg fma cx16 xtpr pdcm pcid dca sse4_1 sse4_2 x2apic movbe popcnt tsc_deadline_timer aes xsave avx f16c rdrand lahf_lm abm cpuid_fault epb invpcid_single pti intel_ppin ssbd ibrs ibpb stibp tpr_shadow vnmi flexpriority ept vpid ept_ad fsgsbase tsc_adjust bmi1 avx2 smep bmi2 erms invpcid cqm xsaveopt cqm_llc cqm_occup_llc dtherm ida arat pln pts md_clear flush_l1d
=== SLURM CONFIG ===
JobId=925988 JobName=cpp-mpilg15xuko.sbatch
   UserId=u2006527(38259) GroupId=dcsugrad(301) MCS_label=N/A
   Priority=4294678279 Nice=0 Account=ug QOS=normal
   JobState=RUNNING Reason=None Dependency=(null)
   Requeue=1 Restarts=0 BatchFlag=1 Reboot=0 ExitCode=0:0
   RunTime=00:00:00 TimeLimit=2-00:00:00 TimeMin=N/A
   SubmitTime=2024-04-21T17:26:13 EligibleTime=2024-04-21T17:35:18
   AccrueTime=2024-04-21T17:35:18
   StartTime=2024-04-21T17:37:22 EndTime=2024-04-23T17:37:22 Deadline=N/A
   SuspendTime=None SecsPreSuspend=0 LastSchedEval=2024-04-21T17:37:22
   Partition=cpu-batch AllocNode:Sid=kudu:1112839
   ReqNodeList=(null) ExcNodeList=(null)
   NodeList=emu-[10,18]
   BatchHost=emu-10
   NumNodes=2 NumCPUs=64 NumTasks=32 CPUs/Task=2 ReqB:S:C:T=0:0:*:*
   TRES=cpu=64,mem=120000M,node=2,billing=64
   Socks/Node=* NtasksPerN:B:S:C=16:0:*:* CoreSpec=*
   MinCPUsNode=32 MinMemoryNode=60000M MinTmpDiskNode=0
   Features=(null) DelayBoot=00:00:00
   OverSubscribe=MCS Contiguous=0 Licenses=(null) Network=(null)
   Command=/dcs/20/u2006527/Desktop/project/hpc-multibench/cpp-mpilg15xuko.sbatch
   WorkDir=/dcs/20/u2006527/Desktop/project/hpc-multibench
   StdErr=/dcs/20/u2006527/Desktop/project/hpc-multibench/results/productivity-performance/cpp-mpi__925988.out
   StdIn=/dev/null
   StdOut=/dcs/20/u2006527/Desktop/project/hpc-multibench/results/productivity-performance/cpp-mpi__925988.out
   Power=
   NtasksPerTRES:0

=== RUN INSTANTIATION ===
{args: 200 200 200}

===== BUILD =====
run configuration was pre-built

===== RUN =====
Initial Residual = 27791.2
Iteration = 15   Residual = 371.593
Iteration = 30   Residual = 2.52286
Iteration = 45   Residual = 0.0171887
Iteration = 60   Residual = 0.000116439
Iteration = 75   Residual = 7.78781e-07
Iteration = 90   Residual = 4.99935e-09
Iteration = 105   Residual = 2.00573e-11
Iteration = 120   Residual = 1.09796e-13
Iteration = 135   Residual = 7.82126e-16
Iteration = 149   Residual = 7.36954e-18
Mini-Application Name: hpccg
Mini-Application Version: 1.0
Parallelism: 
  Number of MPI ranks: 32
  OpenMP not enabled: 
Dimensions: 
  nx: 200
  ny: 200
  nz: 200
Number of iterations: 149
Final residual: 7.36954e-18
#********** Performance Summary (times in sec) ***********: 
Time Summary: 
  Total   : 120.286
  DDOT    : 17.8936
  WAXPBY  : 25.9343
  SPARSEMV: 76.3892
FLOPS Summary: 
  Total   : 2.44122e+12
  DDOT    : 1.52576e+11
  WAXPBY  : 2.28864e+11
  SPARSEMV: 2.05978e+12
MFLOPS Summary: 
  Total   : 20295.1
  DDOT    : 8526.86
  WAXPBY  : 8824.76
  SPARSEMV: 26964.2
DDOT Timing Variations: 
  Min DDOT MPI_Allreduce time: 8.73763
  Max DDOT MPI_Allreduce time: 55.1799
  Avg DDOT MPI_Allreduce time: 24.8896
SPARSEMV OVERHEADS: 
  SPARSEMV MFLOPS W OVERHEAD: 26547.2
  SPARSEMV PARALLEL OVERHEAD Time: 1.19994
  SPARSEMV PARALLEL OVERHEAD Pct: 1.54653
  SPARSEMV PARALLEL OVERHEAD Setup Time: 1.16012
  SPARSEMV PARALLEL OVERHEAD Setup Pct: 1.49521
  SPARSEMV PARALLEL OVERHEAD Bdry Exch Time: 0.0398235
  SPARSEMV PARALLEL OVERHEAD Bdry Exch Pct: 0.0513262
real 123.50
user 1785.87
sys 172.69
===== POST RUN =====
───────────────────────────────────────────────────────────────────────────────
Language                 Files     Lines   Blanks  Comments     Code Complexity
───────────────────────────────────────────────────────────────────────────────
C++                         15      2366      359       782     1225        217
C++ Header                  14       883       54       672      157          0
Makefile                     1       141       32        86       23          0
gitignore                    1        54       13        12       29          0
───────────────────────────────────────────────────────────────────────────────
Total                       31      3444      458      1552     1434        217
───────────────────────────────────────────────────────────────────────────────
Estimated Cost to Develop (organic) $39,443
Estimated Schedule Effort (organic) 4.03 months
Estimated People Required (organic) 0.87
───────────────────────────────────────────────────────────────────────────────
Processed 121607 bytes, 0.122 megabytes (SI)
───────────────────────────────────────────────────────────────────────────────

