===== CONFIGURATION =====
=== MODULE LOADS ===
Loading cs402-mpi
  Loading requirement: gcc9
=== CPU ARCHITECTURE ===
Architecture:        x86_64
CPU op-mode(s):      32-bit, 64-bit
Byte Order:          Little Endian
CPU(s):              40
On-line CPU(s) list: 0-39
Thread(s) per core:  2
Core(s) per socket:  10
Socket(s):           2
NUMA node(s):        2
Vendor ID:           GenuineIntel
CPU family:          6
Model:               63
Model name:          Intel(R) Xeon(R) CPU E5-2660 v3 @ 2.60GHz
Stepping:            2
CPU MHz:             3300.000
CPU max MHz:         3300.0000
CPU min MHz:         1200.0000
BogoMIPS:            5199.91
Virtualization:      VT-x
L1d cache:           32K
L1i cache:           32K
L2 cache:            256K
L3 cache:            25600K
NUMA node0 CPU(s):   0-9,20-29
NUMA node1 CPU(s):   10-19,30-39
Flags:               fpu vme de pse tsc msr pae mce cx8 apic sep mtrr pge mca cmov pat pse36 clflush dts acpi mmx fxsr sse sse2 ss ht tm pbe syscall nx pdpe1gb rdtscp lm constant_tsc arch_perfmon pebs bts rep_good nopl xtopology nonstop_tsc cpuid aperfmperf pni pclmulqdq dtes64 monitor ds_cpl vmx smx est tm2 ssse3 sdbg fma cx16 xtpr pdcm pcid dca sse4_1 sse4_2 x2apic movbe popcnt tsc_deadline_timer aes xsave avx f16c rdrand lahf_lm abm cpuid_fault epb invpcid_single pti intel_ppin ssbd ibrs ibpb stibp tpr_shadow vnmi flexpriority ept vpid ept_ad fsgsbase tsc_adjust bmi1 avx2 smep bmi2 erms invpcid cqm xsaveopt cqm_llc cqm_occup_llc dtherm ida arat pln pts md_clear flush_l1d
=== SLURM CONFIG ===
JobId=925970 JobName=mpitfxfjid4.sbatch
   UserId=u2006527(38259) GroupId=dcsugrad(301) MCS_label=N/A
   Priority=4294678297 Nice=0 Account=ug QOS=normal
   JobState=RUNNING Reason=None Dependency=(null)
   Requeue=1 Restarts=0 BatchFlag=1 Reboot=0 ExitCode=0:0
   RunTime=00:00:00 TimeLimit=2-00:00:00 TimeMin=N/A
   SubmitTime=2024-04-21T17:26:12 EligibleTime=2024-04-21T17:28:36
   AccrueTime=Unknown
   StartTime=2024-04-21T17:28:36 EndTime=2024-04-23T17:28:36 Deadline=N/A
   SuspendTime=None SecsPreSuspend=0 LastSchedEval=2024-04-21T17:28:36
   Partition=cpu-batch AllocNode:Sid=kudu:1112839
   ReqNodeList=(null) ExcNodeList=(null)
   NodeList=emu-[10,18]
   BatchHost=emu-10
   NumNodes=2 NumCPUs=64 NumTasks=32 CPUs/Task=2 ReqB:S:C:T=0:0:*:*
   TRES=cpu=64,mem=120000M,node=2,billing=64
   Socks/Node=* NtasksPerN:B:S:C=16:0:*:* CoreSpec=*
   MinCPUsNode=32 MinMemoryNode=60000M MinTmpDiskNode=0
   Features=(null) DelayBoot=00:00:00
   OverSubscribe=MCS Contiguous=0 Licenses=(null) Network=(null)
   Command=/dcs/20/u2006527/Desktop/project/hpc-multibench/mpitfxfjid4.sbatch
   WorkDir=/dcs/20/u2006527/Desktop/project/hpc-multibench
   StdErr=/dcs/20/u2006527/Desktop/project/hpc-multibench/results/productivity-performance/mpi__925970.out
   StdIn=/dev/null
   StdOut=/dcs/20/u2006527/Desktop/project/hpc-multibench/results/productivity-performance/mpi__925970.out
   Power=
   NtasksPerTRES:0

=== RUN INSTANTIATION ===
{args: 200 200 200}

===== BUILD =====
run configuration was pre-built

===== RUN =====
Initial Residual = +2.77912e4
Iteration = 15 , Residual = +3.71593e2
Iteration = 30 , Residual = +2.52286e0
Iteration = 45 , Residual = +1.71887e-2
Iteration = 60 , Residual = +1.16439e-4
Iteration = 75 , Residual = +7.78781e-7
Iteration = 90 , Residual = +4.99935e-9
Iteration = 105 , Residual = +2.00573e-11
Iteration = 120 , Residual = +1.09796e-13
Iteration = 135 , Residual = +7.82126e-16
Iteration = 149 , Residual = +7.36954e-18
Mini-Application Name: hpccg
Mini-Application Version: 1.0
Parallelism:
  Number of MPI ranks: 32
  Rayon disabled
Dimensions:
  nx: 200
  ny: 200
  nz: 200
Number of iterations: 149
Final residual: 7.36954e-18
#********** Performance Summary (times in sec) ***********
Time Summary:
  Total: 134.6680
  DDOT: 17.5402
  WAXPBY: 39.0271
  SPARSEMV: 77.8522
FLOPS Summary:
  Total: 2441216000000
  DDOT: 152576000000
  WAXPBY: 228864000000
  SPARSEMV: 2059776000000
MFLOPS Summary:
  Total: 18127.6592
  DDOT: 8698.6249
  WAXPBY: 5864.2271
  SPARSEMV: 26457.5028
DDOT Timing Variations:
  Min DDOT MPI_Allreduce time: 8.6628
  Max DDOT MPI_Allreduce time: 59.9756
  Avg DDOT MPI_Allreduce time: 861.3482
SPARSEMV OVERHEADS:
  SPARSEMV MFLOPS W OVERHEAD: 9637.0630
  SPARSEMV PARALLEL OVERHEAD Time: 135.8826
  SPARSEMV PARALLEL OVERHEAD Pct: 63.5753
  SPARSEMV PARALLEL OVERHEAD Setup Time: 0.9596
  SPARSEMV PARALLEL OVERHEAD Setup Pct: 0.4490
  SPARSEMV PARALLEL OVERHEAD Bdry Exch Time: 134.9230
  SPARSEMV PARALLEL OVERHEAD Bdry Exch Pct: 63.1264
Difference between computed and exact = 4.10783e-15.
real 137.74
user 1651.11
sys 535.01
===== POST RUN =====
───────────────────────────────────────────────────────────────────────────────
Language                 Files     Lines   Blanks  Comments     Code Complexity
───────────────────────────────────────────────────────────────────────────────
Rust                        11      1413      168       243     1002        116
───────────────────────────────────────────────────────────────────────────────
Total                       11      1413      168       243     1002        116
───────────────────────────────────────────────────────────────────────────────
Estimated Cost to Develop (organic) $27,071
Estimated Schedule Effort (organic) 3.49 months
Estimated People Required (organic) 0.69
───────────────────────────────────────────────────────────────────────────────
Processed 49936 bytes, 0.050 megabytes (SI)
───────────────────────────────────────────────────────────────────────────────

