===== CONFIGURATION =====
=== MODULE LOADS ===
Loading cs402-mpi
  Loading requirement: gcc9
=== CPU ARCHITECTURE ===
Architecture:        x86_64
CPU op-mode(s):      32-bit, 64-bit
Byte Order:          Little Endian
CPU(s):              40
On-line CPU(s) list: 0-39
Thread(s) per core:  2
Core(s) per socket:  10
Socket(s):           2
NUMA node(s):        2
Vendor ID:           GenuineIntel
CPU family:          6
Model:               63
Model name:          Intel(R) Xeon(R) CPU E5-2660 v3 @ 2.60GHz
Stepping:            2
CPU MHz:             3300.000
CPU max MHz:         3300.0000
CPU min MHz:         1200.0000
BogoMIPS:            5200.12
Virtualization:      VT-x
L1d cache:           32K
L1i cache:           32K
L2 cache:            256K
L3 cache:            25600K
NUMA node0 CPU(s):   0-9,20-29
NUMA node1 CPU(s):   10-19,30-39
Flags:               fpu vme de pse tsc msr pae mce cx8 apic sep mtrr pge mca cmov pat pse36 clflush dts acpi mmx fxsr sse sse2 ss ht tm pbe syscall nx pdpe1gb rdtscp lm constant_tsc arch_perfmon pebs bts rep_good nopl xtopology nonstop_tsc cpuid aperfmperf pni pclmulqdq dtes64 monitor ds_cpl vmx smx est tm2 ssse3 sdbg fma cx16 xtpr pdcm pcid dca sse4_1 sse4_2 x2apic movbe popcnt tsc_deadline_timer aes xsave avx f16c rdrand lahf_lm abm cpuid_fault epb invpcid_single pti intel_ppin ssbd ibrs ibpb stibp tpr_shadow vnmi flexpriority ept vpid ept_ad fsgsbase tsc_adjust bmi1 avx2 smep bmi2 erms invpcid cqm xsaveopt cqm_llc cqm_occup_llc dtherm ida arat pln pts md_clear flush_l1d
=== SLURM CONFIG ===
JobId=905968 JobName=rust-mpiqirw_m26.sbatch
   UserId=u2006527(38259) GroupId=dcsugrad(301) MCS_label=N/A
   Priority=4294685488 Nice=0 Account=ug QOS=normal
   JobState=RUNNING Reason=None Dependency=(null)
   Requeue=1 Restarts=0 BatchFlag=1 Reboot=0 ExitCode=0:0
   RunTime=00:00:00 TimeLimit=2-00:00:00 TimeMin=N/A
   SubmitTime=2024-04-13T23:55:05 EligibleTime=2024-04-14T01:02:07
   AccrueTime=2024-04-14T01:02:07
   StartTime=2024-04-14T01:46:59 EndTime=2024-04-16T01:46:59 Deadline=N/A
   SuspendTime=None SecsPreSuspend=0 LastSchedEval=2024-04-14T01:46:59
   Partition=cpu-batch AllocNode:Sid=kudu:1724362
   ReqNodeList=(null) ExcNodeList=(null)
   NodeList=emu-[26,42]
   BatchHost=emu-26
   NumNodes=2 NumCPUs=16 NumTasks=16 CPUs/Task=1 ReqB:S:C:T=0:0:*:*
   TRES=cpu=16,mem=80000M,node=2,billing=16
   Socks/Node=* NtasksPerN:B:S:C=0:0:*:* CoreSpec=*
   MinCPUsNode=1 MinMemoryNode=40000M MinTmpDiskNode=0
   Features=(null) DelayBoot=00:00:00
   OverSubscribe=MCS Contiguous=0 Licenses=(null) Network=(null)
   Command=/dcs/20/u2006527/Desktop/project/hpccg-rs/hpc-multibench/rust-mpiqirw_m26.sbatch
   WorkDir=/dcs/20/u2006527/Desktop/project/hpccg-rs/hpc-multibench
   StdErr=/dcs/20/u2006527/Desktop/project/hpccg-rs/hpc-multibench/results/weak-scaling-message-passing/rust-mpi__905968.out
   StdIn=/dev/null
   StdOut=/dcs/20/u2006527/Desktop/project/hpccg-rs/hpc-multibench/results/weak-scaling-message-passing/rust-mpi__905968.out
   Power=
   NtasksPerTRES:0

=== RUN INSTANTIATION ===
{args: 200 200 200, sbatch_config: {ntasks: 2, nodes: 1}}

===== BUILD =====
run configuration was pre-built

===== RUN =====
--------------------------------------------------------------------------
WARNING: There is at least non-excluded one OpenFabrics device found,
but there are no active ports detected (or Open MPI was unable to use
them).  This is most certainly not what you wanted.  Check your
cables, subnet manager configuration, etc.  The openib BTL will be
ignored for this job.

  Local host: emu-26
--------------------------------------------------------------------------
[emu-26:495737] 15 more processes have sent help message help-mpi-btl-openib.txt / no active ports found
[emu-26:495737] Set MCA parameter "orte_base_help_aggregate" to 0 to see all help / error messages
Initial Residual = +1.97530e4
Iteration = 15 , Residual = +2.64542e2
Iteration = 30 , Residual = +1.79615e0
Iteration = 45 , Residual = +1.22385e-2
Iteration = 60 , Residual = +8.29224e-5
Iteration = 75 , Residual = +5.54915e-7
Iteration = 90 , Residual = +3.57053e-9
Iteration = 105 , Residual = +1.57255e-11
Iteration = 120 , Residual = +8.63068e-14
Iteration = 135 , Residual = +6.11349e-16
Iteration = 149 , Residual = +5.67722e-18
Mini-Application Name: hpccg
Mini-Application Version: 1.0
Parallelism:
  Number of MPI ranks: 16
  Rayon disabled
Dimensions:
  nx: 200
  ny: 200
  nz: 200
Number of iterations: 149
Final residual: 5.67722e-18
#********** Performance Summary (times in sec) ***********
Time Summary:
  Total: 91.3383
  DDOT: 5.8419
  WAXPBY: 14.0018
  SPARSEMV: 71.2674
FLOPS Summary:
  Total: 1220608000000
  DDOT: 76288000000
  WAXPBY: 114432000000
  SPARSEMV: 1029888000000
MFLOPS Summary:
  Total: 13363.5917
  DDOT: 13058.7718
  WAXPBY: 8172.6828
  SPARSEMV: 14451.0345
DDOT Timing Variations:
  Min DDOT MPI_Allreduce time: 0.6895
  Max DDOT MPI_Allreduce time: 2.2111
  Avg DDOT MPI_Allreduce time: 21.2984
SPARSEMV OVERHEADS:
  SPARSEMV MFLOPS W OVERHEAD: 6216.0993
  SPARSEMV PARALLEL OVERHEAD Time: 94.4133
  SPARSEMV PARALLEL OVERHEAD Pct: 56.9851
  SPARSEMV PARALLEL OVERHEAD Setup Time: 0.9512
  SPARSEMV PARALLEL OVERHEAD Setup Pct: 0.5741
  SPARSEMV PARALLEL OVERHEAD Bdry Exch Time: 93.4622
  SPARSEMV PARALLEL OVERHEAD Bdry Exch Pct: 56.4110
Difference between computed and exact = 3.77476e-15.
real 138.13
user 757.78
sys 129.92
