===== CONFIGURATION =====
=== MODULE LOADS ===
Loading cs402-mpi
  Loading requirement: gcc9
=== ENVIRONMENT VARIABLES ===
OMP_NUM_THREADS=2
=== CPU ARCHITECTURE ===
Architecture:        x86_64
CPU op-mode(s):      32-bit, 64-bit
Byte Order:          Little Endian
CPU(s):              40
On-line CPU(s) list: 0-39
Thread(s) per core:  2
Core(s) per socket:  10
Socket(s):           2
NUMA node(s):        2
Vendor ID:           GenuineIntel
CPU family:          6
Model:               63
Model name:          Intel(R) Xeon(R) CPU E5-2660 v3 @ 2.60GHz
Stepping:            2
CPU MHz:             3300.000
CPU max MHz:         3300.0000
CPU min MHz:         1200.0000
BogoMIPS:            5200.08
Virtualization:      VT-x
L1d cache:           32K
L1i cache:           32K
L2 cache:            256K
L3 cache:            25600K
NUMA node0 CPU(s):   0-9,20-29
NUMA node1 CPU(s):   10-19,30-39
Flags:               fpu vme de pse tsc msr pae mce cx8 apic sep mtrr pge mca cmov pat pse36 clflush dts acpi mmx fxsr sse sse2 ss ht tm pbe syscall nx pdpe1gb rdtscp lm constant_tsc arch_perfmon pebs bts rep_good nopl xtopology nonstop_tsc cpuid aperfmperf pni pclmulqdq dtes64 monitor ds_cpl vmx smx est tm2 ssse3 sdbg fma cx16 xtpr pdcm pcid dca sse4_1 sse4_2 x2apic movbe popcnt tsc_deadline_timer aes xsave avx f16c rdrand lahf_lm abm cpuid_fault epb invpcid_single pti intel_ppin ssbd ibrs ibpb stibp tpr_shadow vnmi flexpriority ept vpid ept_ad fsgsbase tsc_adjust bmi1 avx2 smep bmi2 erms invpcid cqm xsaveopt cqm_llc cqm_occup_llc dtherm ida arat pln pts md_clear flush_l1d
=== SLURM CONFIG ===
JobId=904951 JobName=cpp-hybrid519b40xc.sbatch
   UserId=u2006527(38259) GroupId=dcsugrad(301) MCS_label=N/A
   Priority=4294686330 Nice=0 Account=ug QOS=normal
   JobState=RUNNING Reason=None Dependency=(null)
   Requeue=1 Restarts=0 BatchFlag=1 Reboot=0 ExitCode=0:0
   RunTime=00:00:00 TimeLimit=2-00:00:00 TimeMin=N/A
   SubmitTime=2024-04-13T20:37:30 EligibleTime=2024-04-13T20:47:12
   AccrueTime=2024-04-13T20:47:12
   StartTime=2024-04-13T20:50:30 EndTime=2024-04-15T20:50:30 Deadline=N/A
   SuspendTime=None SecsPreSuspend=0 LastSchedEval=2024-04-13T20:50:30
   Partition=cpu-batch AllocNode:Sid=kudu:1724362
   ReqNodeList=(null) ExcNodeList=(null)
   NodeList=emu-32
   BatchHost=emu-32
   NumNodes=1 NumCPUs=16 NumTasks=8 CPUs/Task=2 ReqB:S:C:T=0:0:*:*
   TRES=cpu=16,mem=40000M,node=1,billing=16
   Socks/Node=* NtasksPerN:B:S:C=0:0:*:* CoreSpec=*
   MinCPUsNode=2 MinMemoryNode=40000M MinTmpDiskNode=0
   Features=(null) DelayBoot=00:00:00
   OverSubscribe=MCS Contiguous=0 Licenses=(null) Network=(null)
   Command=/dcs/20/u2006527/Desktop/project/hpccg-rs/hpc-multibench/cpp-hybrid519b40xc.sbatch
   WorkDir=/dcs/20/u2006527/Desktop/project/hpccg-rs/hpc-multibench
   StdErr=/dcs/20/u2006527/Desktop/project/hpccg-rs/hpc-multibench/results/strong-scaling-single-node/cpp-hybrid__904951.out
   StdIn=/dev/null
   StdOut=/dcs/20/u2006527/Desktop/project/hpccg-rs/hpc-multibench/results/strong-scaling-single-node/cpp-hybrid__904951.out
   Power=
   NtasksPerTRES:0

=== RUN INSTANTIATION ===
{args: 64 64 512, sbatch_config: {nodes: 1, ntasks: 2}}

===== BUILD =====
run configuration was pre-built

===== RUN =====
--------------------------------------------------------------------------
WARNING: There is at least non-excluded one OpenFabrics device found,
but there are no active ports detected (or Open MPI was unable to use
them).  This is most certainly not what you wanted.  Check your
cables, subnet manager configuration, etc.  The openib BTL will be
ignored for this job.

  Local host: emu-32
--------------------------------------------------------------------------
Initial Residual = 11061.6
Iteration = 15   Residual = 142.687
Iteration = 30   Residual = 0.798216
[emu-32:435152] 7 more processes have sent help message help-mpi-btl-openib.txt / no active ports found
[emu-32:435152] Set MCA parameter "orte_base_help_aggregate" to 0 to see all help / error messages
Iteration = 45   Residual = 0.00186044
Iteration = 60   Residual = 1.22973e-05
Iteration = 75   Residual = 5.22963e-08
Iteration = 90   Residual = 3.07354e-10
Iteration = 105   Residual = 1.89238e-12
Iteration = 120   Residual = 1.01888e-14
Iteration = 135   Residual = 6.76759e-17
Iteration = 149   Residual = 5.58897e-19
Mini-Application Name: hpccg
Mini-Application Version: 1.0
Parallelism: 
  Number of MPI ranks: 8
  Number of OpenMP threads: 2
Dimensions: 
  nx: 64
  ny: 64
  nz: 512
Number of iterations: 149
Final residual: 5.58897e-19
#********** Performance Summary (times in sec) ***********: 
Time Summary: 
  Total   : 20.1221
  DDOT    : 0.982006
  WAXPBY  : 3.18443
  SPARSEMV: 15.9363
FLOPS Summary: 
  Total   : 1.59988e+11
  DDOT    : 9.99922e+09
  WAXPBY  : 1.49988e+10
  SPARSEMV: 1.34989e+11
MFLOPS Summary: 
  Total   : 7950.82
  DDOT    : 10182.4
  WAXPBY  : 4710.05
  SPARSEMV: 8470.54
DDOT Timing Variations: 
  Min DDOT MPI_Allreduce time: 0.0437344
  Max DDOT MPI_Allreduce time: 0.2201
  Avg DDOT MPI_Allreduce time: 0.115307
SPARSEMV OVERHEADS: 
  SPARSEMV MFLOPS W OVERHEAD: 8391.03
  SPARSEMV PARALLEL OVERHEAD Time: 0.151004
  SPARSEMV PARALLEL OVERHEAD Pct: 0.938652
  SPARSEMV PARALLEL OVERHEAD Setup Time: 0.134963
  SPARSEMV PARALLEL OVERHEAD Setup Pct: 0.838937
  SPARSEMV PARALLEL OVERHEAD Bdry Exch Time: 0.0160415
  SPARSEMV PARALLEL OVERHEAD Bdry Exch Pct: 0.099715
real 20.83
user 320.48
sys 2.15
