===== CONFIGURATION =====
=== MODULE LOADS ===
Loading cs402-mpi
  Loading requirement: gcc9
=== ENVIRONMENT VARIABLES ===
OMP_NUM_THREADS=2
=== CPU ARCHITECTURE ===
Architecture:        x86_64
CPU op-mode(s):      32-bit, 64-bit
Byte Order:          Little Endian
CPU(s):              40
On-line CPU(s) list: 0-39
Thread(s) per core:  2
Core(s) per socket:  10
Socket(s):           2
NUMA node(s):        2
Vendor ID:           GenuineIntel
CPU family:          6
Model:               63
Model name:          Intel(R) Xeon(R) CPU E5-2660 v3 @ 2.60GHz
Stepping:            2
CPU MHz:             3300.000
CPU max MHz:         3300.0000
CPU min MHz:         1200.0000
BogoMIPS:            5200.12
Virtualization:      VT-x
L1d cache:           32K
L1i cache:           32K
L2 cache:            256K
L3 cache:            25600K
NUMA node0 CPU(s):   0-9,20-29
NUMA node1 CPU(s):   10-19,30-39
Flags:               fpu vme de pse tsc msr pae mce cx8 apic sep mtrr pge mca cmov pat pse36 clflush dts acpi mmx fxsr sse sse2 ss ht tm pbe syscall nx pdpe1gb rdtscp lm constant_tsc arch_perfmon pebs bts rep_good nopl xtopology nonstop_tsc cpuid aperfmperf pni pclmulqdq dtes64 monitor ds_cpl vmx smx est tm2 ssse3 sdbg fma cx16 xtpr pdcm pcid dca sse4_1 sse4_2 x2apic movbe popcnt tsc_deadline_timer aes xsave avx f16c rdrand lahf_lm abm cpuid_fault epb invpcid_single pti intel_ppin ssbd ibrs ibpb stibp tpr_shadow vnmi flexpriority ept vpid ept_ad fsgsbase tsc_adjust bmi1 avx2 smep bmi2 erms invpcid cqm xsaveopt cqm_llc cqm_occup_llc dtherm ida arat pln pts md_clear flush_l1d
=== SLURM CONFIG ===
JobId=904946 JobName=cpp-hybridwg4hoe4n.sbatch
   UserId=u2006527(38259) GroupId=dcsugrad(301) MCS_label=N/A
   Priority=4294686335 Nice=0 Account=ug QOS=normal
   JobState=RUNNING Reason=None Dependency=(null)
   Requeue=1 Restarts=0 BatchFlag=1 Reboot=0 ExitCode=0:0
   RunTime=00:00:00 TimeLimit=2-00:00:00 TimeMin=N/A
   SubmitTime=2024-04-13T20:37:30 EligibleTime=2024-04-13T20:47:12
   AccrueTime=2024-04-13T20:47:12
   StartTime=2024-04-13T20:49:30 EndTime=2024-04-15T20:49:30 Deadline=N/A
   SuspendTime=None SecsPreSuspend=0 LastSchedEval=2024-04-13T20:49:30
   Partition=cpu-batch AllocNode:Sid=kudu:1724362
   ReqNodeList=(null) ExcNodeList=(null)
   NodeList=emu-38
   BatchHost=emu-38
   NumNodes=1 NumCPUs=16 NumTasks=8 CPUs/Task=2 ReqB:S:C:T=0:0:*:*
   TRES=cpu=16,mem=40000M,node=1,billing=16
   Socks/Node=* NtasksPerN:B:S:C=0:0:*:* CoreSpec=*
   MinCPUsNode=2 MinMemoryNode=40000M MinTmpDiskNode=0
   Features=(null) DelayBoot=00:00:00
   OverSubscribe=MCS Contiguous=0 Licenses=(null) Network=(null)
   Command=/dcs/20/u2006527/Desktop/project/hpccg-rs/hpc-multibench/cpp-hybridwg4hoe4n.sbatch
   WorkDir=/dcs/20/u2006527/Desktop/project/hpccg-rs/hpc-multibench
   StdErr=/dcs/20/u2006527/Desktop/project/hpccg-rs/hpc-multibench/results/strong-scaling-single-node/cpp-hybrid__904946.out
   StdIn=/dev/null
   StdOut=/dcs/20/u2006527/Desktop/project/hpccg-rs/hpc-multibench/results/strong-scaling-single-node/cpp-hybrid__904946.out
   Power=
   NtasksPerTRES:0

=== RUN INSTANTIATION ===
{args: 64 64 1024, sbatch_config: {nodes: 1, ntasks: 1}}

===== BUILD =====
run configuration was pre-built

===== RUN =====
--------------------------------------------------------------------------
WARNING: There is at least non-excluded one OpenFabrics device found,
but there are no active ports detected (or Open MPI was unable to use
them).  This is most certainly not what you wanted.  Check your
cables, subnet manager configuration, etc.  The openib BTL will be
ignored for this job.

  Local host: emu-38
--------------------------------------------------------------------------
Initial Residual = 15616.7
[emu-38:468296] 7 more processes have sent help message help-mpi-btl-openib.txt / no active ports found
[emu-38:468296] Set MCA parameter "orte_base_help_aggregate" to 0 to see all help / error messages
Iteration = 15   Residual = 201.52
Iteration = 30   Residual = 1.12638
Iteration = 45   Residual = 0.00231792
Iteration = 60   Residual = 1.64827e-05
Iteration = 75   Residual = 6.83109e-08
Iteration = 90   Residual = 3.41395e-10
Iteration = 105   Residual = 2.0069e-12
Iteration = 120   Residual = 1.14602e-14
Iteration = 135   Residual = 7.7998e-17
Iteration = 149   Residual = 5.96546e-19
Mini-Application Name: hpccg
Mini-Application Version: 1.0
Parallelism: 
  Number of MPI ranks: 8
  Number of OpenMP threads: 2
Dimensions: 
  nx: 64
  ny: 64
  nz: 1024
Number of iterations: 149
Final residual: 5.96546e-19
#********** Performance Summary (times in sec) ***********: 
Time Summary: 
  Total   : 40.6948
  DDOT    : 2.05313
  WAXPBY  : 6.48505
  SPARSEMV: 32.143
FLOPS Summary: 
  Total   : 3.19975e+11
  DDOT    : 1.99984e+10
  WAXPBY  : 2.99977e+10
  SPARSEMV: 2.69979e+11
MFLOPS Summary: 
  Total   : 7862.79
  DDOT    : 9740.44
  WAXPBY  : 4625.66
  SPARSEMV: 8399.31
DDOT Timing Variations: 
  Min DDOT MPI_Allreduce time: 0.00998287
  Max DDOT MPI_Allreduce time: 0.388928
  Avg DDOT MPI_Allreduce time: 0.223862
SPARSEMV OVERHEADS: 
  SPARSEMV MFLOPS W OVERHEAD: 8326.95
  SPARSEMV PARALLEL OVERHEAD Time: 0.279328
  SPARSEMV PARALLEL OVERHEAD Pct: 0.861531
  SPARSEMV PARALLEL OVERHEAD Setup Time: 0.268977
  SPARSEMV PARALLEL OVERHEAD Setup Pct: 0.829604
  SPARSEMV PARALLEL OVERHEAD Bdry Exch Time: 0.0103516
  SPARSEMV PARALLEL OVERHEAD Bdry Exch Pct: 0.0319272
real 41.85
user 648.46
sys 3.86
