===== CONFIGURATION =====
=== MODULE LOADS ===
Loading cs402-mpi
  Loading requirement: gcc9
=== ENVIRONMENT VARIABLES ===
RAYON_NUM_THREADS=2
=== CPU ARCHITECTURE ===
Architecture:        x86_64
CPU op-mode(s):      32-bit, 64-bit
Byte Order:          Little Endian
CPU(s):              40
On-line CPU(s) list: 0-39
Thread(s) per core:  2
Core(s) per socket:  10
Socket(s):           2
NUMA node(s):        2
Vendor ID:           GenuineIntel
CPU family:          6
Model:               63
Model name:          Intel(R) Xeon(R) CPU E5-2660 v3 @ 2.60GHz
Stepping:            2
CPU MHz:             3300.000
CPU max MHz:         3300.0000
CPU min MHz:         1200.0000
BogoMIPS:            5200.29
Virtualization:      VT-x
L1d cache:           32K
L1i cache:           32K
L2 cache:            256K
L3 cache:            25600K
NUMA node0 CPU(s):   0-9,20-29
NUMA node1 CPU(s):   10-19,30-39
Flags:               fpu vme de pse tsc msr pae mce cx8 apic sep mtrr pge mca cmov pat pse36 clflush dts acpi mmx fxsr sse sse2 ss ht tm pbe syscall nx pdpe1gb rdtscp lm constant_tsc arch_perfmon pebs bts rep_good nopl xtopology nonstop_tsc cpuid aperfmperf pni pclmulqdq dtes64 monitor ds_cpl vmx smx est tm2 ssse3 sdbg fma cx16 xtpr pdcm pcid dca sse4_1 sse4_2 x2apic movbe popcnt tsc_deadline_timer aes xsave avx f16c rdrand lahf_lm abm cpuid_fault epb invpcid_single pti intel_ppin ssbd ibrs ibpb stibp tpr_shadow vnmi flexpriority ept vpid ept_ad fsgsbase tsc_adjust bmi1 avx2 smep bmi2 erms invpcid cqm xsaveopt cqm_llc cqm_occup_llc dtherm ida arat pln pts md_clear flush_l1d
=== SLURM CONFIG ===
JobId=904964 JobName=rust-hybrid9fz5ts77.sbatch
   UserId=u2006527(38259) GroupId=dcsugrad(301) MCS_label=N/A
   Priority=4294686317 Nice=0 Account=ug QOS=normal
   JobState=RUNNING Reason=None Dependency=(null)
   Requeue=1 Restarts=0 BatchFlag=1 Reboot=0 ExitCode=0:0
   RunTime=00:00:00 TimeLimit=2-00:00:00 TimeMin=N/A
   SubmitTime=2024-04-13T20:37:30 EligibleTime=2024-04-13T20:37:30
   AccrueTime=2024-04-13T20:37:30
   StartTime=2024-04-13T20:46:30 EndTime=2024-04-15T20:46:30 Deadline=N/A
   SuspendTime=None SecsPreSuspend=0 LastSchedEval=2024-04-13T20:46:30
   Partition=cpu-batch AllocNode:Sid=kudu:1724362
   ReqNodeList=(null) ExcNodeList=(null)
   NodeList=emu-40
   BatchHost=emu-40
   NumNodes=1 NumCPUs=16 NumTasks=8 CPUs/Task=2 ReqB:S:C:T=0:0:*:*
   TRES=cpu=16,mem=40000M,node=1,billing=16
   Socks/Node=* NtasksPerN:B:S:C=0:0:*:* CoreSpec=*
   MinCPUsNode=2 MinMemoryNode=40000M MinTmpDiskNode=0
   Features=(null) DelayBoot=00:00:00
   OverSubscribe=MCS Contiguous=0 Licenses=(null) Network=(null)
   Command=/dcs/20/u2006527/Desktop/project/hpccg-rs/hpc-multibench/rust-hybrid9fz5ts77.sbatch
   WorkDir=/dcs/20/u2006527/Desktop/project/hpccg-rs/hpc-multibench
   StdErr=/dcs/20/u2006527/Desktop/project/hpccg-rs/hpc-multibench/results/strong-scaling-single-node/rust-hybrid__904964.out
   StdIn=/dev/null
   StdOut=/dcs/20/u2006527/Desktop/project/hpccg-rs/hpc-multibench/results/strong-scaling-single-node/rust-hybrid__904964.out
   Power=
   NtasksPerTRES:0

=== RUN INSTANTIATION ===
{args: 64 64 1024, sbatch_config: {nodes: 1, ntasks: 1}}

===== BUILD =====
    Finished release [optimized + debuginfo] target(s) in 0.67s

===== RUN =====
--------------------------------------------------------------------------
WARNING: There is at least non-excluded one OpenFabrics device found,
but there are no active ports detected (or Open MPI was unable to use
them).  This is most certainly not what you wanted.  Check your
cables, subnet manager configuration, etc.  The openib BTL will be
ignored for this job.

  Local host: emu-40
--------------------------------------------------------------------------
Initial Residual = +1.56167e4
[emu-40:445848] 7 more processes have sent help message help-mpi-btl-openib.txt / no active ports found
[emu-40:445848] Set MCA parameter "orte_base_help_aggregate" to 0 to see all help / error messages
Iteration = 15 , Residual = +2.01520e2
Iteration = 30 , Residual = +1.12638e0
Iteration = 45 , Residual = +2.31792e-3
Iteration = 60 , Residual = +1.64827e-5
Iteration = 75 , Residual = +6.83109e-8
Iteration = 90 , Residual = +3.41395e-10
Iteration = 105 , Residual = +2.00690e-12
Iteration = 120 , Residual = +1.14602e-14
Iteration = 135 , Residual = +7.79980e-17
Iteration = 149 , Residual = +5.96546e-19
Mini-Application Name: hpccg
Mini-Application Version: 1.0
Parallelism:
  Number of MPI ranks: 8
  Rayon disabled
Dimensions:
  nx: 64
  ny: 64
  nz: 1024
Number of iterations: 149
Final residual: 5.96546e-19
#********** Performance Summary (times in sec) ***********
Time Summary:
  Total: 79.5489
  DDOT: 4.6277
  WAXPBY: 12.6929
  SPARSEMV: 62.1379
FLOPS Summary:
  Total: 319975063552
  DDOT: 19998441472
  WAXPBY: 29997662208
  SPARSEMV: 269978959872
MFLOPS Summary:
  Total: 4022.3673
  DDOT: 4321.4729
  WAXPBY: 2363.3426
  SPARSEMV: 4344.8386
DDOT Timing Variations:
  Min DDOT MPI_Allreduce time: 0.7343
  Max DDOT MPI_Allreduce time: 1.4468
  Avg DDOT MPI_Allreduce time: 9.4632
SPARSEMV OVERHEADS:
  SPARSEMV MFLOPS W OVERHEAD: 1898.5744
  SPARSEMV PARALLEL OVERHEAD Time: 80.0630
  SPARSEMV PARALLEL OVERHEAD Pct: 56.3028
  SPARSEMV PARALLEL OVERHEAD Setup Time: 0.2562
  SPARSEMV PARALLEL OVERHEAD Setup Pct: 0.1802
  SPARSEMV PARALLEL OVERHEAD Bdry Exch Time: 79.8068
  SPARSEMV PARALLEL OVERHEAD Bdry Exch Pct: 56.1226
Difference between computed and exact = 6.55032e-15.
real 49.01
user 640.50
sys 80.63
