===== CONFIGURATION =====
=== ENVIRONMENT VARIABLES ===
OMP_NUM_THREADS=1
RAYON_NUM_THREADS=1
=== CPU ARCHITECTURE ===
Architecture:        x86_64
CPU op-mode(s):      32-bit, 64-bit
Byte Order:          Little Endian
CPU(s):              40
On-line CPU(s) list: 0-39
Thread(s) per core:  2
Core(s) per socket:  10
Socket(s):           2
NUMA node(s):        2
Vendor ID:           GenuineIntel
CPU family:          6
Model:               63
Model name:          Intel(R) Xeon(R) CPU E5-2660 v3 @ 2.60GHz
Stepping:            2
CPU MHz:             3300.000
CPU max MHz:         3300.0000
CPU min MHz:         1200.0000
BogoMIPS:            5200.20
Virtualization:      VT-x
L1d cache:           32K
L1i cache:           32K
L2 cache:            256K
L3 cache:            25600K
NUMA node0 CPU(s):   0-9,20-29
NUMA node1 CPU(s):   10-19,30-39
Flags:               fpu vme de pse tsc msr pae mce cx8 apic sep mtrr pge mca cmov pat pse36 clflush dts acpi mmx fxsr sse sse2 ss ht tm pbe syscall nx pdpe1gb rdtscp lm constant_tsc arch_perfmon pebs bts rep_good nopl xtopology nonstop_tsc cpuid aperfmperf pni pclmulqdq dtes64 monitor ds_cpl vmx smx est tm2 ssse3 sdbg fma cx16 xtpr pdcm pcid dca sse4_1 sse4_2 x2apic movbe popcnt tsc_deadline_timer aes xsave avx f16c rdrand lahf_lm abm cpuid_fault epb invpcid_single pti intel_ppin ssbd ibrs ibpb stibp tpr_shadow vnmi flexpriority ept vpid ept_ad fsgsbase tsc_adjust bmi1 avx2 smep bmi2 erms invpcid cqm xsaveopt cqm_llc cqm_occup_llc dtherm ida arat pln pts md_clear flush_l1d
=== SLURM CONFIG ===
JobId=901953 JobName=cpp-openmpcor7vnyp.sbatch
   UserId=u2006527(38259) GroupId=dcsugrad(301) MCS_label=N/A
   Priority=4294687305 Nice=0 Account=ug QOS=normal
   JobState=RUNNING Reason=None Dependency=(null)
   Requeue=1 Restarts=0 BatchFlag=1 Reboot=0 ExitCode=0:0
   RunTime=00:00:00 TimeLimit=2-00:00:00 TimeMin=N/A
   SubmitTime=2024-04-13T00:40:43 EligibleTime=2024-04-13T00:41:02
   AccrueTime=2024-04-13T00:41:02
   StartTime=2024-04-13T01:17:06 EndTime=2024-04-15T01:17:06 Deadline=N/A
   SuspendTime=None SecsPreSuspend=0 LastSchedEval=2024-04-13T01:17:06
   Partition=cpu-batch AllocNode:Sid=kudu:1504429
   ReqNodeList=(null) ExcNodeList=(null)
   NodeList=emu-34
   BatchHost=emu-34
   NumNodes=1 NumCPUs=32 NumTasks=1 CPUs/Task=32 ReqB:S:C:T=0:0:*:*
   TRES=cpu=32,mem=60000M,node=1,billing=32
   Socks/Node=* NtasksPerN:B:S:C=1:0:*:* CoreSpec=*
   MinCPUsNode=32 MinMemoryNode=60000M MinTmpDiskNode=0
   Features=(null) DelayBoot=00:00:00
   OverSubscribe=MCS Contiguous=0 Licenses=(null) Network=(null)
   Command=/dcs/20/u2006527/Desktop/project/hpccg-rs/hpc-multibench/cpp-openmpcor7vnyp.sbatch
   WorkDir=/dcs/20/u2006527/Desktop/project/hpccg-rs/hpc-multibench
   StdErr=/dcs/20/u2006527/Desktop/project/hpccg-rs/hpc-multibench/results/multi-threaded/cpp-openmp__901953.out
   StdIn=/dev/null
   StdOut=/dcs/20/u2006527/Desktop/project/hpccg-rs/hpc-multibench/results/multi-threaded/cpp-openmp__901953.out
   Power=
   NtasksPerTRES:0

=== RUN INSTANTIATION ===
{args: 400 400 400, environment_variables: {OMP_NUM_THREADS: 1, RAYON_NUM_THREADS: 1}}

===== BUILD =====
run configuration was pre-built

===== RUN =====
Initial Residual = 12621.9
Iteration = 15   Residual = 162.655
Iteration = 30   Residual = 1.11063
Iteration = 45   Residual = 0.00763443
Iteration = 60   Residual = 5.24604e-05
Iteration = 75   Residual = 3.60317e-07
Iteration = 90   Residual = 2.47326e-09
Iteration = 105   Residual = 1.69623e-11
Iteration = 120   Residual = 1.16191e-13
Iteration = 135   Residual = 7.94406e-16
Iteration = 149   Residual = 7.5516e-18
Mini-Application Name: hpccg
Mini-Application Version: 1.0
Parallelism: 
  MPI not enabled: 
  Number of OpenMP threads: 1
Dimensions: 
  nx: 400
  ny: 400
  nz: 400
Number of iterations: 149
Final residual: 7.5516e-18
#********** Performance Summary (times in sec) ***********: 
Time Summary: 
  Total   : 349.884
  DDOT    : 21.6948
  WAXPBY  : 37.1227
  SPARSEMV: 291.064
FLOPS Summary: 
  Total   : 6.10304e+11
  DDOT    : 3.8144e+10
  WAXPBY  : 5.7216e+10
  SPARSEMV: 5.14944e+11
MFLOPS Summary: 
  Total   : 1744.31
  DDOT    : 1758.21
  WAXPBY  : 1541.27
  SPARSEMV: 1769.18
real 360.18
user 354.06
sys 4.68
