===== CONFIGURATION =====
=== MODULE LOADS ===
Loading cs402-mpi
  Loading requirement: gcc9
=== CPU ARCHITECTURE ===
Architecture:        x86_64
CPU op-mode(s):      32-bit, 64-bit
Byte Order:          Little Endian
CPU(s):              40
On-line CPU(s) list: 0-39
Thread(s) per core:  2
Core(s) per socket:  10
Socket(s):           2
NUMA node(s):        2
Vendor ID:           GenuineIntel
CPU family:          6
Model:               63
Model name:          Intel(R) Xeon(R) CPU E5-2660 v3 @ 2.60GHz
Stepping:            2
CPU MHz:             3300.000
CPU max MHz:         3300.0000
CPU min MHz:         1200.0000
BogoMIPS:            5200.24
Virtualization:      VT-x
L1d cache:           32K
L1i cache:           32K
L2 cache:            256K
L3 cache:            25600K
NUMA node0 CPU(s):   0-9,20-29
NUMA node1 CPU(s):   10-19,30-39
Flags:               fpu vme de pse tsc msr pae mce cx8 apic sep mtrr pge mca cmov pat pse36 clflush dts acpi mmx fxsr sse sse2 ss ht tm pbe syscall nx pdpe1gb rdtscp lm constant_tsc arch_perfmon pebs bts rep_good nopl xtopology nonstop_tsc cpuid aperfmperf pni pclmulqdq dtes64 monitor ds_cpl vmx smx est tm2 ssse3 sdbg fma cx16 xtpr pdcm pcid dca sse4_1 sse4_2 x2apic movbe popcnt tsc_deadline_timer aes xsave avx f16c rdrand lahf_lm abm cpuid_fault epb invpcid_single pti intel_ppin ssbd ibrs ibpb stibp tpr_shadow vnmi flexpriority ept vpid ept_ad fsgsbase tsc_adjust bmi1 avx2 smep bmi2 erms invpcid cqm xsaveopt cqm_llc cqm_occup_llc dtherm ida arat pln pts md_clear flush_l1d
=== SLURM CONFIG ===
JobId=917530 JobName=cpp-hybridnvusxiq0.sbatch
   UserId=u2006527(38259) GroupId=dcsugrad(301) MCS_label=N/A
   Priority=4294681652 Nice=0 Account=ug QOS=normal
   JobState=RUNNING Reason=None Dependency=(null)
   Requeue=1 Restarts=0 BatchFlag=1 Reboot=0 ExitCode=0:0
   RunTime=00:00:00 TimeLimit=2-00:00:00 TimeMin=N/A
   SubmitTime=2024-04-17T00:27:14 EligibleTime=2024-04-17T00:47:46
   AccrueTime=2024-04-17T00:47:46
   StartTime=2024-04-17T00:48:12 EndTime=2024-04-19T00:48:12 Deadline=N/A
   SuspendTime=None SecsPreSuspend=0 LastSchedEval=2024-04-17T00:48:12
   Partition=cpu-batch AllocNode:Sid=kudu:153991
   ReqNodeList=(null) ExcNodeList=(null)
   NodeList=emu-33
   BatchHost=emu-33
   NumNodes=1 NumCPUs=1 NumTasks=1 CPUs/Task=1 ReqB:S:C:T=0:0:*:*
   TRES=cpu=1,mem=60000M,node=1,billing=1
   Socks/Node=* NtasksPerN:B:S:C=0:0:*:* CoreSpec=*
   MinCPUsNode=1 MinMemoryNode=60000M MinTmpDiskNode=0
   Features=(null) DelayBoot=00:00:00
   OverSubscribe=MCS Contiguous=0 Licenses=(null) Network=(null)
   Command=/dcs/20/u2006527/Desktop/project/hpc-multibench/cpp-hybridnvusxiq0.sbatch
   WorkDir=/dcs/20/u2006527/Desktop/project/hpc-multibench
   StdErr=/dcs/20/u2006527/Desktop/project/hpc-multibench/results/cpp-parallelism/cpp-hybrid__917530.out
   StdIn=/dev/null
   StdOut=/dcs/20/u2006527/Desktop/project/hpc-multibench/results/cpp-parallelism/cpp-hybrid__917530.out
   Power=
   NtasksPerTRES:0

=== RUN INSTANTIATION ===
{args: 125 125 125}

===== BUILD =====
run configuration was pre-built

===== RUN =====
--------------------------------------------------------------------------
WARNING: There is at least non-excluded one OpenFabrics device found,
but there are no active ports detected (or Open MPI was unable to use
them).  This is most certainly not what you wanted.  Check your
cables, subnet manager configuration, etc.  The openib BTL will be
ignored for this job.

  Local host: emu-33
--------------------------------------------------------------------------
Initial Residual = 3364.42
Iteration = 15   Residual = 45.6525
Iteration = 30   Residual = 0.302691
Iteration = 45   Residual = 0.00196934
Iteration = 60   Residual = 1.15294e-05
Iteration = 75   Residual = 4.21575e-08
Iteration = 90   Residual = 2.31921e-10
Iteration = 105   Residual = 1.09369e-12
Iteration = 120   Residual = 3.73123e-15
Iteration = 135   Residual = 1.66202e-17
Iteration = 149   Residual = 8.22752e-20
Mini-Application Name: hpccg
Mini-Application Version: 1.0
Parallelism: 
  Number of MPI ranks: 1
  Number of OpenMP threads: 2
Dimensions: 
  nx: 125
  ny: 125
  nz: 125
Number of iterations: 149
Final residual: 8.22752e-20
#********** Performance Summary (times in sec) ***********: 
Time Summary: 
  Total   : 8.21407
  DDOT    : 0.421019
  WAXPBY  : 0.958432
  SPARSEMV: 6.83285
FLOPS Summary: 
  Total   : 1.8625e+10
  DDOT    : 1.16406e+09
  WAXPBY  : 1.74609e+09
  SPARSEMV: 1.57148e+10
MFLOPS Summary: 
  Total   : 2267.45
  DDOT    : 2764.87
  WAXPBY  : 1821.82
  SPARSEMV: 2299.9
DDOT Timing Variations: 
  Min DDOT MPI_Allreduce time: 0.000632938
  Max DDOT MPI_Allreduce time: 0.000632938
  Avg DDOT MPI_Allreduce time: 0.000632938
SPARSEMV OVERHEADS: 
  SPARSEMV MFLOPS W OVERHEAD: 2266.21
  SPARSEMV PARALLEL OVERHEAD Time: 0.101565
  SPARSEMV PARALLEL OVERHEAD Pct: 1.46465
  SPARSEMV PARALLEL OVERHEAD Setup Time: 0.101163
  SPARSEMV PARALLEL OVERHEAD Setup Pct: 1.45886
  SPARSEMV PARALLEL OVERHEAD Bdry Exch Time: 0.000401941
  SPARSEMV PARALLEL OVERHEAD Bdry Exch Pct: 0.00579632
real 8.75
user 16.54
sys 0.21
