===== CONFIGURATION =====
=== MODULE LOADS ===
Loading cs402-mpi
  Loading requirement: gcc9
=== ENVIRONMENT VARIABLES ===
RAYON_NUM_THREADS=2
=== CPU ARCHITECTURE ===
Architecture:        x86_64
CPU op-mode(s):      32-bit, 64-bit
Byte Order:          Little Endian
CPU(s):              40
On-line CPU(s) list: 0-39
Thread(s) per core:  2
Core(s) per socket:  10
Socket(s):           2
NUMA node(s):        2
Vendor ID:           GenuineIntel
CPU family:          6
Model:               63
Model name:          Intel(R) Xeon(R) CPU E5-2660 v3 @ 2.60GHz
Stepping:            2
CPU MHz:             3300.000
CPU max MHz:         3300.0000
CPU min MHz:         1200.0000
BogoMIPS:            5200.26
Virtualization:      VT-x
L1d cache:           32K
L1i cache:           32K
L2 cache:            256K
L3 cache:            25600K
NUMA node0 CPU(s):   0-9,20-29
NUMA node1 CPU(s):   10-19,30-39
Flags:               fpu vme de pse tsc msr pae mce cx8 apic sep mtrr pge mca cmov pat pse36 clflush dts acpi mmx fxsr sse sse2 ss ht tm pbe syscall nx pdpe1gb rdtscp lm constant_tsc arch_perfmon pebs bts rep_good nopl xtopology nonstop_tsc cpuid aperfmperf pni pclmulqdq dtes64 monitor ds_cpl vmx smx est tm2 ssse3 sdbg fma cx16 xtpr pdcm pcid dca sse4_1 sse4_2 x2apic movbe popcnt tsc_deadline_timer aes xsave avx f16c rdrand lahf_lm abm cpuid_fault epb invpcid_single pti intel_ppin ssbd ibrs ibpb stibp tpr_shadow vnmi flexpriority ept vpid ept_ad fsgsbase tsc_adjust bmi1 avx2 smep bmi2 erms invpcid cqm xsaveopt cqm_llc cqm_occup_llc dtherm ida arat pln pts md_clear flush_l1d
=== SLURM CONFIG ===
JobId=904941 JobName=rust-hybridju2obm1f.sbatch
   UserId=u2006527(38259) GroupId=dcsugrad(301) MCS_label=N/A
   Priority=4294686340 Nice=0 Account=ug QOS=normal
   JobState=RUNNING Reason=None Dependency=(null)
   Requeue=1 Restarts=0 BatchFlag=1 Reboot=0 ExitCode=0:0
   RunTime=00:00:00 TimeLimit=2-00:00:00 TimeMin=N/A
   SubmitTime=2024-04-13T20:37:29 EligibleTime=2024-04-13T20:46:35
   AccrueTime=2024-04-13T20:46:35
   StartTime=2024-04-13T20:48:59 EndTime=2024-04-15T20:48:59 Deadline=N/A
   SuspendTime=None SecsPreSuspend=0 LastSchedEval=2024-04-13T20:48:59
   Partition=cpu-batch AllocNode:Sid=kudu:1724362
   ReqNodeList=(null) ExcNodeList=(null)
   NodeList=emu-39
   BatchHost=emu-39
   NumNodes=1 NumCPUs=32 NumTasks=16 CPUs/Task=2 ReqB:S:C:T=0:0:*:*
   TRES=cpu=32,mem=40000M,node=1,billing=32
   Socks/Node=* NtasksPerN:B:S:C=0:0:*:* CoreSpec=*
   MinCPUsNode=2 MinMemoryNode=40000M MinTmpDiskNode=0
   Features=(null) DelayBoot=00:00:00
   OverSubscribe=MCS Contiguous=0 Licenses=(null) Network=(null)
   Command=/dcs/20/u2006527/Desktop/project/hpccg-rs/hpc-multibench/rust-hybridju2obm1f.sbatch
   WorkDir=/dcs/20/u2006527/Desktop/project/hpccg-rs/hpc-multibench
   StdErr=/dcs/20/u2006527/Desktop/project/hpccg-rs/hpc-multibench/results/weak-scaling-multi-nodal/rust-hybrid__904941.out
   StdIn=/dev/null
   StdOut=/dcs/20/u2006527/Desktop/project/hpccg-rs/hpc-multibench/results/weak-scaling-multi-nodal/rust-hybrid__904941.out
   Power=
   NtasksPerTRES:0

=== RUN INSTANTIATION ===
{args: 64 64 64, sbatch_config: {ntasks: 16}}

===== BUILD =====
run configuration was pre-built

===== RUN =====
--------------------------------------------------------------------------
WARNING: There is at least non-excluded one OpenFabrics device found,
but there are no active ports detected (or Open MPI was unable to use
them).  This is most certainly not what you wanted.  Check your
cables, subnet manager configuration, etc.  The openib BTL will be
ignored for this job.

  Local host: emu-39
--------------------------------------------------------------------------
Initial Residual = +5.58746e3
Iteration = 15 , Residual = +7.19055e1
Iteration = 30 , Residual = +4.04189e-1
Iteration = 45 , Residual = +1.29556e-3
Iteration = 60 , Residual = +7.39304e-6
Iteration = 75 , Residual = +3.50312e-8
Iteration = 90 , Residual = +2.37424e-10
Iteration = 105 , Residual = +1.54436e-12
Iteration = 120 , Residual = +8.16975e-15
Iteration = 135 , Residual = +5.12996e-17
Iteration = 149 , Residual = +4.68143e-19
Mini-Application Name: hpccg
Mini-Application Version: 1.0
Parallelism:
  Number of MPI ranks: 16
  Rayon disabled
Dimensions:
  nx: 64
  ny: 64
  nz: 64
Number of iterations: 149
Final residual: 4.68143e-19
#********** Performance Summary (times in sec) ***********
Time Summary:
  Total: 6.5976
  DDOT: 0.3360
  WAXPBY: 1.1885
  SPARSEMV: 4.9358
FLOPS Summary:
  Total: 39996882944
  DDOT: 2499805184
  WAXPBY: 3749707776
  SPARSEMV: 33747369984
MFLOPS Summary:
  Total: 6062.3171
  DDOT: 7440.2728
  WAXPBY: 3155.0157
  SPARSEMV: 6837.2285
DDOT Timing Variations:
  Min DDOT MPI_Allreduce time: 0.0648
  Max DDOT MPI_Allreduce time: 1.5858
  Avg DDOT MPI_Allreduce time: 9.9425
SPARSEMV OVERHEADS:
  SPARSEMV MFLOPS W OVERHEAD: 2910.1655
  SPARSEMV PARALLEL OVERHEAD Time: 6.6605
  SPARSEMV PARALLEL OVERHEAD Pct: 57.4365
  SPARSEMV PARALLEL OVERHEAD Setup Time: 0.0220
  SPARSEMV PARALLEL OVERHEAD Setup Pct: 0.1900
  SPARSEMV PARALLEL OVERHEAD Bdry Exch Time: 6.6385
  SPARSEMV PARALLEL OVERHEAD Bdry Exch Pct: 57.2465
Difference between computed and exact = 4.32987e-15.
[emu-39:268050] 15 more processes have sent help message help-mpi-btl-openib.txt / no active ports found
[emu-39:268050] Set MCA parameter "orte_base_help_aggregate" to 0 to see all help / error messages
real 3.86
user 98.16
sys 1.82
