===== CONFIGURATION =====
=== ENVIRONMENT VARIABLES ===
OMP_NUM_THREADS=32
OMP_PROC_BIND=spread
OMP_PLACES=threads
=== CPU ARCHITECTURE ===
Architecture:        x86_64
CPU op-mode(s):      32-bit, 64-bit
Byte Order:          Little Endian
CPU(s):              40
On-line CPU(s) list: 0-39
Thread(s) per core:  2
Core(s) per socket:  10
Socket(s):           2
NUMA node(s):        2
Vendor ID:           GenuineIntel
CPU family:          6
Model:               63
Model name:          Intel(R) Xeon(R) CPU E5-2660 v3 @ 2.60GHz
Stepping:            2
CPU MHz:             3300.000
CPU max MHz:         3300.0000
CPU min MHz:         1200.0000
BogoMIPS:            5200.29
Virtualization:      VT-x
L1d cache:           32K
L1i cache:           32K
L2 cache:            256K
L3 cache:            25600K
NUMA node0 CPU(s):   0-9,20-29
NUMA node1 CPU(s):   10-19,30-39
Flags:               fpu vme de pse tsc msr pae mce cx8 apic sep mtrr pge mca cmov pat pse36 clflush dts acpi mmx fxsr sse sse2 ss ht tm pbe syscall nx pdpe1gb rdtscp lm constant_tsc arch_perfmon pebs bts rep_good nopl xtopology nonstop_tsc cpuid aperfmperf pni pclmulqdq dtes64 monitor ds_cpl vmx smx est tm2 ssse3 sdbg fma cx16 xtpr pdcm pcid dca sse4_1 sse4_2 x2apic movbe popcnt tsc_deadline_timer aes xsave avx f16c rdrand lahf_lm abm cpuid_fault epb invpcid_single pti intel_ppin ssbd ibrs ibpb stibp tpr_shadow vnmi flexpriority ept vpid ept_ad fsgsbase tsc_adjust bmi1 avx2 smep bmi2 erms invpcid cqm xsaveopt cqm_llc cqm_occup_llc dtherm ida arat pln pts md_clear flush_l1d
=== SLURM CONFIG ===
JobId=902328 JobName=cpp-kokkostzo38ji5.sbatch
   UserId=u2006527(38259) GroupId=dcsugrad(301) MCS_label=N/A
   Priority=4294686930 Nice=0 Account=ug QOS=normal
   JobState=RUNNING Reason=None Dependency=(null)
   Requeue=1 Restarts=0 BatchFlag=1 Reboot=0 ExitCode=0:0
   RunTime=00:00:00 TimeLimit=2-00:00:00 TimeMin=N/A
   SubmitTime=2024-04-13T00:40:52 EligibleTime=2024-04-13T07:37:50
   AccrueTime=2024-04-13T07:37:50
   StartTime=2024-04-13T07:53:24 EndTime=2024-04-15T07:53:24 Deadline=N/A
   SuspendTime=None SecsPreSuspend=0 LastSchedEval=2024-04-13T07:53:24
   Partition=cpu-batch AllocNode:Sid=kudu:1504429
   ReqNodeList=(null) ExcNodeList=(null)
   NodeList=emu-40
   BatchHost=emu-40
   NumNodes=1 NumCPUs=32 NumTasks=1 CPUs/Task=32 ReqB:S:C:T=0:0:*:*
   TRES=cpu=32,mem=60000M,node=1,billing=32
   Socks/Node=* NtasksPerN:B:S:C=1:0:*:* CoreSpec=*
   MinCPUsNode=32 MinMemoryNode=60000M MinTmpDiskNode=0
   Features=(null) DelayBoot=00:00:00
   OverSubscribe=MCS Contiguous=0 Licenses=(null) Network=(null)
   Command=/dcs/20/u2006527/Desktop/project/hpccg-rs/hpc-multibench/cpp-kokkostzo38ji5.sbatch
   WorkDir=/dcs/20/u2006527/Desktop/project/hpccg-rs/hpc-multibench
   StdErr=/dcs/20/u2006527/Desktop/project/hpccg-rs/hpc-multibench/results/cpp-kokkos-rust-parallel/cpp-kokkos__902328.out
   StdIn=/dev/null
   StdOut=/dcs/20/u2006527/Desktop/project/hpccg-rs/hpc-multibench/results/cpp-kokkos-rust-parallel/cpp-kokkos__902328.out
   Power=
   NtasksPerTRES:0

=== RUN INSTANTIATION ===
{args: 300 300 300}

===== BUILD =====
run configuration was pre-built

===== RUN =====
Initial Residual = 8981.35
Iteration = 15   Residual = 120.1
Iteration = 30   Residual = 0.818529
Iteration = 45   Residual = 0.0056118
Iteration = 60   Residual = 3.84336e-05
Iteration = 75   Residual = 2.62815e-07
Iteration = 90   Residual = 1.79283e-09
Iteration = 105   Residual = 1.21791e-11
Iteration = 120   Residual = 8.20401e-14
Iteration = 135   Residual = 5.40425e-16
Iteration = 149   Residual = 4.54341e-18
Mini-Application Name: hpccg
Mini-Application Version: 1.0
Parallelism: 
  MPI not enabled: 
  Number of Kokkos threads: 32
Dimensions: 
  nx: 300
  ny: 300
  nz: 300
Number of iterations: 149
Final residual: 4.54341e-18
#********** Performance Summary (times in sec) ***********: 
Time Summary: 
  Total   : 659.054
  DDOT    : 32.6636
  WAXPBY  : 96.7234
  SPARSEMV: 529.409
FLOPS Summary: 
  Total   : 2.57472e+11
  DDOT    : 1.6092e+10
  WAXPBY  : 2.4138e+10
  SPARSEMV: 2.17242e+11
MFLOPS Summary: 
  Total   : 390.669
  DDOT    : 492.658
  WAXPBY  : 249.557
  SPARSEMV: 410.348
real 26.16
user 660.96
sys 5.09
