===== CONFIGURATION =====
=== MODULE LOADS ===
Loading cs402-mpi
  Loading requirement: gcc9
=== CPU ARCHITECTURE ===
Architecture:        x86_64
CPU op-mode(s):      32-bit, 64-bit
Byte Order:          Little Endian
CPU(s):              40
On-line CPU(s) list: 0-39
Thread(s) per core:  2
Core(s) per socket:  10
Socket(s):           2
NUMA node(s):        2
Vendor ID:           GenuineIntel
CPU family:          6
Model:               63
Model name:          Intel(R) Xeon(R) CPU E5-2660 v3 @ 2.60GHz
Stepping:            2
CPU MHz:             3300.000
CPU max MHz:         3300.0000
CPU min MHz:         1200.0000
BogoMIPS:            5200.21
Virtualization:      VT-x
L1d cache:           32K
L1i cache:           32K
L2 cache:            256K
L3 cache:            25600K
NUMA node0 CPU(s):   0-9,20-29
NUMA node1 CPU(s):   10-19,30-39
Flags:               fpu vme de pse tsc msr pae mce cx8 apic sep mtrr pge mca cmov pat pse36 clflush dts acpi mmx fxsr sse sse2 ss ht tm pbe syscall nx pdpe1gb rdtscp lm constant_tsc arch_perfmon pebs bts rep_good nopl xtopology nonstop_tsc cpuid aperfmperf pni pclmulqdq dtes64 monitor ds_cpl vmx smx est tm2 ssse3 sdbg fma cx16 xtpr pdcm pcid dca sse4_1 sse4_2 x2apic movbe popcnt tsc_deadline_timer aes xsave avx f16c rdrand lahf_lm abm cpuid_fault epb invpcid_single pti intel_ppin ssbd ibrs ibpb stibp tpr_shadow vnmi flexpriority ept vpid ept_ad fsgsbase tsc_adjust bmi1 avx2 smep bmi2 erms invpcid cqm xsaveopt cqm_llc cqm_occup_llc dtherm ida arat pln pts md_clear flush_l1d
=== SLURM CONFIG ===
JobId=926285 JobName=cpp-mpi2xz_75_i.sbatch
   UserId=u2006527(38259) GroupId=dcsugrad(301) MCS_label=N/A
   Priority=4294677982 Nice=0 Account=ug QOS=normal
   JobState=RUNNING Reason=None Dependency=(null)
   Requeue=1 Restarts=0 BatchFlag=1 Reboot=0 ExitCode=0:0
   RunTime=00:00:00 TimeLimit=2-00:00:00 TimeMin=N/A
   SubmitTime=2024-04-21T22:42:47 EligibleTime=2024-04-21T22:42:48
   AccrueTime=Unknown
   StartTime=2024-04-21T22:42:48 EndTime=2024-04-23T22:42:48 Deadline=N/A
   SuspendTime=None SecsPreSuspend=0 LastSchedEval=2024-04-21T22:42:48
   Partition=cpu-batch AllocNode:Sid=kudu:1147633
   ReqNodeList=(null) ExcNodeList=(null)
   NodeList=emu-[25-26]
   BatchHost=emu-25
   NumNodes=2 NumCPUs=8 NumTasks=4 CPUs/Task=2 ReqB:S:C:T=0:0:*:*
   TRES=cpu=8,mem=120000M,node=2,billing=8
   Socks/Node=* NtasksPerN:B:S:C=2:0:*:* CoreSpec=*
   MinCPUsNode=4 MinMemoryNode=60000M MinTmpDiskNode=0
   Features=(null) DelayBoot=00:00:00
   OverSubscribe=MCS Contiguous=0 Licenses=(null) Network=(null)
   Command=/dcs/20/u2006527/Desktop/project/hpc-multibench/cpp-mpi2xz_75_i.sbatch
   WorkDir=/dcs/20/u2006527/Desktop/project/hpc-multibench
   StdErr=/dcs/20/u2006527/Desktop/project/hpc-multibench/results/mpi/cpp-mpi__926285.out
   StdIn=/dev/null
   StdOut=/dcs/20/u2006527/Desktop/project/hpc-multibench/results/mpi/cpp-mpi__926285.out
   Power=
   NtasksPerTRES:0

=== RUN INSTANTIATION ===
{args: 25 25 25, sbatch_config: {nodes: 2, ntasks-per-node: 2}}

===== BUILD =====
run configuration was pre-built

===== RUN =====
--------------------------------------------------------------------------
WARNING: There is at least non-excluded one OpenFabrics device found,
but there are no active ports detected (or Open MPI was unable to use
them).  This is most certainly not what you wanted.  Check your
cables, subnet manager configuration, etc.  The openib BTL will be
ignored for this job.

  Local host: emu-25
--------------------------------------------------------------------------
Initial Residual = 1099.95
Iteration = 15   Residual = 4.29262
Iteration = 30   Residual = 0.0168513
Iteration = 45   Residual = 4.59945e-05
Iteration = 60   Residual = 4.39274e-08
Iteration = 75   Residual = 1.90363e-11
Iteration = 90   Residual = 8.07896e-15
Iteration = 105   Residual = 9.46275e-19
Iteration = 120   Residual = 8.61702e-22
Iteration = 135   Residual = 2.8155e-25
Iteration = 149   Residual = 5.65547e-28
Mini-Application Name: hpccg
Mini-Application Version: 1.0
Parallelism: 
  Number of MPI ranks: 4
  OpenMP not enabled: 
Dimensions: 
  nx: 25
  ny: 25
  nz: 25
Number of iterations: 149
Final residual: 5.65547e-28
#********** Performance Summary (times in sec) ***********: 
Time Summary: 
  Total   : 0.121264
  DDOT    : 0.0592814
  WAXPBY  : 0.00550499
  SPARSEMV: 0.0532441
FLOPS Summary: 
  Total   : 5.96e+08
  DDOT    : 3.725e+07
  WAXPBY  : 5.5875e+07
  SPARSEMV: 5.02875e+08
MFLOPS Summary: 
  Total   : 4914.88
  DDOT    : 628.358
  WAXPBY  : 10149.9
  SPARSEMV: 9444.71
DDOT Timing Variations: 
  Min DDOT MPI_Allreduce time: 0.0159899
  Max DDOT MPI_Allreduce time: 0.054792
  Avg DDOT MPI_Allreduce time: 0.0392776
SPARSEMV OVERHEADS: 
  SPARSEMV MFLOPS W OVERHEAD: 7289.96
  SPARSEMV PARALLEL OVERHEAD Time: 0.0157377
  SPARSEMV PARALLEL OVERHEAD Pct: 22.8143
  SPARSEMV PARALLEL OVERHEAD Setup Time: 0.013431
  SPARSEMV PARALLEL OVERHEAD Setup Pct: 19.4704
  SPARSEMV PARALLEL OVERHEAD Bdry Exch Time: 0.00230668
  SPARSEMV PARALLEL OVERHEAD Bdry Exch Pct: 3.34389
[emu-25:409577] 3 more processes have sent help message help-mpi-btl-openib.txt / no active ports found
[emu-25:409577] Set MCA parameter "orte_base_help_aggregate" to 0 to see all help / error messages
real 0.86
user 0.27
sys 0.13
