===== CONFIGURATION =====
=== MODULE LOADS ===
Loading cs402-mpi
  Loading requirement: gcc9
=== CPU ARCHITECTURE ===
Architecture:        x86_64
CPU op-mode(s):      32-bit, 64-bit
Byte Order:          Little Endian
CPU(s):              40
On-line CPU(s) list: 0-39
Thread(s) per core:  2
Core(s) per socket:  10
Socket(s):           2
NUMA node(s):        2
Vendor ID:           GenuineIntel
CPU family:          6
Model:               63
Model name:          Intel(R) Xeon(R) CPU E5-2660 v3 @ 2.60GHz
Stepping:            2
CPU MHz:             3300.000
CPU max MHz:         3300.0000
CPU min MHz:         1200.0000
BogoMIPS:            5200.20
Virtualization:      VT-x
L1d cache:           32K
L1i cache:           32K
L2 cache:            256K
L3 cache:            25600K
NUMA node0 CPU(s):   0-9,20-29
NUMA node1 CPU(s):   10-19,30-39
Flags:               fpu vme de pse tsc msr pae mce cx8 apic sep mtrr pge mca cmov pat pse36 clflush dts acpi mmx fxsr sse sse2 ss ht tm pbe syscall nx pdpe1gb rdtscp lm constant_tsc arch_perfmon pebs bts rep_good nopl xtopology nonstop_tsc cpuid aperfmperf pni pclmulqdq dtes64 monitor ds_cpl vmx smx est tm2 ssse3 sdbg fma cx16 xtpr pdcm pcid dca sse4_1 sse4_2 x2apic movbe popcnt tsc_deadline_timer aes xsave avx f16c rdrand lahf_lm abm cpuid_fault epb invpcid_single pti intel_ppin ssbd ibrs ibpb stibp tpr_shadow vnmi flexpriority ept vpid ept_ad fsgsbase tsc_adjust bmi1 avx2 smep bmi2 erms invpcid cqm xsaveopt cqm_llc cqm_occup_llc dtherm ida arat pln pts md_clear flush_l1d
=== SLURM CONFIG ===
JobId=902040 JobName=cpp-mpi33mm_4am.sbatch
   UserId=u2006527(38259) GroupId=dcsugrad(301) MCS_label=N/A
   Priority=4294687218 Nice=0 Account=ug QOS=normal
   JobState=RUNNING Reason=None Dependency=(null)
   Requeue=1 Restarts=0 BatchFlag=1 Reboot=0 ExitCode=0:0
   RunTime=00:00:00 TimeLimit=2-00:00:00 TimeMin=N/A
   SubmitTime=2024-04-13T00:40:45 EligibleTime=2024-04-13T06:46:00
   AccrueTime=2024-04-13T06:46:00
   StartTime=2024-04-13T06:49:57 EndTime=2024-04-15T06:49:57 Deadline=N/A
   SuspendTime=None SecsPreSuspend=0 LastSchedEval=2024-04-13T06:49:57
   Partition=cpu-batch AllocNode:Sid=kudu:1504429
   ReqNodeList=(null) ExcNodeList=(null)
   NodeList=emu-[34-36,40]
   BatchHost=emu-34
   NumNodes=4 NumCPUs=16 NumTasks=8 CPUs/Task=2 ReqB:S:C:T=0:0:*:*
   TRES=cpu=16,mem=240000M,node=4,billing=16
   Socks/Node=* NtasksPerN:B:S:C=2:0:*:* CoreSpec=*
   MinCPUsNode=4 MinMemoryNode=60000M MinTmpDiskNode=0
   Features=(null) DelayBoot=00:00:00
   OverSubscribe=MCS Contiguous=0 Licenses=(null) Network=(null)
   Command=/dcs/20/u2006527/Desktop/project/hpccg-rs/hpc-multibench/cpp-mpi33mm_4am.sbatch
   WorkDir=/dcs/20/u2006527/Desktop/project/hpccg-rs/hpc-multibench
   StdErr=/dcs/20/u2006527/Desktop/project/hpccg-rs/hpc-multibench/results/mpi/cpp-mpi__902040.out
   StdIn=/dev/null
   StdOut=/dcs/20/u2006527/Desktop/project/hpccg-rs/hpc-multibench/results/mpi/cpp-mpi__902040.out
   Power=
   NtasksPerTRES:0

=== RUN INSTANTIATION ===
{args: 25 25 25, sbatch_config: {nodes: 4, ntasks-per-node: 2}}

===== BUILD =====
run configuration was pre-built

===== RUN =====
--------------------------------------------------------------------------
WARNING: There is at least non-excluded one OpenFabrics device found,
but there are no active ports detected (or Open MPI was unable to use
them).  This is most certainly not what you wanted.  Check your
cables, subnet manager configuration, etc.  The openib BTL will be
ignored for this job.

  Local host: emu-35
--------------------------------------------------------------------------
Initial Residual = 1511.69
Iteration = 15   Residual = 5.20516
Iteration = 30   Residual = 0.0200004
Iteration = 45   Residual = 5.56111e-05
Iteration = 60   Residual = 2.10286e-07
Iteration = 75   Residual = 7.34303e-10
Iteration = 90   Residual = 2.45472e-12
Iteration = 105   Residual = 4.15318e-15
Iteration = 120   Residual = 2.50676e-18
Iteration = 135   Residual = 1.16719e-21
Iteration = 149   Residual = 9.47634e-25
Mini-Application Name: hpccg
Mini-Application Version: 1.0
Parallelism: 
  Number of MPI ranks: 8
  OpenMP not enabled: 
Dimensions: 
  nx: 25
  ny: 25
  nz: 25
Number of iterations: 149
Final residual: 9.47634e-25
#********** Performance Summary (times in sec) ***********: 
Time Summary: 
  Total   : 0.132938
  DDOT    : 0.0707122
  WAXPBY  : 0.00554219
  SPARSEMV: 0.0527285
FLOPS Summary: 
  Total   : 1.192e+09
  DDOT    : 7.45e+07
  WAXPBY  : 1.1175e+08
  SPARSEMV: 1.00575e+09
MFLOPS Summary: 
  Total   : 8966.56
  DDOT    : 1053.57
  WAXPBY  : 20163.5
  SPARSEMV: 19074.1
DDOT Timing Variations: 
  Min DDOT MPI_Allreduce time: 0.0285081
  Max DDOT MPI_Allreduce time: 0.0659789
  Avg DDOT MPI_Allreduce time: 0.0484094
SPARSEMV OVERHEADS: 
  SPARSEMV MFLOPS W OVERHEAD: 14602.7
  SPARSEMV PARALLEL OVERHEAD Time: 0.0161456
  SPARSEMV PARALLEL OVERHEAD Pct: 23.4422
  SPARSEMV PARALLEL OVERHEAD Setup Time: 0.0123719
  SPARSEMV PARALLEL OVERHEAD Setup Pct: 17.9631
  SPARSEMV PARALLEL OVERHEAD Bdry Exch Time: 0.00377372
  SPARSEMV PARALLEL OVERHEAD Bdry Exch Pct: 5.47915
[emu-34:105697] 7 more processes have sent help message help-mpi-btl-openib.txt / no active ports found
[emu-34:105697] Set MCA parameter "orte_base_help_aggregate" to 0 to see all help / error messages
real 0.50
user 0.28
sys 0.13
