===== CONFIGURATION =====
=== MODULE LOADS ===
Loading cs402-mpi
  Loading requirement: gcc9
=== CPU ARCHITECTURE ===
Architecture:        x86_64
CPU op-mode(s):      32-bit, 64-bit
Byte Order:          Little Endian
CPU(s):              40
On-line CPU(s) list: 0-39
Thread(s) per core:  2
Core(s) per socket:  10
Socket(s):           2
NUMA node(s):        2
Vendor ID:           GenuineIntel
CPU family:          6
Model:               63
Model name:          Intel(R) Xeon(R) CPU E5-2660 v3 @ 2.60GHz
Stepping:            2
CPU MHz:             3183.792
CPU max MHz:         3300.0000
CPU min MHz:         1200.0000
BogoMIPS:            5200.12
Virtualization:      VT-x
L1d cache:           32K
L1i cache:           32K
L2 cache:            256K
L3 cache:            25600K
NUMA node0 CPU(s):   0-9,20-29
NUMA node1 CPU(s):   10-19,30-39
Flags:               fpu vme de pse tsc msr pae mce cx8 apic sep mtrr pge mca cmov pat pse36 clflush dts acpi mmx fxsr sse sse2 ss ht tm pbe syscall nx pdpe1gb rdtscp lm constant_tsc arch_perfmon pebs bts rep_good nopl xtopology nonstop_tsc cpuid aperfmperf pni pclmulqdq dtes64 monitor ds_cpl vmx smx est tm2 ssse3 sdbg fma cx16 xtpr pdcm pcid dca sse4_1 sse4_2 x2apic movbe popcnt tsc_deadline_timer aes xsave avx f16c rdrand lahf_lm abm cpuid_fault epb invpcid_single pti intel_ppin ssbd ibrs ibpb stibp tpr_shadow vnmi flexpriority ept vpid ept_ad fsgsbase tsc_adjust bmi1 avx2 smep bmi2 erms invpcid cqm xsaveopt cqm_llc cqm_occup_llc dtherm ida arat pln pts md_clear flush_l1d
=== SLURM CONFIG ===
JobId=905061 JobName=cpp-mpityu6rnf_.sbatch
   UserId=u2006527(38259) GroupId=dcsugrad(301) MCS_label=N/A
   Priority=4294686220 Nice=0 Account=ug QOS=normal
   JobState=RUNNING Reason=None Dependency=(null)
   Requeue=1 Restarts=0 BatchFlag=1 Reboot=0 ExitCode=0:0
   RunTime=00:00:00 TimeLimit=2-00:00:00 TimeMin=N/A
   SubmitTime=2024-04-13T21:11:02 EligibleTime=2024-04-13T21:11:04
   AccrueTime=2024-04-13T21:11:04
   StartTime=2024-04-13T21:24:34 EndTime=2024-04-15T21:24:34 Deadline=N/A
   SuspendTime=None SecsPreSuspend=0 LastSchedEval=2024-04-13T21:24:34
   Partition=cpu-batch AllocNode:Sid=kudu:1724362
   ReqNodeList=(null) ExcNodeList=(null)
   NodeList=emu-[38-41]
   BatchHost=emu-38
   NumNodes=4 NumCPUs=16 NumTasks=8 CPUs/Task=2 ReqB:S:C:T=0:0:*:*
   TRES=cpu=16,mem=240000M,node=4,billing=16
   Socks/Node=* NtasksPerN:B:S:C=2:0:*:* CoreSpec=*
   MinCPUsNode=4 MinMemoryNode=60000M MinTmpDiskNode=0
   Features=(null) DelayBoot=00:00:00
   OverSubscribe=MCS Contiguous=0 Licenses=(null) Network=(null)
   Command=/dcs/20/u2006527/Desktop/project/hpccg-rs/hpc-multibench/cpp-mpityu6rnf_.sbatch
   WorkDir=/dcs/20/u2006527/Desktop/project/hpccg-rs/hpc-multibench
   StdErr=/dcs/20/u2006527/Desktop/project/hpccg-rs/hpc-multibench/results/mpi/cpp-mpi__905061.out
   StdIn=/dev/null
   StdOut=/dcs/20/u2006527/Desktop/project/hpccg-rs/hpc-multibench/results/mpi/cpp-mpi__905061.out
   Power=
   NtasksPerTRES:0

=== RUN INSTANTIATION ===
{args: 100 100 100, sbatch_config: {nodes: 2, ntasks-per-node: 2}}

===== BUILD =====
run configuration was pre-built

===== RUN =====
--------------------------------------------------------------------------
WARNING: There is at least non-excluded one OpenFabrics device found,
but there are no active ports detected (or Open MPI was unable to use
them).  This is most certainly not what you wanted.  Check your
cables, subnet manager configuration, etc.  The openib BTL will be
ignored for this job.

  Local host: emu-41
--------------------------------------------------------------------------
Initial Residual = 6472.05
Iteration = 15   Residual = 88.0463
Iteration = 30   Residual = 0.57625
Iteration = 45   Residual = 0.00351599
Iteration = 60   Residual = 1.38831e-05
Iteration = 75   Residual = 9.34442e-08
Iteration = 90   Residual = 5.70782e-10
Iteration = 105   Residual = 3.94302e-12
[emu-38:472199] 7 more processes have sent help message help-mpi-btl-openib.txt / no active ports found
[emu-38:472199] Set MCA parameter "orte_base_help_aggregate" to 0 to see all help / error messages
Iteration = 120   Residual = 2.33335e-14
Iteration = 135   Residual = 1.46369e-16
Iteration = 149   Residual = 1.42425e-18
Mini-Application Name: hpccg
Mini-Application Version: 1.0
Parallelism: 
  Number of MPI ranks: 8
  OpenMP not enabled: 
Dimensions: 
  nx: 100
  ny: 100
  nz: 100
Number of iterations: 149
Final residual: 1.42425e-18
#********** Performance Summary (times in sec) ***********: 
Time Summary: 
  Total   : 6.24217
  DDOT    : 0.768694
  WAXPBY  : 0.626469
  SPARSEMV: 4.83305
FLOPS Summary: 
  Total   : 7.6288e+10
  DDOT    : 4.768e+09
  WAXPBY  : 7.152e+09
  SPARSEMV: 6.4368e+10
MFLOPS Summary: 
  Total   : 12221.4
  DDOT    : 6202.72
  WAXPBY  : 11416.4
  SPARSEMV: 13318.3
DDOT Timing Variations: 
  Min DDOT MPI_Allreduce time: 0.0881599
  Max DDOT MPI_Allreduce time: 0.433832
  Avg DDOT MPI_Allreduce time: 0.228074
SPARSEMV OVERHEADS: 
  SPARSEMV MFLOPS W OVERHEAD: 13043.2
  SPARSEMV PARALLEL OVERHEAD Time: 0.101941
  SPARSEMV PARALLEL OVERHEAD Pct: 2.06568
  SPARSEMV PARALLEL OVERHEAD Setup Time: 0.0891869
  SPARSEMV PARALLEL OVERHEAD Setup Pct: 1.80723
  SPARSEMV PARALLEL OVERHEAD Bdry Exch Time: 0.0127543
  SPARSEMV PARALLEL OVERHEAD Bdry Exch Pct: 0.258446
real 6.87
user 12.34
sys 0.70
