===== CONFIGURATION =====
=== MODULE LOADS ===
Loading cs402-mpi
  Loading requirement: gcc9
=== CPU ARCHITECTURE ===
Architecture:        x86_64
CPU op-mode(s):      32-bit, 64-bit
Byte Order:          Little Endian
CPU(s):              40
On-line CPU(s) list: 0-39
Thread(s) per core:  2
Core(s) per socket:  10
Socket(s):           2
NUMA node(s):        2
Vendor ID:           GenuineIntel
CPU family:          6
Model:               63
Model name:          Intel(R) Xeon(R) CPU E5-2660 v3 @ 2.60GHz
Stepping:            2
CPU MHz:             3300.000
CPU max MHz:         3300.0000
CPU min MHz:         1200.0000
BogoMIPS:            5200.12
Virtualization:      VT-x
L1d cache:           32K
L1i cache:           32K
L2 cache:            256K
L3 cache:            25600K
NUMA node0 CPU(s):   0-9,20-29
NUMA node1 CPU(s):   10-19,30-39
Flags:               fpu vme de pse tsc msr pae mce cx8 apic sep mtrr pge mca cmov pat pse36 clflush dts acpi mmx fxsr sse sse2 ss ht tm pbe syscall nx pdpe1gb rdtscp lm constant_tsc arch_perfmon pebs bts rep_good nopl xtopology nonstop_tsc cpuid aperfmperf pni pclmulqdq dtes64 monitor ds_cpl vmx smx est tm2 ssse3 sdbg fma cx16 xtpr pdcm pcid dca sse4_1 sse4_2 x2apic movbe popcnt tsc_deadline_timer aes xsave avx f16c rdrand lahf_lm abm cpuid_fault epb invpcid_single pti intel_ppin ssbd ibrs ibpb stibp tpr_shadow vnmi flexpriority ept vpid ept_ad fsgsbase tsc_adjust bmi1 avx2 smep bmi2 erms invpcid cqm xsaveopt cqm_llc cqm_occup_llc dtherm ida arat pln pts md_clear flush_l1d
=== SLURM CONFIG ===
JobId=926299 JobName=cpp-mpiax531bqn.sbatch
   UserId=u2006527(38259) GroupId=dcsugrad(301) MCS_label=N/A
   Priority=4294677968 Nice=0 Account=ug QOS=normal
   JobState=RUNNING Reason=None Dependency=(null)
   Requeue=1 Restarts=0 BatchFlag=1 Reboot=0 ExitCode=0:0
   RunTime=00:00:00 TimeLimit=2-00:00:00 TimeMin=N/A
   SubmitTime=2024-04-21T22:42:47 EligibleTime=2024-04-21T22:42:48
   AccrueTime=2024-04-21T22:42:48
   StartTime=2024-04-21T22:43:16 EndTime=2024-04-23T22:43:16 Deadline=N/A
   SuspendTime=None SecsPreSuspend=0 LastSchedEval=2024-04-21T22:43:16
   Partition=cpu-batch AllocNode:Sid=kudu:1147633
   ReqNodeList=(null) ExcNodeList=(null)
   NodeList=emu-[30-31]
   BatchHost=emu-30
   NumNodes=2 NumCPUs=8 NumTasks=4 CPUs/Task=2 ReqB:S:C:T=0:0:*:*
   TRES=cpu=8,mem=120000M,node=2,billing=8
   Socks/Node=* NtasksPerN:B:S:C=2:0:*:* CoreSpec=*
   MinCPUsNode=4 MinMemoryNode=60000M MinTmpDiskNode=0
   Features=(null) DelayBoot=00:00:00
   OverSubscribe=MCS Contiguous=0 Licenses=(null) Network=(null)
   Command=/dcs/20/u2006527/Desktop/project/hpc-multibench/cpp-mpiax531bqn.sbatch
   WorkDir=/dcs/20/u2006527/Desktop/project/hpc-multibench
   StdErr=/dcs/20/u2006527/Desktop/project/hpc-multibench/results/mpi/cpp-mpi__926299.out
   StdIn=/dev/null
   StdOut=/dcs/20/u2006527/Desktop/project/hpc-multibench/results/mpi/cpp-mpi__926299.out
   Power=
   NtasksPerTRES:0

=== RUN INSTANTIATION ===
{args: 200 200 200, sbatch_config: {nodes: 2, ntasks-per-node: 2}}

===== BUILD =====
run configuration was pre-built

===== RUN =====
--------------------------------------------------------------------------
WARNING: There is at least non-excluded one OpenFabrics device found,
but there are no active ports detected (or Open MPI was unable to use
them).  This is most certainly not what you wanted.  Check your
cables, subnet manager configuration, etc.  The openib BTL will be
ignored for this job.

  Local host: emu-30
--------------------------------------------------------------------------
Initial Residual = 10176.1
[emu-30:460359] 3 more processes have sent help message help-mpi-btl-openib.txt / no active ports found
[emu-30:460359] Set MCA parameter "orte_base_help_aggregate" to 0 to see all help / error messages
Iteration = 15   Residual = 137.428
Iteration = 30   Residual = 0.933241
Iteration = 45   Residual = 0.00636101
Iteration = 60   Residual = 4.31391e-05
Iteration = 75   Residual = 2.89457e-07
Iteration = 90   Residual = 1.8828e-09
Iteration = 105   Residual = 1.07756e-11
Iteration = 120   Residual = 5.89602e-14
Iteration = 135   Residual = 4.07886e-16
Iteration = 149   Residual = 3.77628e-18
Mini-Application Name: hpccg
Mini-Application Version: 1.0
Parallelism: 
  Number of MPI ranks: 4
  OpenMP not enabled: 
Dimensions: 
  nx: 200
  ny: 200
  nz: 200
Number of iterations: 149
Final residual: 3.77628e-18
#********** Performance Summary (times in sec) ***********: 
Time Summary: 
  Total   : 48.6649
  DDOT    : 3.74573
  WAXPBY  : 5.20026
  SPARSEMV: 39.6855
FLOPS Summary: 
  Total   : 3.05152e+11
  DDOT    : 1.9072e+10
  WAXPBY  : 2.8608e+10
  SPARSEMV: 2.57472e+11
MFLOPS Summary: 
  Total   : 6270.47
  DDOT    : 5091.66
  WAXPBY  : 5501.26
  SPARSEMV: 6487.81
DDOT Timing Variations: 
  Min DDOT MPI_Allreduce time: 0.0812475
  Max DDOT MPI_Allreduce time: 0.92723
  Avg DDOT MPI_Allreduce time: 0.546651
SPARSEMV OVERHEADS: 
  SPARSEMV MFLOPS W OVERHEAD: 6383.29
  SPARSEMV PARALLEL OVERHEAD Time: 0.649847
  SPARSEMV PARALLEL OVERHEAD Pct: 1.61111
  SPARSEMV PARALLEL OVERHEAD Setup Time: 0.618618
  SPARSEMV PARALLEL OVERHEAD Setup Pct: 1.53369
  SPARSEMV PARALLEL OVERHEAD Bdry Exch Time: 0.0312281
  SPARSEMV PARALLEL OVERHEAD Bdry Exch Pct: 0.0774211
real 50.73
user 98.11
sys 2.14
