===== CONFIGURATION =====
=== MODULE LOADS ===
Loading cs402-mpi
  Loading requirement: gcc9
=== CPU ARCHITECTURE ===
Architecture:        x86_64
CPU op-mode(s):      32-bit, 64-bit
Byte Order:          Little Endian
CPU(s):              40
On-line CPU(s) list: 0-39
Thread(s) per core:  2
Core(s) per socket:  10
Socket(s):           2
NUMA node(s):        2
Vendor ID:           GenuineIntel
CPU family:          6
Model:               63
Model name:          Intel(R) Xeon(R) CPU E5-2660 v3 @ 2.60GHz
Stepping:            2
CPU MHz:             3300.000
CPU max MHz:         3300.0000
CPU min MHz:         1200.0000
BogoMIPS:            5200.12
Virtualization:      VT-x
L1d cache:           32K
L1i cache:           32K
L2 cache:            256K
L3 cache:            25600K
NUMA node0 CPU(s):   0-9,20-29
NUMA node1 CPU(s):   10-19,30-39
Flags:               fpu vme de pse tsc msr pae mce cx8 apic sep mtrr pge mca cmov pat pse36 clflush dts acpi mmx fxsr sse sse2 ss ht tm pbe syscall nx pdpe1gb rdtscp lm constant_tsc arch_perfmon pebs bts rep_good nopl xtopology nonstop_tsc cpuid aperfmperf pni pclmulqdq dtes64 monitor ds_cpl vmx smx est tm2 ssse3 sdbg fma cx16 xtpr pdcm pcid dca sse4_1 sse4_2 x2apic movbe popcnt tsc_deadline_timer aes xsave avx f16c rdrand lahf_lm abm cpuid_fault epb invpcid_single pti intel_ppin ssbd ibrs ibpb stibp tpr_shadow vnmi flexpriority ept vpid ept_ad fsgsbase tsc_adjust bmi1 avx2 smep bmi2 erms invpcid cqm xsaveopt cqm_llc cqm_occup_llc dtherm ida arat pln pts md_clear flush_l1d
=== SLURM CONFIG ===
JobId=905039 JobName=cpp-mpiuneqedy6.sbatch
   UserId=u2006527(38259) GroupId=dcsugrad(301) MCS_label=N/A
   Priority=4294686242 Nice=0 Account=ug QOS=normal
   JobState=RUNNING Reason=None Dependency=(null)
   Requeue=1 Restarts=0 BatchFlag=1 Reboot=0 ExitCode=0:0
   RunTime=00:00:00 TimeLimit=2-00:00:00 TimeMin=N/A
   SubmitTime=2024-04-13T21:11:01 EligibleTime=2024-04-13T21:11:04
   AccrueTime=2024-04-13T21:11:04
   StartTime=2024-04-13T21:16:03 EndTime=2024-04-15T21:16:03 Deadline=N/A
   SuspendTime=None SecsPreSuspend=0 LastSchedEval=2024-04-13T21:16:03
   Partition=cpu-batch AllocNode:Sid=kudu:1724362
   ReqNodeList=(null) ExcNodeList=(null)
   NodeList=emu-[38-41]
   BatchHost=emu-38
   NumNodes=4 NumCPUs=16 NumTasks=8 CPUs/Task=2 ReqB:S:C:T=0:0:*:*
   TRES=cpu=16,mem=240000M,node=4,billing=16
   Socks/Node=* NtasksPerN:B:S:C=2:0:*:* CoreSpec=*
   MinCPUsNode=4 MinMemoryNode=60000M MinTmpDiskNode=0
   Features=(null) DelayBoot=00:00:00
   OverSubscribe=MCS Contiguous=0 Licenses=(null) Network=(null)
   Command=/dcs/20/u2006527/Desktop/project/hpccg-rs/hpc-multibench/cpp-mpiuneqedy6.sbatch
   WorkDir=/dcs/20/u2006527/Desktop/project/hpccg-rs/hpc-multibench
   StdErr=/dcs/20/u2006527/Desktop/project/hpccg-rs/hpc-multibench/results/mpi/cpp-mpi__905039.out
   StdIn=/dev/null
   StdOut=/dcs/20/u2006527/Desktop/project/hpccg-rs/hpc-multibench/results/mpi/cpp-mpi__905039.out
   Power=
   NtasksPerTRES:0

=== RUN INSTANTIATION ===
{args: 50 50 50, sbatch_config: {nodes: 1, ntasks-per-node: 2}}

===== BUILD =====
run configuration was pre-built

===== RUN =====
--------------------------------------------------------------------------
WARNING: There is at least non-excluded one OpenFabrics device found,
but there are no active ports detected (or Open MPI was unable to use
them).  This is most certainly not what you wanted.  Check your
cables, subnet manager configuration, etc.  The openib BTL will be
ignored for this job.

  Local host: emu-41
--------------------------------------------------------------------------
Initial Residual = 3086.82
Iteration = 15   Residual = 36.982
Iteration = 30   Residual = 0.107689
Iteration = 45   Residual = 0.000641179
Iteration = 60   Residual = 2.86997e-06
Iteration = 75   Residual = 1.93242e-08
Iteration = 90   Residual = 1.00729e-10
Iteration = 105   Residual = 6.11314e-13
Iteration = 120   Residual = 3.0854e-15
Iteration = 135   Residual = 1.76972e-17
Iteration = 149   Residual = 1.45851e-19
Mini-Application Name: hpccg
Mini-Application Version: 1.0
Parallelism: 
  Number of MPI ranks: 8
  OpenMP not enabled: 
Dimensions: 
  nx: 50
  ny: 50
  nz: 50
Number of iterations: 149
Final residual: 1.45851e-19
#********** Performance Summary (times in sec) ***********: 
Time Summary: 
  Total   : 0.849996
  DDOT    : 0.184326
  WAXPBY  : 0.0638087
  SPARSEMV: 0.596614
FLOPS Summary: 
  Total   : 9.536e+09
  DDOT    : 5.96e+08
  WAXPBY  : 8.94e+08
  SPARSEMV: 8.046e+09
MFLOPS Summary: 
  Total   : 11218.9
  DDOT    : 3233.39
  WAXPBY  : 14010.6
  SPARSEMV: 13486.1
DDOT Timing Variations: 
  Min DDOT MPI_Allreduce time: 0.0593567
  Max DDOT MPI_Allreduce time: 0.144436
  Avg DDOT MPI_Allreduce time: 0.0884289
SPARSEMV OVERHEADS: 
  SPARSEMV MFLOPS W OVERHEAD: 12905.7
  SPARSEMV PARALLEL OVERHEAD Time: 0.0268308
  SPARSEMV PARALLEL OVERHEAD Pct: 4.30364
  SPARSEMV PARALLEL OVERHEAD Setup Time: 0.0223233
  SPARSEMV PARALLEL OVERHEAD Setup Pct: 3.58063
  SPARSEMV PARALLEL OVERHEAD Bdry Exch Time: 0.00450757
  SPARSEMV PARALLEL OVERHEAD Bdry Exch Pct: 0.72301
[emu-38:470829] 7 more processes have sent help message help-mpi-btl-openib.txt / no active ports found
[emu-38:470829] Set MCA parameter "orte_base_help_aggregate" to 0 to see all help / error messages
real 1.30
user 1.67
sys 0.23
