===== CONFIGURATION =====
=== MODULE LOADS ===
Loading cs402-mpi
  Loading requirement: gcc9
=== CPU ARCHITECTURE ===
Architecture:        x86_64
CPU op-mode(s):      32-bit, 64-bit
Byte Order:          Little Endian
CPU(s):              40
On-line CPU(s) list: 0-39
Thread(s) per core:  2
Core(s) per socket:  10
Socket(s):           2
NUMA node(s):        2
Vendor ID:           GenuineIntel
CPU family:          6
Model:               63
Model name:          Intel(R) Xeon(R) CPU E5-2660 v3 @ 2.60GHz
Stepping:            2
CPU MHz:             3300.000
CPU max MHz:         3300.0000
CPU min MHz:         1200.0000
BogoMIPS:            5200.21
Virtualization:      VT-x
L1d cache:           32K
L1i cache:           32K
L2 cache:            256K
L3 cache:            25600K
NUMA node0 CPU(s):   0-9,20-29
NUMA node1 CPU(s):   10-19,30-39
Flags:               fpu vme de pse tsc msr pae mce cx8 apic sep mtrr pge mca cmov pat pse36 clflush dts acpi mmx fxsr sse sse2 ss ht tm pbe syscall nx pdpe1gb rdtscp lm constant_tsc arch_perfmon pebs bts rep_good nopl xtopology nonstop_tsc cpuid aperfmperf pni pclmulqdq dtes64 monitor ds_cpl vmx smx est tm2 ssse3 sdbg fma cx16 xtpr pdcm pcid dca sse4_1 sse4_2 x2apic movbe popcnt tsc_deadline_timer aes xsave avx f16c rdrand lahf_lm abm cpuid_fault epb invpcid_single pti intel_ppin ssbd ibrs ibpb stibp tpr_shadow vnmi flexpriority ept vpid ept_ad fsgsbase tsc_adjust bmi1 avx2 smep bmi2 erms invpcid cqm xsaveopt cqm_llc cqm_occup_llc dtherm ida arat pln pts md_clear flush_l1d
=== SLURM CONFIG ===
JobId=926304 JobName=cpp-mpig_psn1pf.sbatch
   UserId=u2006527(38259) GroupId=dcsugrad(301) MCS_label=N/A
   Priority=4294677963 Nice=0 Account=ug QOS=normal
   JobState=RUNNING Reason=None Dependency=(null)
   Requeue=1 Restarts=0 BatchFlag=1 Reboot=0 ExitCode=0:0
   RunTime=00:00:00 TimeLimit=2-00:00:00 TimeMin=N/A
   SubmitTime=2024-04-21T22:42:47 EligibleTime=2024-04-21T22:42:48
   AccrueTime=2024-04-21T22:42:48
   StartTime=2024-04-21T22:45:45 EndTime=2024-04-23T22:45:45 Deadline=N/A
   SuspendTime=None SecsPreSuspend=0 LastSchedEval=2024-04-21T22:45:45
   Partition=cpu-batch AllocNode:Sid=kudu:1147633
   ReqNodeList=(null) ExcNodeList=(null)
   NodeList=emu-[25-26]
   BatchHost=emu-25
   NumNodes=2 NumCPUs=8 NumTasks=4 CPUs/Task=2 ReqB:S:C:T=0:0:*:*
   TRES=cpu=8,mem=120000M,node=2,billing=8
   Socks/Node=* NtasksPerN:B:S:C=2:0:*:* CoreSpec=*
   MinCPUsNode=4 MinMemoryNode=60000M MinTmpDiskNode=0
   Features=(null) DelayBoot=00:00:00
   OverSubscribe=MCS Contiguous=0 Licenses=(null) Network=(null)
   Command=/dcs/20/u2006527/Desktop/project/hpc-multibench/cpp-mpig_psn1pf.sbatch
   WorkDir=/dcs/20/u2006527/Desktop/project/hpc-multibench
   StdErr=/dcs/20/u2006527/Desktop/project/hpc-multibench/results/mpi/cpp-mpi__926304.out
   StdIn=/dev/null
   StdOut=/dcs/20/u2006527/Desktop/project/hpc-multibench/results/mpi/cpp-mpi__926304.out
   Power=
   NtasksPerTRES:0

=== RUN INSTANTIATION ===
{args: 300 300 300, sbatch_config: {nodes: 2, ntasks-per-node: 2}}

===== BUILD =====
run configuration was pre-built

===== RUN =====
--------------------------------------------------------------------------
WARNING: There is at least non-excluded one OpenFabrics device found,
but there are no active ports detected (or Open MPI was unable to use
them).  This is most certainly not what you wanted.  Check your
cables, subnet manager configuration, etc.  The openib BTL will be
ignored for this job.

  Local host: emu-26
--------------------------------------------------------------------------
[emu-25:410019] 3 more processes have sent help message help-mpi-btl-openib.txt / no active ports found
[emu-25:410019] Set MCA parameter "orte_base_help_aggregate" to 0 to see all help / error messages
Initial Residual = 16394.8
Iteration = 15   Residual = 211.172
Iteration = 30   Residual = 1.44061
Iteration = 45   Residual = 0.00989015
Iteration = 60   Residual = 6.78373e-05
Iteration = 75   Residual = 4.64688e-07
Iteration = 90   Residual = 3.17658e-09
Iteration = 105   Residual = 2.16384e-11
Iteration = 120   Residual = 1.4638e-13
Iteration = 135   Residual = 9.73405e-16
Iteration = 149   Residual = 8.53187e-18
Mini-Application Name: hpccg
Mini-Application Version: 1.0
Parallelism: 
  Number of MPI ranks: 4
  OpenMP not enabled: 
Dimensions: 
  nx: 300
  ny: 300
  nz: 300
Number of iterations: 149
Final residual: 8.53187e-18
#********** Performance Summary (times in sec) ***********: 
Time Summary: 
  Total   : 163.826
  DDOT    : 11.5179
  WAXPBY  : 17.3489
  SPARSEMV: 134.866
FLOPS Summary: 
  Total   : 1.02989e+12
  DDOT    : 6.4368e+10
  WAXPBY  : 9.6552e+10
  SPARSEMV: 8.68968e+11
MFLOPS Summary: 
  Total   : 6286.47
  DDOT    : 5588.52
  WAXPBY  : 5565.31
  SPARSEMV: 6443.21
DDOT Timing Variations: 
  Min DDOT MPI_Allreduce time: 0.0695778
  Max DDOT MPI_Allreduce time: 2.34739
  Avg DDOT MPI_Allreduce time: 1.29226
SPARSEMV OVERHEADS: 
  SPARSEMV MFLOPS W OVERHEAD: 6347.51
  SPARSEMV PARALLEL OVERHEAD Time: 2.03331
  SPARSEMV PARALLEL OVERHEAD Pct: 1.48526
  SPARSEMV PARALLEL OVERHEAD Setup Time: 1.94317
  SPARSEMV PARALLEL OVERHEAD Setup Pct: 1.41942
  SPARSEMV PARALLEL OVERHEAD Bdry Exch Time: 0.0901395
  SPARSEMV PARALLEL OVERHEAD Bdry Exch Pct: 0.0658438
real 169.66
user 331.00
sys 6.02
