===== CONFIGURATION =====
=== MODULE LOADS ===
Loading cs402-mpi
  Loading requirement: gcc9
=== CPU ARCHITECTURE ===
Architecture:        x86_64
CPU op-mode(s):      32-bit, 64-bit
Byte Order:          Little Endian
CPU(s):              40
On-line CPU(s) list: 0-39
Thread(s) per core:  2
Core(s) per socket:  10
Socket(s):           2
NUMA node(s):        2
Vendor ID:           GenuineIntel
CPU family:          6
Model:               63
Model name:          Intel(R) Xeon(R) CPU E5-2660 v3 @ 2.60GHz
Stepping:            2
CPU MHz:             1384.531
CPU max MHz:         3300.0000
CPU min MHz:         1200.0000
BogoMIPS:            5199.93
Virtualization:      VT-x
L1d cache:           32K
L1i cache:           32K
L2 cache:            256K
L3 cache:            25600K
NUMA node0 CPU(s):   0-9,20-29
NUMA node1 CPU(s):   10-19,30-39
Flags:               fpu vme de pse tsc msr pae mce cx8 apic sep mtrr pge mca cmov pat pse36 clflush dts acpi mmx fxsr sse sse2 ss ht tm pbe syscall nx pdpe1gb rdtscp lm constant_tsc arch_perfmon pebs bts rep_good nopl xtopology nonstop_tsc cpuid aperfmperf pni pclmulqdq dtes64 monitor ds_cpl vmx smx est tm2 ssse3 sdbg fma cx16 xtpr pdcm pcid dca sse4_1 sse4_2 x2apic movbe popcnt tsc_deadline_timer aes xsave avx f16c rdrand lahf_lm abm cpuid_fault epb invpcid_single pti intel_ppin ssbd ibrs ibpb stibp tpr_shadow vnmi flexpriority ept vpid ept_ad fsgsbase tsc_adjust bmi1 avx2 smep bmi2 erms invpcid cqm xsaveopt cqm_llc cqm_occup_llc dtherm ida arat pln pts md_clear flush_l1d
=== SLURM CONFIG ===
JobId=902118 JobName=rust-mpieon7blnd.sbatch
   UserId=u2006527(38259) GroupId=dcsugrad(301) MCS_label=N/A
   Priority=4294687140 Nice=0 Account=ug QOS=normal
   JobState=RUNNING Reason=None Dependency=(null)
   Requeue=1 Restarts=0 BatchFlag=1 Reboot=0 ExitCode=0:0
   RunTime=00:00:00 TimeLimit=2-00:00:00 TimeMin=N/A
   SubmitTime=2024-04-13T00:40:47 EligibleTime=2024-04-13T00:40:47
   AccrueTime=2024-04-13T00:40:47
   StartTime=2024-04-13T07:34:50 EndTime=2024-04-15T07:34:50 Deadline=N/A
   SuspendTime=None SecsPreSuspend=0 LastSchedEval=2024-04-13T07:34:50
   Partition=cpu-batch AllocNode:Sid=kudu:1504429
   ReqNodeList=(null) ExcNodeList=(null)
   NodeList=emu-[24,34-36]
   BatchHost=emu-24
   NumNodes=4 NumCPUs=16 NumTasks=8 CPUs/Task=2 ReqB:S:C:T=0:0:*:*
   TRES=cpu=16,mem=240000M,node=4,billing=16
   Socks/Node=* NtasksPerN:B:S:C=2:0:*:* CoreSpec=*
   MinCPUsNode=4 MinMemoryNode=60000M MinTmpDiskNode=0
   Features=(null) DelayBoot=00:00:00
   OverSubscribe=MCS Contiguous=0 Licenses=(null) Network=(null)
   Command=/dcs/20/u2006527/Desktop/project/hpccg-rs/hpc-multibench/rust-mpieon7blnd.sbatch
   WorkDir=/dcs/20/u2006527/Desktop/project/hpccg-rs/hpc-multibench
   StdErr=/dcs/20/u2006527/Desktop/project/hpccg-rs/hpc-multibench/results/mpi/rust-mpi__902118.out
   StdIn=/dev/null
   StdOut=/dcs/20/u2006527/Desktop/project/hpccg-rs/hpc-multibench/results/mpi/rust-mpi__902118.out
   Power=
   NtasksPerTRES:0

=== RUN INSTANTIATION ===
{args: 25 25 25, sbatch_config: {nodes: 1, ntasks-per-node: 2}}

===== BUILD =====
   Compiling proc-macro2 v1.0.78
   Compiling libc v0.2.152
   Compiling unicode-ident v1.0.12
   Compiling glob v0.3.1
   Compiling prettyplease v0.2.16
   Compiling clang-sys v1.7.0
   Compiling rustix v0.38.30
   Compiling memchr v2.7.1
   Compiling linux-raw-sys v0.4.13
   Compiling quote v1.0.35
   Compiling cc v1.0.83
   Compiling regex-syntax v0.8.2
   Compiling syn v2.0.48
   Compiling shell-words v1.1.0
   Compiling pkg-config v0.3.29
   Compiling cfg-if v1.0.0
   Compiling minimal-lexical v0.2.1
   Compiling bitflags v2.4.2
   Compiling nom v7.1.3
   Compiling regex-automata v0.4.5
   Compiling libloading v0.8.1
   Compiling build-probe-mpi v0.1.3
   Compiling home v0.5.9
   Compiling bindgen v0.68.1
   Compiling either v1.9.0
   Compiling which v4.4.2
   Compiling regex v1.10.3
   Compiling cexpr v0.6.0
   Compiling rustc-hash v1.1.0
   Compiling lazy_static v1.4.0
   Compiling shlex v1.3.0
   Compiling lazycell v1.3.0
   Compiling peeking_take_while v0.1.2
   Compiling log v0.4.20
   Compiling libffi-sys v2.3.0
   Compiling autocfg v1.1.0
   Compiling memoffset v0.9.0
   Compiling thiserror v1.0.56
   Compiling thiserror-impl v1.0.56
   Compiling mpi v0.7.0
   Compiling custom_derive v0.1.7
   Compiling conv v0.3.3
   Compiling mpi-derive v0.1.1
   Compiling smallvec v1.13.1
   Compiling once_cell v1.19.0
   Compiling mpi-sys v0.2.1
   Compiling libffi v3.2.0
   Compiling hpccg-rs v0.1.0 (/dcs/20/u2006527/Desktop/project/hpccg-rs/7_mpi)
    Finished release [optimized + debuginfo] target(s) in 40.20s

===== RUN =====
--------------------------------------------------------------------------
WARNING: There is at least non-excluded one OpenFabrics device found,
but there are no active ports detected (or Open MPI was unable to use
them).  This is most certainly not what you wanted.  Check your
cables, subnet manager configuration, etc.  The openib BTL will be
ignored for this job.

  Local host: emu-36
--------------------------------------------------------------------------
Initial Residual = +1.51169e3
Iteration = 15 , Residual = +5.20516e0
Iteration = 30 , Residual = +2.00004e-2
Iteration = 45 , Residual = +5.56111e-5
Iteration = 60 , Residual = +2.10286e-7
Iteration = 75 , Residual = +7.34303e-10
Iteration = 90 , Residual = +2.45472e-12
Iteration = 105 , Residual = +4.15318e-15
Iteration = 120 , Residual = +2.50676e-18
Iteration = 135 , Residual = +1.16719e-21
Iteration = 149 , Residual = +9.47634e-25
Mini-Application Name: hpccg
Mini-Application Version: 1.0
Parallelism:
  Number of MPI ranks: 8
  Rayon disabled
Dimensions:
  nx: 25
  ny: 25
  nz: 25
Number of iterations: 149
Final residual: 9.47634e-25
#********** Performance Summary (times in sec) ***********
Time Summary:
  Total: 0.1085
  DDOT: 0.0620
  WAXPBY: 0.0046
  SPARSEMV: 0.0393
FLOPS Summary:
  Total: 1192000000
  DDOT: 74500000
  WAXPBY: 111750000
  SPARSEMV: 1005750000
MFLOPS Summary:
  Total: 10984.8590
  DDOT: 1202.3498
  WAXPBY: 24549.6485
  SPARSEMV: 25563.6327
DDOT Timing Variations:
  Min DDOT MPI_Allreduce time: 0.0303
  Max DDOT MPI_Allreduce time: 0.0577
  Avg DDOT MPI_Allreduce time: 0.3288
SPARSEMV OVERHEADS:
  SPARSEMV MFLOPS W OVERHEAD: 5278.2807
  SPARSEMV PARALLEL OVERHEAD Time: 0.1512
  SPARSEMV PARALLEL OVERHEAD Pct: 79.3524
  SPARSEMV PARALLEL OVERHEAD Setup Time: 0.0123
  SPARSEMV PARALLEL OVERHEAD Setup Pct: 6.4804
  SPARSEMV PARALLEL OVERHEAD Bdry Exch Time: 0.1389
  SPARSEMV PARALLEL OVERHEAD Bdry Exch Pct: 72.8720
Difference between computed and exact = 3.33067e-15.
[emu-24:626814] 7 more processes have sent help message help-mpi-btl-openib.txt / no active ports found
[emu-24:626814] Set MCA parameter "orte_base_help_aggregate" to 0 to see all help / error messages
real 0.59
user 0.32
sys 0.12
