===== CONFIGURATION =====
=== MODULE LOADS ===
Loading cs402-mpi
  Loading requirement: gcc9
=== CPU ARCHITECTURE ===
Architecture:        x86_64
CPU op-mode(s):      32-bit, 64-bit
Byte Order:          Little Endian
CPU(s):              40
On-line CPU(s) list: 0-39
Thread(s) per core:  2
Core(s) per socket:  10
Socket(s):           2
NUMA node(s):        2
Vendor ID:           GenuineIntel
CPU family:          6
Model:               63
Model name:          Intel(R) Xeon(R) CPU E5-2660 v3 @ 2.60GHz
Stepping:            2
CPU MHz:             2946.672
CPU max MHz:         3300.0000
CPU min MHz:         1200.0000
BogoMIPS:            5200.20
Virtualization:      VT-x
L1d cache:           32K
L1i cache:           32K
L2 cache:            256K
L3 cache:            25600K
NUMA node0 CPU(s):   0-9,20-29
NUMA node1 CPU(s):   10-19,30-39
Flags:               fpu vme de pse tsc msr pae mce cx8 apic sep mtrr pge mca cmov pat pse36 clflush dts acpi mmx fxsr sse sse2 ss ht tm pbe syscall nx pdpe1gb rdtscp lm constant_tsc arch_perfmon pebs bts rep_good nopl xtopology nonstop_tsc cpuid aperfmperf pni pclmulqdq dtes64 monitor ds_cpl vmx smx est tm2 ssse3 sdbg fma cx16 xtpr pdcm pcid dca sse4_1 sse4_2 x2apic movbe popcnt tsc_deadline_timer aes xsave avx f16c rdrand lahf_lm abm cpuid_fault epb invpcid_single pti intel_ppin ssbd ibrs ibpb stibp tpr_shadow vnmi flexpriority ept vpid ept_ad fsgsbase tsc_adjust bmi1 avx2 smep bmi2 erms invpcid cqm xsaveopt cqm_llc cqm_occup_llc dtherm ida arat pln pts md_clear flush_l1d
=== SLURM CONFIG ===
JobId=902146 JobName=rust-mpiia9muju9.sbatch
   UserId=u2006527(38259) GroupId=dcsugrad(301) MCS_label=N/A
   Priority=4294687112 Nice=0 Account=ug QOS=normal
   JobState=RUNNING Reason=None Dependency=(null)
   Requeue=1 Restarts=0 BatchFlag=1 Reboot=0 ExitCode=0:0
   RunTime=00:00:00 TimeLimit=2-00:00:00 TimeMin=N/A
   SubmitTime=2024-04-13T00:40:48 EligibleTime=2024-04-13T07:35:32
   AccrueTime=2024-04-13T07:35:32
   StartTime=2024-04-13T07:44:52 EndTime=2024-04-15T07:44:52 Deadline=N/A
   SuspendTime=None SecsPreSuspend=0 LastSchedEval=2024-04-13T07:44:52
   Partition=cpu-batch AllocNode:Sid=kudu:1504429
   ReqNodeList=(null) ExcNodeList=(null)
   NodeList=emu-[31,34-36]
   BatchHost=emu-31
   NumNodes=4 NumCPUs=16 NumTasks=8 CPUs/Task=2 ReqB:S:C:T=0:0:*:*
   TRES=cpu=16,mem=240000M,node=4,billing=16
   Socks/Node=* NtasksPerN:B:S:C=2:0:*:* CoreSpec=*
   MinCPUsNode=4 MinMemoryNode=60000M MinTmpDiskNode=0
   Features=(null) DelayBoot=00:00:00
   OverSubscribe=MCS Contiguous=0 Licenses=(null) Network=(null)
   Command=/dcs/20/u2006527/Desktop/project/hpccg-rs/hpc-multibench/rust-mpiia9muju9.sbatch
   WorkDir=/dcs/20/u2006527/Desktop/project/hpccg-rs/hpc-multibench
   StdErr=/dcs/20/u2006527/Desktop/project/hpccg-rs/hpc-multibench/results/mpi/rust-mpi__902146.out
   StdIn=/dev/null
   StdOut=/dcs/20/u2006527/Desktop/project/hpccg-rs/hpc-multibench/results/mpi/rust-mpi__902146.out
   Power=
   NtasksPerTRES:0

=== RUN INSTANTIATION ===
{args: 50 50 50, sbatch_config: {nodes: 4, ntasks-per-node: 2}}

===== BUILD =====
run configuration was pre-built

===== RUN =====
--------------------------------------------------------------------------
WARNING: There is at least non-excluded one OpenFabrics device found,
but there are no active ports detected (or Open MPI was unable to use
them).  This is most certainly not what you wanted.  Check your
cables, subnet manager configuration, etc.  The openib BTL will be
ignored for this job.

  Local host: emu-35
--------------------------------------------------------------------------
Initial Residual = +3.08682e3
Iteration = 15 , Residual = +3.69820e1
Iteration = 30 , Residual = +1.07689e-1
Iteration = 45 , Residual = +6.41179e-4
Iteration = 60 , Residual = +2.86997e-6
Iteration = 75 , Residual = +1.93242e-8
Iteration = 90 , Residual = +1.00729e-10
Iteration = 105 , Residual = +6.11314e-13
Iteration = 120 , Residual = +3.08540e-15
Iteration = 135 , Residual = +1.76972e-17
Iteration = 149 , Residual = +1.45851e-19
Mini-Application Name: hpccg
Mini-Application Version: 1.0
Parallelism:
  Number of MPI ranks: 8
  Rayon disabled
Dimensions:
  nx: 50
  ny: 50
  nz: 50
Number of iterations: 149
Final residual: 1.45851e-19
#********** Performance Summary (times in sec) ***********
Time Summary:
  Total: 0.8033
  DDOT: 0.1345
  WAXPBY: 0.0656
  SPARSEMV: 0.5873
FLOPS Summary:
  Total: 9536000000
  DDOT: 596000000
  WAXPBY: 894000000
  SPARSEMV: 8046000000
MFLOPS Summary:
  Total: 11870.8547
  DDOT: 4431.9847
  WAXPBY: 13626.5947
  SPARSEMV: 13699.2365
DDOT Timing Variations:
  Min DDOT MPI_Allreduce time: 0.0330
  Max DDOT MPI_Allreduce time: 0.0952
  Avg DDOT MPI_Allreduce time: 0.4693
SPARSEMV OVERHEADS:
  SPARSEMV MFLOPS W OVERHEAD: 5556.2922
  SPARSEMV PARALLEL OVERHEAD Time: 0.8608
  SPARSEMV PARALLEL OVERHEAD Pct: 59.4409
  SPARSEMV PARALLEL OVERHEAD Setup Time: 0.0180
  SPARSEMV PARALLEL OVERHEAD Setup Pct: 1.2418
  SPARSEMV PARALLEL OVERHEAD Bdry Exch Time: 0.8428
  SPARSEMV PARALLEL OVERHEAD Bdry Exch Pct: 58.1990
Difference between computed and exact = 4.88498e-15.
[emu-31:431442] 7 more processes have sent help message help-mpi-btl-openib.txt / no active ports found
[emu-31:431442] Set MCA parameter "orte_base_help_aggregate" to 0 to see all help / error messages
real 1.28
user 1.71
sys 0.22
