===== CONFIGURATION =====
=== MODULE LOADS ===
Loading cs402-mpi
  Loading requirement: gcc9
=== CPU ARCHITECTURE ===
Architecture:        x86_64
CPU op-mode(s):      32-bit, 64-bit
Byte Order:          Little Endian
CPU(s):              40
On-line CPU(s) list: 0-39
Thread(s) per core:  2
Core(s) per socket:  10
Socket(s):           2
NUMA node(s):        2
Vendor ID:           GenuineIntel
CPU family:          6
Model:               63
Model name:          Intel(R) Xeon(R) CPU E5-2660 v3 @ 2.60GHz
Stepping:            2
CPU MHz:             3300.000
CPU max MHz:         3300.0000
CPU min MHz:         1200.0000
BogoMIPS:            5199.85
Virtualization:      VT-x
L1d cache:           32K
L1i cache:           32K
L2 cache:            256K
L3 cache:            25600K
NUMA node0 CPU(s):   0-9,20-29
NUMA node1 CPU(s):   10-19,30-39
Flags:               fpu vme de pse tsc msr pae mce cx8 apic sep mtrr pge mca cmov pat pse36 clflush dts acpi mmx fxsr sse sse2 ss ht tm pbe syscall nx pdpe1gb rdtscp lm constant_tsc arch_perfmon pebs bts rep_good nopl xtopology nonstop_tsc cpuid aperfmperf pni pclmulqdq dtes64 monitor ds_cpl vmx smx est tm2 ssse3 sdbg fma cx16 xtpr pdcm pcid dca sse4_1 sse4_2 x2apic movbe popcnt tsc_deadline_timer aes xsave avx f16c rdrand lahf_lm abm cpuid_fault epb invpcid_single pti intel_ppin ssbd ibrs ibpb stibp tpr_shadow vnmi flexpriority ept vpid ept_ad fsgsbase tsc_adjust bmi1 avx2 smep bmi2 erms invpcid cqm xsaveopt cqm_llc cqm_occup_llc dtherm ida arat pln pts md_clear flush_l1d
=== SLURM CONFIG ===
JobId=902176 JobName=rust-mpiw75u8u2r.sbatch
   UserId=u2006527(38259) GroupId=dcsugrad(301) MCS_label=N/A
   Priority=4294687082 Nice=0 Account=ug QOS=normal
   JobState=RUNNING Reason=None Dependency=(null)
   Requeue=1 Restarts=0 BatchFlag=1 Reboot=0 ExitCode=0:0
   RunTime=00:00:00 TimeLimit=2-00:00:00 TimeMin=N/A
   SubmitTime=2024-04-13T00:40:49 EligibleTime=2024-04-13T07:35:32
   AccrueTime=2024-04-13T07:35:32
   StartTime=2024-04-13T08:11:57 EndTime=2024-04-15T08:11:57 Deadline=N/A
   SuspendTime=None SecsPreSuspend=0 LastSchedEval=2024-04-13T08:11:57
   Partition=cpu-batch AllocNode:Sid=kudu:1504429
   ReqNodeList=(null) ExcNodeList=(null)
   NodeList=emu-[25,34-36]
   BatchHost=emu-25
   NumNodes=4 NumCPUs=16 NumTasks=8 CPUs/Task=2 ReqB:S:C:T=0:0:*:*
   TRES=cpu=16,mem=240000M,node=4,billing=16
   Socks/Node=* NtasksPerN:B:S:C=2:0:*:* CoreSpec=*
   MinCPUsNode=4 MinMemoryNode=60000M MinTmpDiskNode=0
   Features=(null) DelayBoot=00:00:00
   OverSubscribe=MCS Contiguous=0 Licenses=(null) Network=(null)
   Command=/dcs/20/u2006527/Desktop/project/hpccg-rs/hpc-multibench/rust-mpiw75u8u2r.sbatch
   WorkDir=/dcs/20/u2006527/Desktop/project/hpccg-rs/hpc-multibench
   StdErr=/dcs/20/u2006527/Desktop/project/hpccg-rs/hpc-multibench/results/mpi/rust-mpi__902176.out
   StdIn=/dev/null
   StdOut=/dcs/20/u2006527/Desktop/project/hpccg-rs/hpc-multibench/results/mpi/rust-mpi__902176.out
   Power=
   NtasksPerTRES:0

=== RUN INSTANTIATION ===
{args: 200 200 200, sbatch_config: {nodes: 4, ntasks-per-node: 2}}

===== BUILD =====
run configuration was pre-built

===== RUN =====
--------------------------------------------------------------------------
WARNING: There is at least non-excluded one OpenFabrics device found,
but there are no active ports detected (or Open MPI was unable to use
them).  This is most certainly not what you wanted.  Check your
cables, subnet manager configuration, etc.  The openib BTL will be
ignored for this job.

  Local host: emu-36
--------------------------------------------------------------------------
Initial Residual = +1.41101e4
[emu-25:348331] 7 more processes have sent help message help-mpi-btl-openib.txt / no active ports found
[emu-25:348331] Set MCA parameter "orte_base_help_aggregate" to 0 to see all help / error messages
Iteration = 15 , Residual = +1.89544e2
Iteration = 30 , Residual = +1.28704e0
Iteration = 45 , Residual = +8.77086e-3
Iteration = 60 , Residual = +5.94487e-5
Iteration = 75 , Residual = +3.98231e-7
Iteration = 90 , Residual = +2.57307e-9
Iteration = 105 , Residual = +1.28443e-11
Iteration = 120 , Residual = +7.01601e-14
Iteration = 135 , Residual = +4.90883e-16
Iteration = 149 , Residual = +4.53471e-18
Mini-Application Name: hpccg
Mini-Application Version: 1.0
Parallelism:
  Number of MPI ranks: 8
  Rayon disabled
Dimensions:
  nx: 200
  ny: 200
  nz: 200
Number of iterations: 149
Final residual: 4.53471e-18
#********** Performance Summary (times in sec) ***********
Time Summary:
  Total: 50.5990
  DDOT: 3.9350
  WAXPBY: 6.2119
  SPARSEMV: 40.3753
FLOPS Summary:
  Total: 610304000000
  DDOT: 38144000000
  WAXPBY: 57216000000
  SPARSEMV: 514944000000
MFLOPS Summary:
  Total: 12061.5753
  DDOT: 9693.6035
  WAXPBY: 9210.7455
  SPARSEMV: 12753.9520
DDOT Timing Variations:
  Min DDOT MPI_Allreduce time: 0.2396
  Max DDOT MPI_Allreduce time: 1.0894
  Avg DDOT MPI_Allreduce time: 5.0208
SPARSEMV OVERHEADS:
  SPARSEMV MFLOPS W OVERHEAD: 5576.5796
  SPARSEMV PARALLEL OVERHEAD Time: 51.9652
  SPARSEMV PARALLEL OVERHEAD Pct: 56.2757
  SPARSEMV PARALLEL OVERHEAD Setup Time: 0.4727
  SPARSEMV PARALLEL OVERHEAD Setup Pct: 0.5120
  SPARSEMV PARALLEL OVERHEAD Bdry Exch Time: 51.4925
  SPARSEMV PARALLEL OVERHEAD Bdry Exch Pct: 55.7637
Difference between computed and exact = 3.44169e-15.
real 61.63
user 103.45
sys 18.74
