===== CONFIGURATION =====
=== MODULE LOADS ===
Loading cs402-mpi
  Loading requirement: gcc9
=== ENVIRONMENT VARIABLES ===
OMP_NUM_THREADS=32
RAYON_NUM_THREADS=32
=== CPU ARCHITECTURE ===
Architecture:        x86_64
CPU op-mode(s):      32-bit, 64-bit
Byte Order:          Little Endian
CPU(s):              40
On-line CPU(s) list: 0-39
Thread(s) per core:  2
Core(s) per socket:  10
Socket(s):           2
NUMA node(s):        2
Vendor ID:           GenuineIntel
CPU family:          6
Model:               63
Model name:          Intel(R) Xeon(R) CPU E5-2660 v3 @ 2.60GHz
Stepping:            2
CPU MHz:             2992.934
CPU max MHz:         3300.0000
CPU min MHz:         1200.0000
BogoMIPS:            5200.30
Virtualization:      VT-x
L1d cache:           32K
L1i cache:           32K
L2 cache:            256K
L3 cache:            25600K
NUMA node0 CPU(s):   0-9,20-29
NUMA node1 CPU(s):   10-19,30-39
Flags:               fpu vme de pse tsc msr pae mce cx8 apic sep mtrr pge mca cmov pat pse36 clflush dts acpi mmx fxsr sse sse2 ss ht tm pbe syscall nx pdpe1gb rdtscp lm constant_tsc arch_perfmon pebs bts rep_good nopl xtopology nonstop_tsc cpuid aperfmperf pni pclmulqdq dtes64 monitor ds_cpl vmx smx est tm2 ssse3 sdbg fma cx16 xtpr pdcm pcid dca sse4_1 sse4_2 x2apic movbe popcnt tsc_deadline_timer aes xsave avx f16c rdrand lahf_lm abm cpuid_fault epb invpcid_single pti intel_ppin ssbd ibrs ibpb stibp tpr_shadow vnmi flexpriority ept vpid ept_ad fsgsbase tsc_adjust bmi1 avx2 smep bmi2 erms invpcid cqm xsaveopt cqm_llc cqm_occup_llc dtherm ida arat pln pts md_clear flush_l1d
=== SLURM CONFIG ===
JobId=911546 JobName=cpp-kokkos-mpiqymxafdk.sbatch
   UserId=u2006527(38259) GroupId=dcsugrad(301) MCS_label=N/A
   Priority=4294684024 Nice=0 Account=ug QOS=normal
   JobState=RUNNING Reason=None Dependency=(null)
   Requeue=1 Restarts=0 BatchFlag=1 Reboot=0 ExitCode=0:0
   RunTime=00:00:00 TimeLimit=2-00:00:00 TimeMin=N/A
   SubmitTime=2024-04-15T13:27:50 EligibleTime=2024-04-15T13:27:50
   AccrueTime=2024-04-15T13:27:50
   StartTime=2024-04-15T16:28:14 EndTime=2024-04-17T16:28:14 Deadline=N/A
   SuspendTime=None SecsPreSuspend=0 LastSchedEval=2024-04-15T16:28:14
   Partition=cpu-batch AllocNode:Sid=kudu:2642434
   ReqNodeList=(null) ExcNodeList=(null)
   NodeList=emu-[37-40]
   BatchHost=emu-37
   NumNodes=4 NumCPUs=128 NumTasks=4 CPUs/Task=32 ReqB:S:C:T=0:0:*:*
   TRES=cpu=128,mem=240000M,node=4,billing=128
   Socks/Node=* NtasksPerN:B:S:C=1:0:*:* CoreSpec=*
   MinCPUsNode=32 MinMemoryNode=60000M MinTmpDiskNode=0
   Features=(null) DelayBoot=00:00:00
   OverSubscribe=MCS Contiguous=0 Licenses=(null) Network=(null)
   Command=/dcs/20/u2006527/Desktop/project/hpccg-rs/hpc-multibench/cpp-kokkos-mpiqymxafdk.sbatch
   WorkDir=/dcs/20/u2006527/Desktop/project/hpccg-rs/hpc-multibench
   StdErr=/dcs/20/u2006527/Desktop/project/hpccg-rs/hpc-multibench/results/cpp-kokkos-rust-hybrid/cpp-kokkos-mpi__911546.out
   StdIn=/dev/null
   StdOut=/dcs/20/u2006527/Desktop/project/hpccg-rs/hpc-multibench/results/cpp-kokkos-rust-hybrid/cpp-kokkos-mpi__911546.out
   Power=
   NtasksPerTRES:0

=== RUN INSTANTIATION ===
{args: 25 25 25, sbatch_config: {nodes: 4, ntasks-per-node: 1, cpus-per-task: 32}, environment_variables: {OMP_NUM_THREADS: 32, RAYON_NUM_THREADS: 32}}

===== BUILD =====
cmake -S . -B build -DCMAKE_EXPORT_COMPILE_COMMANDS=1
-- The CXX compiler identification is GNU 8.5.0
-- Detecting CXX compiler ABI info
-- Detecting CXX compiler ABI info - done
-- Check for working CXX compiler: /usr/bin/g++ - skipped
-- Detecting CXX compile features
-- Detecting CXX compile features - done
-- CMake build type: 
-- Found OpenMP_CXX: -fopenmp (found version "4.5") 
-- Found OpenMP: TRUE (found version "4.5")  
-- Enabled Kokkos devices: OPENMP;SERIAL
-- Found MPI_CXX: /modules/cs402/openmpi-4.0.5/lib/libmpi.so (found version "3.1") 
-- Found MPI: TRUE (found version "3.1")  
-- Run: /modules/cs402/openmpi/bin/mpiexec -n 20  EXECUTABLE  ARGS
-- CXX HPCCG library flags: -g;-O3;-DUSING_KOKKOS;-DUSING_MPI;-ftree-vectorize;-ftree-vectorizer-verbose=2
-- Configuring done (1.7s)
-- Generating done (0.1s)
-- Build files have been written to: /dcs/20/u2006527/Desktop/project/hpccg-rs/0_cpp_versions/6_kokkos_mpi/build
cmake --build build --target test_HPCCG -j 6
gmake[1]: warning: -j6 forced in submake: resetting jobserver mode.
gmake[1]: Entering directory '/dcs/20/u2006527/Desktop/project/hpccg-rs/0_cpp_versions/6_kokkos_mpi/build'
Makefile:35: warning: undefined variable 'VERBOSE'
Makefile:38: warning: undefined variable 'VERBOSE'
gmake[2]: Entering directory '/dcs/20/u2006527/Desktop/project/hpccg-rs/0_cpp_versions/6_kokkos_mpi/build'
CMakeFiles/Makefile2:32: warning: undefined variable 'VERBOSE'
CMakeFiles/Makefile2:35: warning: undefined variable 'VERBOSE'
gmake[3]: Entering directory '/dcs/20/u2006527/Desktop/project/hpccg-rs/0_cpp_versions/6_kokkos_mpi/build'
CMakeFiles/Makefile2:32: warning: undefined variable 'VERBOSE'
CMakeFiles/Makefile2:35: warning: undefined variable 'VERBOSE'
CMakeFiles/Makefile2:101: warning: undefined variable 'COLOR'
gmake[4]: Entering directory '/dcs/20/u2006527/Desktop/project/hpccg-rs/0_cpp_versions/6_kokkos_mpi/build'
src/CMakeFiles/HPCCG.dir/build.make:31: warning: undefined variable 'VERBOSE'
src/CMakeFiles/HPCCG.dir/build.make:34: warning: undefined variable 'VERBOSE'
src/CMakeFiles/HPCCG.dir/build.make:301: warning: undefined variable 'COLOR'
gmake[4]: Leaving directory '/dcs/20/u2006527/Desktop/project/hpccg-rs/0_cpp_versions/6_kokkos_mpi/build'
gmake[4]: Entering directory '/dcs/20/u2006527/Desktop/project/hpccg-rs/0_cpp_versions/6_kokkos_mpi/build'
src/CMakeFiles/HPCCG.dir/build.make:31: warning: undefined variable 'VERBOSE'
src/CMakeFiles/HPCCG.dir/build.make:34: warning: undefined variable 'VERBOSE'
src/CMakeFiles/HPCCG.dir/build.make:75: warning: undefined variable 'COLOR'
src/CMakeFiles/HPCCG.dir/build.make:89: warning: undefined variable 'COLOR'
src/CMakeFiles/HPCCG.dir/build.make:103: warning: undefined variable 'COLOR'
src/CMakeFiles/HPCCG.dir/build.make:117: warning: undefined variable 'COLOR'
src/CMakeFiles/HPCCG.dir/build.make:131: warning: undefined variable 'COLOR'
src/CMakeFiles/HPCCG.dir/build.make:145: warning: undefined variable 'COLOR'
src/CMakeFiles/HPCCG.dir/build.make:159: warning: undefined variable 'COLOR'
[ 31%] Building CXX object src/CMakeFiles/HPCCG.dir/generate_matrix.cpp.o
[ 37%] Building CXX object src/CMakeFiles/HPCCG.dir/compute_residual.cpp.o
[ 37%] Building CXX object src/CMakeFiles/HPCCG.dir/read_HPC_row.cpp.o
[ 37%] Building CXX object src/CMakeFiles/HPCCG.dir/mytimer.cpp.o
[ 37%] Building CXX object src/CMakeFiles/HPCCG.dir/HPC_sparsemv.cpp.o
[ 37%] Building CXX object src/CMakeFiles/HPCCG.dir/dump_matlab_matrix.cpp.o
src/CMakeFiles/HPCCG.dir/build.make:173: warning: undefined variable 'COLOR'
src/CMakeFiles/HPCCG.dir/build.make:187: warning: undefined variable 'COLOR'
[ 43%] Building CXX object src/CMakeFiles/HPCCG.dir/HPCCG.cpp.o
[ 50%] Building CXX object src/CMakeFiles/HPCCG.dir/waxpby.cpp.o
src/CMakeFiles/HPCCG.dir/build.make:201: warning: undefined variable 'COLOR'
[ 56%] Building CXX object src/CMakeFiles/HPCCG.dir/ddot.cpp.o
src/CMakeFiles/HPCCG.dir/build.make:215: warning: undefined variable 'COLOR'
[ 62%] Building CXX object src/CMakeFiles/HPCCG.dir/make_local_matrix.cpp.o
src/CMakeFiles/HPCCG.dir/build.make:229: warning: undefined variable 'COLOR'
[ 68%] Building CXX object src/CMakeFiles/HPCCG.dir/exchange_externals.cpp.o
src/CMakeFiles/HPCCG.dir/build.make:243: warning: undefined variable 'COLOR'
[ 75%] Building CXX object src/CMakeFiles/HPCCG.dir/YAML_Element.cpp.o
[ 81%] Building CXX object src/CMakeFiles/HPCCG.dir/YAML_Doc.cpp.o
src/CMakeFiles/HPCCG.dir/build.make:288: warning: undefined variable 'COLOR'
src/CMakeFiles/HPCCG.dir/build.make:290: warning: undefined variable 'VERBOSE'
[ 87%] Linking CXX static library libHPCCG.a
gmake[4]: Leaving directory '/dcs/20/u2006527/Desktop/project/hpccg-rs/0_cpp_versions/6_kokkos_mpi/build'
[ 87%] Built target HPCCG
CMakeFiles/Makefile2:127: warning: undefined variable 'COLOR'
gmake[4]: Entering directory '/dcs/20/u2006527/Desktop/project/hpccg-rs/0_cpp_versions/6_kokkos_mpi/build'
src/CMakeFiles/test_HPCCG.dir/build.make:31: warning: undefined variable 'VERBOSE'
src/CMakeFiles/test_HPCCG.dir/build.make:34: warning: undefined variable 'VERBOSE'
src/CMakeFiles/test_HPCCG.dir/build.make:115: warning: undefined variable 'COLOR'
gmake[4]: Leaving directory '/dcs/20/u2006527/Desktop/project/hpccg-rs/0_cpp_versions/6_kokkos_mpi/build'
gmake[4]: Entering directory '/dcs/20/u2006527/Desktop/project/hpccg-rs/0_cpp_versions/6_kokkos_mpi/build'
src/CMakeFiles/test_HPCCG.dir/build.make:31: warning: undefined variable 'VERBOSE'
src/CMakeFiles/test_HPCCG.dir/build.make:34: warning: undefined variable 'VERBOSE'
src/CMakeFiles/test_HPCCG.dir/build.make:75: warning: undefined variable 'COLOR'
[ 93%] Building CXX object src/CMakeFiles/test_HPCCG.dir/main.cpp.o
src/CMakeFiles/test_HPCCG.dir/build.make:103: warning: undefined variable 'COLOR'
src/CMakeFiles/test_HPCCG.dir/build.make:104: warning: undefined variable 'VERBOSE'
[100%] Linking CXX executable /dcs/20/u2006527/Desktop/project/hpccg-rs/0_cpp_versions/6_kokkos_mpi/test_HPCCG
gmake[4]: Leaving directory '/dcs/20/u2006527/Desktop/project/hpccg-rs/0_cpp_versions/6_kokkos_mpi/build'
[100%] Built target test_HPCCG
gmake[3]: Leaving directory '/dcs/20/u2006527/Desktop/project/hpccg-rs/0_cpp_versions/6_kokkos_mpi/build'
gmake[2]: Leaving directory '/dcs/20/u2006527/Desktop/project/hpccg-rs/0_cpp_versions/6_kokkos_mpi/build'
gmake[1]: Leaving directory '/dcs/20/u2006527/Desktop/project/hpccg-rs/0_cpp_versions/6_kokkos_mpi/build'

===== RUN =====
Kokkos::OpenMP::initialize WARNING: OMP_PROC_BIND environment variable not set
  In general, for best performance with OpenMP 4.0 or better set OMP_PROC_BIND=spread and OMP_PLACES=threads
  For best performance with OpenMP 3.1 set OMP_PROC_BIND=true
  For unit testing set OMP_PROC_BIND=false

MPI detected: For OpenMP binding to work as intended, MPI ranks must be bound to exclusive CPU sets.

Kokkos::OpenMP::initialize WARNING: OMP_PROC_BIND environment variable not set
  In general, for best performance with OpenMP 4.0 or better set OMP_PROC_BIND=spread and OMP_PLACES=threads
  For best performance with OpenMP 3.1 set OMP_PROC_BIND=true
  For unit testing set OMP_PROC_BIND=false

MPI detected: For OpenMP binding to work as intended, MPI ranks must be bound to exclusive CPU sets.

Kokkos::OpenMP::initialize WARNING: OMP_PROC_BIND environment variable not set
  In general, for best performance with OpenMP 4.0 or better set OMP_PROC_BIND=spread and OMP_PLACES=threads
  For best performance with OpenMP 3.1 set OMP_PROC_BIND=true
  For unit testing set OMP_PROC_BIND=false

MPI detected: For OpenMP binding to work as intended, MPI ranks must be bound to exclusive CPU sets.

Kokkos::OpenMP::initialize WARNING: OMP_PROC_BIND environment variable not set
  In general, for best performance with OpenMP 4.0 or better set OMP_PROC_BIND=spread and OMP_PLACES=threads
  For best performance with OpenMP 3.1 set OMP_PROC_BIND=true
  For unit testing set OMP_PROC_BIND=false

MPI detected: For OpenMP binding to work as intended, MPI ranks must be bound to exclusive CPU sets.

--------------------------------------------------------------------------
WARNING: There is at least non-excluded one OpenFabrics device found,
but there are no active ports detected (or Open MPI was unable to use
them).  This is most certainly not what you wanted.  Check your
cables, subnet manager configuration, etc.  The openib BTL will be
ignored for this job.

  Local host: emu-37
--------------------------------------------------------------------------
Initial Residual = 1099.95
Iteration = 15   Residual = 4.29262
Iteration = 30   Residual = 0.0168513
Iteration = 45   Residual = 4.59945e-05
Iteration = 60   Residual = 4.39274e-08
Iteration = 75   Residual = 1.90363e-11
Iteration = 90   Residual = 8.07896e-15
Iteration = 105   Residual = 9.46249e-19
Iteration = 120   Residual = 2.46667e-22
Iteration = 135   Residual = 1.51745e-25
Iteration = 149   Residual = 1.87222e-28
Mini-Application Name: hpccg
Mini-Application Version: 1.0
Parallelism: 
  Number of MPI ranks: 4
  Number of Kokkos threads: 32
Dimensions: 
  nx: 25
  ny: 25
  nz: 25
Number of iterations: 149
Final residual: 1.87222e-28
#********** Performance Summary (times in sec) ***********: 
Time Summary: 
  Total   : 0.272782
  DDOT    : 0.108995
  WAXPBY  : 0.0742436
  SPARSEMV: 0.0677393
FLOPS Summary: 
  Total   : 5.96e+08
  DDOT    : 3.725e+07
  WAXPBY  : 5.5875e+07
  SPARSEMV: 5.02875e+08
MFLOPS Summary: 
  Total   : 2184.89
  DDOT    : 341.759
  WAXPBY  : 752.59
  SPARSEMV: 7423.68
DDOT Timing Variations: 
  Min DDOT MPI_Allreduce time: 0.0389287
  Max DDOT MPI_Allreduce time: 0.0648467
  Avg DDOT MPI_Allreduce time: 0.0528091
SPARSEMV OVERHEADS: 
  SPARSEMV MFLOPS W OVERHEAD: 4888.45
  SPARSEMV PARALLEL OVERHEAD Time: 0.0351307
  SPARSEMV PARALLEL OVERHEAD Pct: 34.1506
  SPARSEMV PARALLEL OVERHEAD Setup Time: 0.0135754
  SPARSEMV PARALLEL OVERHEAD Setup Pct: 13.1966
  SPARSEMV PARALLEL OVERHEAD Bdry Exch Time: 0.0215553
  SPARSEMV PARALLEL OVERHEAD Bdry Exch Pct: 20.954
[emu-37:39407] 3 more processes have sent help message help-mpi-btl-openib.txt / no active ports found
[emu-37:39407] Set MCA parameter "orte_base_help_aggregate" to 0 to see all help / error messages
real 0.71
user 0.28
sys 0.22
