===== CONFIGURATION =====
=== MODULE LOADS ===
Loading cs402-mpi
  Loading requirement: gcc9
=== ENVIRONMENT VARIABLES ===
OMP_NUM_THREADS=32
RAYON_NUM_THREADS=32
=== CPU ARCHITECTURE ===
Architecture:        x86_64
CPU op-mode(s):      32-bit, 64-bit
Byte Order:          Little Endian
CPU(s):              40
On-line CPU(s) list: 0-39
Thread(s) per core:  2
Core(s) per socket:  10
Socket(s):           2
NUMA node(s):        2
Vendor ID:           GenuineIntel
CPU family:          6
Model:               63
Model name:          Intel(R) Xeon(R) CPU E5-2660 v3 @ 2.60GHz
Stepping:            2
CPU MHz:             3300.000
CPU max MHz:         3300.0000
CPU min MHz:         1200.0000
BogoMIPS:            5200.30
Virtualization:      VT-x
L1d cache:           32K
L1i cache:           32K
L2 cache:            256K
L3 cache:            25600K
NUMA node0 CPU(s):   0-9,20-29
NUMA node1 CPU(s):   10-19,30-39
Flags:               fpu vme de pse tsc msr pae mce cx8 apic sep mtrr pge mca cmov pat pse36 clflush dts acpi mmx fxsr sse sse2 ss ht tm pbe syscall nx pdpe1gb rdtscp lm constant_tsc arch_perfmon pebs bts rep_good nopl xtopology nonstop_tsc cpuid aperfmperf pni pclmulqdq dtes64 monitor ds_cpl vmx smx est tm2 ssse3 sdbg fma cx16 xtpr pdcm pcid dca sse4_1 sse4_2 x2apic movbe popcnt tsc_deadline_timer aes xsave avx f16c rdrand lahf_lm abm cpuid_fault epb invpcid_single pti intel_ppin ssbd ibrs ibpb stibp tpr_shadow vnmi flexpriority ept vpid ept_ad fsgsbase tsc_adjust bmi1 avx2 smep bmi2 erms invpcid cqm xsaveopt cqm_llc cqm_occup_llc dtherm ida arat pln pts md_clear flush_l1d
=== SLURM CONFIG ===
JobId=911488 JobName=cpp-hybridwdtyy_9g.sbatch
   UserId=u2006527(38259) GroupId=dcsugrad(301) MCS_label=N/A
   Priority=4294684082 Nice=0 Account=ug QOS=normal
   JobState=RUNNING Reason=None Dependency=(null)
   Requeue=1 Restarts=0 BatchFlag=1 Reboot=0 ExitCode=0:0
   RunTime=00:00:00 TimeLimit=2-00:00:00 TimeMin=N/A
   SubmitTime=2024-04-15T13:27:47 EligibleTime=2024-04-15T16:05:19
   AccrueTime=2024-04-15T16:05:19
   StartTime=2024-04-15T16:05:21 EndTime=2024-04-17T16:05:21 Deadline=N/A
   SuspendTime=None SecsPreSuspend=0 LastSchedEval=2024-04-15T16:05:21
   Partition=cpu-batch AllocNode:Sid=kudu:2642434
   ReqNodeList=(null) ExcNodeList=(null)
   NodeList=emu-[37-40]
   BatchHost=emu-37
   NumNodes=4 NumCPUs=128 NumTasks=4 CPUs/Task=32 ReqB:S:C:T=0:0:*:*
   TRES=cpu=128,mem=240000M,node=4,billing=128
   Socks/Node=* NtasksPerN:B:S:C=1:0:*:* CoreSpec=*
   MinCPUsNode=32 MinMemoryNode=60000M MinTmpDiskNode=0
   Features=(null) DelayBoot=00:00:00
   OverSubscribe=MCS Contiguous=0 Licenses=(null) Network=(null)
   Command=/dcs/20/u2006527/Desktop/project/hpccg-rs/hpc-multibench/cpp-hybridwdtyy_9g.sbatch
   WorkDir=/dcs/20/u2006527/Desktop/project/hpccg-rs/hpc-multibench
   StdErr=/dcs/20/u2006527/Desktop/project/hpccg-rs/hpc-multibench/results/cpp-kokkos-rust-hybrid/cpp-hybrid__911488.out
   StdIn=/dev/null
   StdOut=/dcs/20/u2006527/Desktop/project/hpccg-rs/hpc-multibench/results/cpp-kokkos-rust-hybrid/cpp-hybrid__911488.out
   Power=
   NtasksPerTRES:0

=== RUN INSTANTIATION ===
{args: 25 25 25, sbatch_config: {nodes: 4, ntasks-per-node: 1, cpus-per-task: 32}, environment_variables: {OMP_NUM_THREADS: 32, RAYON_NUM_THREADS: 32}}

===== BUILD =====
run configuration was pre-built

===== RUN =====
--------------------------------------------------------------------------
WARNING: There is at least non-excluded one OpenFabrics device found,
but there are no active ports detected (or Open MPI was unable to use
them).  This is most certainly not what you wanted.  Check your
cables, subnet manager configuration, etc.  The openib BTL will be
ignored for this job.

  Local host: emu-38
--------------------------------------------------------------------------
Initial Residual = 1099.95
Iteration = 15   Residual = 4.29262
Iteration = 30   Residual = 0.0168513
Iteration = 45   Residual = 4.59945e-05
Iteration = 60   Residual = 4.39274e-08
Iteration = 75   Residual = 1.90363e-11
Iteration = 90   Residual = 8.07896e-15
Iteration = 105   Residual = 9.46249e-19
Iteration = 120   Residual = 2.46669e-22
Iteration = 135   Residual = 1.52293e-25
Iteration = 149   Residual = 1.4047e-28
Mini-Application Name: hpccg
Mini-Application Version: 1.0
Parallelism: 
  Number of MPI ranks: 4
  Number of OpenMP threads: 32
Dimensions: 
  nx: 25
  ny: 25
  nz: 25
Number of iterations: 149
Final residual: 1.4047e-28
#********** Performance Summary (times in sec) ***********: 
Time Summary: 
  Total   : 0.267767
  DDOT    : 0.105756
  WAXPBY  : 0.0735214
  SPARSEMV: 0.0660153
FLOPS Summary: 
  Total   : 5.96e+08
  DDOT    : 3.725e+07
  WAXPBY  : 5.5875e+07
  SPARSEMV: 5.02875e+08
MFLOPS Summary: 
  Total   : 2225.82
  DDOT    : 352.226
  WAXPBY  : 759.983
  SPARSEMV: 7617.56
DDOT Timing Variations: 
  Min DDOT MPI_Allreduce time: 0.0414133
  Max DDOT MPI_Allreduce time: 0.0636957
  Avg DDOT MPI_Allreduce time: 0.052401
SPARSEMV OVERHEADS: 
  SPARSEMV MFLOPS W OVERHEAD: 4970.27
  SPARSEMV PARALLEL OVERHEAD Time: 0.0351613
  SPARSEMV PARALLEL OVERHEAD Pct: 34.7524
  SPARSEMV PARALLEL OVERHEAD Setup Time: 0.0129025
  SPARSEMV PARALLEL OVERHEAD Setup Pct: 12.7525
  SPARSEMV PARALLEL OVERHEAD Bdry Exch Time: 0.0222588
  SPARSEMV PARALLEL OVERHEAD Bdry Exch Pct: 22
[emu-37:34626] 3 more processes have sent help message help-mpi-btl-openib.txt / no active ports found
[emu-37:34626] Set MCA parameter "orte_base_help_aggregate" to 0 to see all help / error messages
real 0.65
user 0.27
sys 0.23
