===== CONFIGURATION =====
=== MODULE LOADS ===
Loading cs402-mpi
  Loading requirement: gcc9
=== ENVIRONMENT VARIABLES ===
OMP_NUM_THREADS=32
RAYON_NUM_THREADS=32
=== CPU ARCHITECTURE ===
Architecture:        x86_64
CPU op-mode(s):      32-bit, 64-bit
Byte Order:          Little Endian
CPU(s):              40
On-line CPU(s) list: 0-39
Thread(s) per core:  2
Core(s) per socket:  10
Socket(s):           2
NUMA node(s):        2
Vendor ID:           GenuineIntel
CPU family:          6
Model:               63
Model name:          Intel(R) Xeon(R) CPU E5-2660 v3 @ 2.60GHz
Stepping:            2
CPU MHz:             3300.000
CPU max MHz:         3300.0000
CPU min MHz:         1200.0000
BogoMIPS:            5200.12
Virtualization:      VT-x
L1d cache:           32K
L1i cache:           32K
L2 cache:            256K
L3 cache:            25600K
NUMA node0 CPU(s):   0-9,20-29
NUMA node1 CPU(s):   10-19,30-39
Flags:               fpu vme de pse tsc msr pae mce cx8 apic sep mtrr pge mca cmov pat pse36 clflush dts acpi mmx fxsr sse sse2 ss ht tm pbe syscall nx pdpe1gb rdtscp lm constant_tsc arch_perfmon pebs bts rep_good nopl xtopology nonstop_tsc cpuid aperfmperf pni pclmulqdq dtes64 monitor ds_cpl vmx smx est tm2 ssse3 sdbg fma cx16 xtpr pdcm pcid dca sse4_1 sse4_2 x2apic movbe popcnt tsc_deadline_timer aes xsave avx f16c rdrand lahf_lm abm cpuid_fault epb invpcid_single pti intel_ppin ssbd ibrs ibpb stibp tpr_shadow vnmi flexpriority ept vpid ept_ad fsgsbase tsc_adjust bmi1 avx2 smep bmi2 erms invpcid cqm xsaveopt cqm_llc cqm_occup_llc dtherm ida arat pln pts md_clear flush_l1d
=== SLURM CONFIG ===
JobId=905364 JobName=cpp-hybridocgfybna.sbatch
   UserId=u2006527(38259) GroupId=dcsugrad(301) MCS_label=N/A
   Priority=4294685917 Nice=0 Account=ug QOS=normal
   JobState=RUNNING Reason=None Dependency=(null)
   Requeue=1 Restarts=0 BatchFlag=1 Reboot=0 ExitCode=0:0
   RunTime=00:00:00 TimeLimit=2-00:00:00 TimeMin=N/A
   SubmitTime=2024-04-13T21:11:12 EligibleTime=2024-04-13T23:21:00
   AccrueTime=2024-04-13T23:21:00
   StartTime=2024-04-13T23:24:18 EndTime=2024-04-15T23:24:18 Deadline=N/A
   SuspendTime=None SecsPreSuspend=0 LastSchedEval=2024-04-13T23:24:18
   Partition=cpu-batch AllocNode:Sid=kudu:1724362
   ReqNodeList=(null) ExcNodeList=(null)
   NodeList=emu-[38-41]
   BatchHost=emu-38
   NumNodes=4 NumCPUs=128 NumTasks=4 CPUs/Task=32 ReqB:S:C:T=0:0:*:*
   TRES=cpu=128,mem=240000M,node=4,billing=128
   Socks/Node=* NtasksPerN:B:S:C=1:0:*:* CoreSpec=*
   MinCPUsNode=32 MinMemoryNode=60000M MinTmpDiskNode=0
   Features=(null) DelayBoot=00:00:00
   OverSubscribe=MCS Contiguous=0 Licenses=(null) Network=(null)
   Command=/dcs/20/u2006527/Desktop/project/hpccg-rs/hpc-multibench/cpp-hybridocgfybna.sbatch
   WorkDir=/dcs/20/u2006527/Desktop/project/hpccg-rs/hpc-multibench
   StdErr=/dcs/20/u2006527/Desktop/project/hpccg-rs/hpc-multibench/results/cpp-kokkos-rust-hybrid/cpp-hybrid__905364.out
   StdIn=/dev/null
   StdOut=/dcs/20/u2006527/Desktop/project/hpccg-rs/hpc-multibench/results/cpp-kokkos-rust-hybrid/cpp-hybrid__905364.out
   Power=
   NtasksPerTRES:0

=== RUN INSTANTIATION ===
{args: 100 100 100, sbatch_config: {nodes: 4, ntasks-per-node: 1, cpus-per-task: 32}, environment_variables: {OMP_NUM_THREADS: 32, RAYON_NUM_THREADS: 32}}

===== BUILD =====
run configuration was pre-built

===== RUN =====
--------------------------------------------------------------------------
WARNING: There is at least non-excluded one OpenFabrics device found,
but there are no active ports detected (or Open MPI was unable to use
them).  This is most certainly not what you wanted.  Check your
cables, subnet manager configuration, etc.  The openib BTL will be
ignored for this job.

  Local host: emu-41
--------------------------------------------------------------------------
Initial Residual = 4685.75
Iteration = 15   Residual = 63.6217
Iteration = 30   Residual = 0.416789
Iteration = 45   Residual = 0.00256321
Iteration = 60   Residual = 1.17629e-05
Iteration = 75   Residual = 7.70559e-08
Iteration = 90   Residual = 4.79079e-10
Iteration = 105   Residual = 3.23644e-12
Iteration = 120   Residual = 1.99887e-14
Iteration = 135   Residual = 1.25928e-16
[emu-38:487175] 3 more processes have sent help message help-mpi-btl-openib.txt / no active ports found
[emu-38:487175] Set MCA parameter "orte_base_help_aggregate" to 0 to see all help / error messages
Iteration = 149   Residual = 1.20695e-18
Mini-Application Name: hpccg
Mini-Application Version: 1.0
Parallelism: 
  Number of MPI ranks: 4
  Number of OpenMP threads: 32
Dimensions: 
  nx: 100
  ny: 100
  nz: 100
Number of iterations: 149
Final residual: 1.20695e-18
#********** Performance Summary (times in sec) ***********: 
Time Summary: 
  Total   : 4.92026
  DDOT    : 0.538339
  WAXPBY  : 0.554678
  SPARSEMV: 3.67386
FLOPS Summary: 
  Total   : 3.8144e+10
  DDOT    : 2.384e+09
  WAXPBY  : 3.576e+09
  SPARSEMV: 3.2184e+10
MFLOPS Summary: 
  Total   : 7752.44
  DDOT    : 4428.44
  WAXPBY  : 6446.98
  SPARSEMV: 8760.26
DDOT Timing Variations: 
  Min DDOT MPI_Allreduce time: 0.128886
  Max DDOT MPI_Allreduce time: 0.361561
  Avg DDOT MPI_Allreduce time: 0.230693
SPARSEMV OVERHEADS: 
  SPARSEMV MFLOPS W OVERHEAD: 8214.45
  SPARSEMV PARALLEL OVERHEAD Time: 0.24411
  SPARSEMV PARALLEL OVERHEAD Pct: 6.23052
  SPARSEMV PARALLEL OVERHEAD Setup Time: 0.0917766
  SPARSEMV PARALLEL OVERHEAD Setup Pct: 2.34245
  SPARSEMV PARALLEL OVERHEAD Bdry Exch Time: 0.152333
  SPARSEMV PARALLEL OVERHEAD Bdry Exch Pct: 3.88806
real 5.59
user 8.39
sys 0.53
