===== CONFIGURATION =====
=== MODULE LOADS ===
Loading cs402-mpi
  Loading requirement: gcc9
=== ENVIRONMENT VARIABLES ===
OMP_NUM_THREADS=32
RAYON_NUM_THREADS=32
=== CPU ARCHITECTURE ===
Architecture:        x86_64
CPU op-mode(s):      32-bit, 64-bit
Byte Order:          Little Endian
CPU(s):              40
On-line CPU(s) list: 0-39
Thread(s) per core:  2
Core(s) per socket:  10
Socket(s):           2
NUMA node(s):        2
Vendor ID:           GenuineIntel
CPU family:          6
Model:               63
Model name:          Intel(R) Xeon(R) CPU E5-2660 v3 @ 2.60GHz
Stepping:            2
CPU MHz:             3300.000
CPU max MHz:         3300.0000
CPU min MHz:         1200.0000
BogoMIPS:            5200.34
Virtualization:      VT-x
L1d cache:           32K
L1i cache:           32K
L2 cache:            256K
L3 cache:            25600K
NUMA node0 CPU(s):   0-9,20-29
NUMA node1 CPU(s):   10-19,30-39
Flags:               fpu vme de pse tsc msr pae mce cx8 apic sep mtrr pge mca cmov pat pse36 clflush dts acpi mmx fxsr sse sse2 ss ht tm pbe syscall nx pdpe1gb rdtscp lm constant_tsc arch_perfmon pebs bts rep_good nopl xtopology nonstop_tsc cpuid aperfmperf pni pclmulqdq dtes64 monitor ds_cpl vmx smx est tm2 ssse3 sdbg fma cx16 xtpr pdcm pcid dca sse4_1 sse4_2 x2apic movbe popcnt tsc_deadline_timer aes xsave avx f16c rdrand lahf_lm abm cpuid_fault epb invpcid_single pti intel_ppin ssbd ibrs ibpb stibp tpr_shadow vnmi flexpriority ept vpid ept_ad fsgsbase tsc_adjust bmi1 avx2 smep bmi2 erms invpcid cqm xsaveopt cqm_llc cqm_occup_llc dtherm ida arat pln pts md_clear flush_l1d
=== SLURM CONFIG ===
JobId=902371 JobName=rust-hybridn68b4bnp.sbatch
   UserId=u2006527(38259) GroupId=dcsugrad(301) MCS_label=N/A
   Priority=4294686887 Nice=0 Account=ug QOS=normal
   JobState=RUNNING Reason=None Dependency=(null)
   Requeue=1 Restarts=0 BatchFlag=1 Reboot=0 ExitCode=0:0
   RunTime=00:00:00 TimeLimit=2-00:00:00 TimeMin=N/A
   SubmitTime=2024-04-13T00:40:54 EligibleTime=2024-04-13T09:11:12
   AccrueTime=2024-04-13T09:11:12
   StartTime=2024-04-13T09:12:40 EndTime=2024-04-15T09:12:40 Deadline=N/A
   SuspendTime=None SecsPreSuspend=0 LastSchedEval=2024-04-13T09:12:40
   Partition=cpu-batch AllocNode:Sid=kudu:1504429
   ReqNodeList=(null) ExcNodeList=(null)
   NodeList=emu-[33-36]
   BatchHost=emu-33
   NumNodes=4 NumCPUs=128 NumTasks=4 CPUs/Task=32 ReqB:S:C:T=0:0:*:*
   TRES=cpu=128,mem=240000M,node=4,billing=128
   Socks/Node=* NtasksPerN:B:S:C=1:0:*:* CoreSpec=*
   MinCPUsNode=32 MinMemoryNode=60000M MinTmpDiskNode=0
   Features=(null) DelayBoot=00:00:00
   OverSubscribe=MCS Contiguous=0 Licenses=(null) Network=(null)
   Command=/dcs/20/u2006527/Desktop/project/hpccg-rs/hpc-multibench/rust-hybridn68b4bnp.sbatch
   WorkDir=/dcs/20/u2006527/Desktop/project/hpccg-rs/hpc-multibench
   StdErr=/dcs/20/u2006527/Desktop/project/hpccg-rs/hpc-multibench/results/cpp-kokkos-rust-hybrid/rust-hybrid__902371.out
   StdIn=/dev/null
   StdOut=/dcs/20/u2006527/Desktop/project/hpccg-rs/hpc-multibench/results/cpp-kokkos-rust-hybrid/rust-hybrid__902371.out
   Power=
   NtasksPerTRES:0

=== RUN INSTANTIATION ===
{args: 25 25 25, sbatch_config: {nodes: 4, ntasks-per-node: 1, cpus-per-task: 32}, environment_variables: {OMP_NUM_THREADS: 32, RAYON_NUM_THREADS: 32}}

===== BUILD =====
run configuration was pre-built

===== RUN =====
--------------------------------------------------------------------------
WARNING: There is at least non-excluded one OpenFabrics device found,
but there are no active ports detected (or Open MPI was unable to use
them).  This is most certainly not what you wanted.  Check your
cables, subnet manager configuration, etc.  The openib BTL will be
ignored for this job.

  Local host: emu-35
--------------------------------------------------------------------------
Initial Residual = +1.09995e3
Iteration = 15 , Residual = +4.29262e0
Iteration = 30 , Residual = +1.68513e-2
Iteration = 45 , Residual = +4.59945e-5
[emu-33:417632] 3 more processes have sent help message help-mpi-btl-openib.txt / no active ports found
[emu-33:417632] Set MCA parameter "orte_base_help_aggregate" to 0 to see all help / error messages
Iteration = 60 , Residual = +4.39274e-8
Iteration = 75 , Residual = +1.90363e-11
Iteration = 90 , Residual = +8.07896e-15
Iteration = 105 , Residual = +9.46249e-19
Iteration = 120 , Residual = +2.46682e-22
Iteration = 135 , Residual = +1.54470e-25
Iteration = 149 , Residual = +1.17535e-28
Mini-Application Name: hpccg
Mini-Application Version: 1.0
Parallelism:
  Number of MPI ranks: 4
  Rayon disabled
Dimensions:
  nx: 25
  ny: 25
  nz: 25
Number of iterations: 149
Final residual: 1.17535e-28
#********** Performance Summary (times in sec) ***********
Time Summary:
  Total: 13.9659
  DDOT: 5.5673
  WAXPBY: 5.7315
  SPARSEMV: 2.3205
FLOPS Summary:
  Total: 596000000
  DDOT: 37250000
  WAXPBY: 55875000
  SPARSEMV: 502875000
MFLOPS Summary:
  Total: 42.6754
  DDOT: 6.6909
  WAXPBY: 9.7488
  SPARSEMV: 216.7113
DDOT Timing Variations:
  Min DDOT MPI_Allreduce time: 1.8620
  Max DDOT MPI_Allreduce time: 2.5723
  Avg DDOT MPI_Allreduce time: 8.5221
SPARSEMV OVERHEADS:
  SPARSEMV MFLOPS W OVERHEAD: 30.9055
  SPARSEMV PARALLEL OVERHEAD Time: 13.9509
  SPARSEMV PARALLEL OVERHEAD Pct: 85.7389
  SPARSEMV PARALLEL OVERHEAD Setup Time: 0.0122
  SPARSEMV PARALLEL OVERHEAD Setup Pct: 0.0752
  SPARSEMV PARALLEL OVERHEAD Bdry Exch Time: 13.9387
  SPARSEMV PARALLEL OVERHEAD Bdry Exch Pct: 85.6637
Difference between computed and exact = 2.66454e-15.
real 14.72
user 14.03
sys 10.00
